#
# A fatal error has been detected by the Java Runtime Environment:
#
#  SIGSEGV (0xb) at pc=0x00007fff8f114f49, pid=1543, tid=12811
#
# JRE version: Java(TM) SE Runtime Environment (8.0_65-b17) (build 1.8.0_65-b17)
# Java VM: Java HotSpot(TM) 64-Bit Server VM (25.65-b01 mixed mode bsd-amd64 compressed oops)
# Problematic frame:
# C  [libsystem_platform.dylib+0x4f49]  _platform_memmove$VARIANT$Haswell+0x29
#
# Failed to write core dump. Core dumps have been disabled. To enable core dumping, try "ulimit -c unlimited" before starting Java again
#
# If you would like to submit a bug report, please visit:
#   http://bugreport.java.com/bugreport/crash.jsp
# The crash happened outside the Java Virtual Machine in native code.
# See problematic frame for where to report the bug.
#

---------------  T H R E A D  ---------------

Current thread (0x00007ffb27627800):  JavaThread "Scanner-0" daemon [_thread_in_native, id=12811, stack(0x00007000009b5000,0x0000700000ab5000)]

siginfo: si_signo: 11 (SIGSEGV), si_code: 1 (SEGV_MAPERR), si_addr: 0x0000000121ad5000

Registers:
RAX=0x00007ffb21360e00, RBX=0x0000000121ad1803, RCX=0x0000000000005c33, RDX=0x00000000000093fa
RSP=0x0000700000ab2e40, RBP=0x0000700000ab2e40, RSI=0x0000000121ad5000, RDI=0x00007ffb213645c7
R8 =0x0000000000000000, R9 =0x0000000000000037, R10=0x00000000cd0ad2ad, R11=0x00007ff9ff88f5c7
R12=0x0000000002014b50, R13=0x0000000003fd0000, R14=0x00007ffb21360e00, R15=0x00000000000093fa
RIP=0x00007fff8f114f49, EFLAGS=0x0000000000010206, ERR=0x0000000000000004
  TRAPNO=0x000000000000000e

Top of Stack: (sp=0x0000700000ab2e40)
0x0000700000ab2e40:   0000700000ab2eb0 000000010a5e43c0
0x0000700000ab2e50:   0000000800ab2ea0 0000000000000000
0x0000700000ab2e60:   00000000000093fa 00007ffb2357b160
0x0000700000ab2e70:   0000000000000000 00007ffb20ebfd00
0x0000700000ab2e80:   00007ffb2357bd60 00007ffb20ebfd00
0x0000700000ab2e90:   00007ffb20ebfde0 00000000000000d0
0x0000700000ab2ea0:   000000009b5f1eae 00007ffb230c32a0
0x0000700000ab2eb0:   0000700000ab2f10 000000010a5e4554
0x0000700000ab2ec0:   0000700000ab2f61 0000700000ab2f60
0x0000700000ab2ed0:   0000003100000000 0000003201627800
0x0000700000ab2ee0:   0000700000ab2f2e 0000700000ab3378
0x0000700000ab2ef0:   0000000000000032 0000700000ab2f2e
0x0000700000ab2f00:   00007ffb20ebfd00 00007ffb276279f8
0x0000700000ab2f10:   0000700000ab3360 000000010a5e334f
0x0000700000ab2f20:   0000000000000000 6f637ffb00000001
0x0000700000ab2f30:   65732f6a676e2f6d 4e2f797469727563
0x0000700000ab2f40:   6e65687475416a67 6e6f697461636974
0x0000700000ab2f50:   696f507972746e45 7373616c632e746e
0x0000700000ab2f60:   0000000000000000 0000000100ab2f18
0x0000700000ab2f70:   00000007c04e9cf8 000000011ecaa1b0
0x0000700000ab2f80:   000000011ecab140 00007ffb2354d430
0x0000700000ab2f90:   00007ffb20e149c0 00007ffb20e149d0
0x0000700000ab2fa0:   00007ffb20e14da8 00000000000003d8
0x0000700000ab2fb0:   0000700000ab3000 00000001098b1bdf
0x0000700000ab2fc0:   000000000aa05014 00007ffb23097270
0x0000700000ab2fd0:   00007ffb23097290 0000000125571868
0x0000700000ab2fe0:   0000700000ab34d0 0000700000ab36f8
0x0000700000ab2ff0:   00007ffb23097270 00000007c05217a0
0x0000700000ab3000:   000000011e483090 00007ffb27627800
0x0000700000ab3010:   000000011e483090 0000700000ab36f8
0x0000700000ab3020:   00000007a31beb50 00000007a31beb88
0x0000700000ab3030:   00000007a31beb68 00000001099c4d0d 

Instructions: (pc=0x00007fff8f114f49)
0x00007fff8f114f29:   f3 48 89 f8 49 39 d3 72 1b 48 83 fa 60 76 2f 48
0x00007fff8f114f39:   81 fa 00 40 00 00 0f 82 bb 00 00 00 48 89 d1 fc
0x00007fff8f114f49:   f3 a4 5d c3 48 39 fe 74 f9 48 01 d6 48 01 d7 48
0x00007fff8f114f59:   83 fa 60 0f 82 5c 01 00 00 e9 79 01 00 00 48 83 

Register to memory mapping:

RAX=0x00007ffb21360e00 is an unknown value
RBX=0x0000000121ad1803 is an unknown value
RCX=0x0000000000005c33 is an unknown value
RDX=0x00000000000093fa is an unknown value
RSP=0x0000700000ab2e40 is pointing into the stack for thread: 0x00007ffb27627800
RBP=0x0000700000ab2e40 is pointing into the stack for thread: 0x00007ffb27627800
RSI=0x0000000121ad5000 is an unknown value
RDI=0x00007ffb213645c7 is an unknown value
R8 =0x0000000000000000 is an unknown value
R9 =0x0000000000000037 is an unknown value
R10=0x00000000cd0ad2ad is an unknown value
R11=0x00007ff9ff88f5c7 is an unknown value
R12=0x0000000002014b50 is an unknown value
R13=0x0000000003fd0000 is an unknown value
R14=0x00007ffb21360e00 is an unknown value
R15=0x00000000000093fa is an unknown value


Stack: [0x00007000009b5000,0x0000700000ab5000],  sp=0x0000700000ab2e40,  free space=1015k
Native frames: (J=compiled Java code, j=interpreted, Vv=VM code, C=native code)
C  [libsystem_platform.dylib+0x4f49]  _platform_memmove$VARIANT$Haswell+0x29
C  [libzip.dylib+0x33c0]  newEntry+0x65b
C  [libzip.dylib+0x3554]  ZIP_GetEntry2+0xd4
C  [libzip.dylib+0x234f]  Java_java_util_zip_ZipFile_getEntry+0xcf
J 113  java.util.zip.ZipFile.getEntry(J[BZ)J (0 bytes) @ 0x000000010a72388e [0x000000010a7237c0+0xce]
J 3265 C2 java.util.zip.ZipFile.getEntry(Ljava/lang/String;)Ljava/util/zip/ZipEntry; (86 bytes) @ 0x000000010affd788 [0x000000010affd400+0x388]
J 5100 C2 sun.net.www.protocol.jar.JarURLConnection.connect()V (147 bytes) @ 0x000000010b3f9310 [0x000000010b3f83a0+0xf70]
J 3246 C1 sun.net.www.protocol.jar.JarURLConnection.getInputStream()Ljava/io/InputStream; (97 bytes) @ 0x000000010aa6420c [0x000000010aa64180+0x8c]
j  java.net.URLClassLoader.getResourceAsStream(Ljava/lang/String;)Ljava/io/InputStream;+18
j  org.springframework.core.io.ClassPathResource.getInputStream()Ljava/io/InputStream;+37
j  org.springframework.core.type.classreading.SimpleMetadataReader.<init>(Lorg/springframework/core/io/Resource;Ljava/lang/ClassLoader;)V+9
j  org.springframework.core.type.classreading.SimpleMetadataReaderFactory.getMetadataReader(Lorg/springframework/core/io/Resource;)Lorg/springframework/core/type/classreading/MetadataReader;+14
j  org.springframework.core.type.classreading.CachingMetadataReaderFactory.getMetadataReader(Lorg/springframework/core/io/Resource;)Lorg/springframework/core/type/classreading/MetadataReader;+40
j  org.springframework.core.type.classreading.SimpleMetadataReaderFactory.getMetadataReader(Ljava/lang/String;)Lorg/springframework/core/type/classreading/MetadataReader;+158
j  org.springframework.context.annotation.ConfigurationClassUtils.checkConfigurationClassCandidate(Lorg/springframework/beans/factory/config/BeanDefinition;Lorg/springframework/core/type/classreading/MetadataReaderFactory;)Z+96
j  org.springframework.context.annotation.ConfigurationClassPostProcessor.processConfigBeanDefinitions(Lorg/springframework/beans/factory/support/BeanDefinitionRegistry;)V+116
j  org.springframework.context.annotation.ConfigurationClassPostProcessor.postProcessBeanDefinitionRegistry(Lorg/springframework/beans/factory/support/BeanDefinitionRegistry;)V+161
j  org.springframework.context.support.PostProcessorRegistrationDelegate.invokeBeanDefinitionRegistryPostProcessors(Ljava/util/Collection;Lorg/springframework/beans/factory/support/BeanDefinitionRegistry;)V+28
j  org.springframework.context.support.PostProcessorRegistrationDelegate.invokeBeanFactoryPostProcessors(Lorg/springframework/beans/factory/config/ConfigurableListableBeanFactory;Ljava/util/List;)V+229
j  org.springframework.context.support.AbstractApplicationContext.invokeBeanFactoryPostProcessors(Lorg/springframework/beans/factory/config/ConfigurableListableBeanFactory;)V+5
j  org.springframework.context.support.AbstractApplicationContext.refresh()V+28
j  org.springframework.web.servlet.FrameworkServlet.configureAndRefreshWebApplicationContext(Lorg/springframework/web/context/ConfigurableWebApplicationContext;)V+180
j  org.springframework.web.servlet.FrameworkServlet.createWebApplicationContext(Lorg/springframework/context/ApplicationContext;)Lorg/springframework/web/context/WebApplicationContext;+172
j  org.springframework.web.servlet.FrameworkServlet.createWebApplicationContext(Lorg/springframework/web/context/WebApplicationContext;)Lorg/springframework/web/context/WebApplicationContext;+2
j  org.springframework.web.servlet.FrameworkServlet.initWebApplicationContext()Lorg/springframework/web/context/WebApplicationContext;+79
j  org.springframework.web.servlet.FrameworkServlet.initServletBean()V+90
j  org.springframework.web.servlet.HttpServletBean.init()V+158
j  javax.servlet.GenericServlet.init(Ljavax/servlet/ServletConfig;)V+6
j  org.eclipse.jetty.servlet.ServletHolder.initServlet()V+150
j  org.eclipse.jetty.servlet.ServletHolder.initialize()V+19
j  org.eclipse.jetty.servlet.ServletHandler.initialize()V+116
j  org.eclipse.jetty.servlet.ServletContextHandler.startContext()V+138
j  org.eclipse.jetty.webapp.WebAppContext.startWebapp()V+1
j  org.eclipse.jetty.maven.plugin.JettyWebAppContext.startWebapp()V+142
j  org.eclipse.jetty.webapp.WebAppContext.startContext()V+13
j  org.eclipse.jetty.server.handler.ContextHandler.doStart()V+134
j  org.eclipse.jetty.webapp.WebAppContext.doStart()V+16
j  org.eclipse.jetty.maven.plugin.JettyWebAppContext.doStart()V+367
j  org.eclipse.jetty.util.component.AbstractLifeCycle.start()V+31
j  org.eclipse.jetty.maven.plugin.JettyRunMojo.restartWebApp(Z)V+272
j  org.eclipse.jetty.maven.plugin.JettyRunMojo$1.filesChanged(Ljava/util/List;)V+25
j  org.eclipse.jetty.util.Scanner.reportBulkChanges(Ljava/util/List;)V+41
j  org.eclipse.jetty.util.Scanner.reportDifferences(Ljava/util/Map;Ljava/util/Map;)V+632
j  org.eclipse.jetty.util.Scanner.scan()V+28
j  org.eclipse.jetty.util.Scanner$1.run()V+4
j  java.util.TimerThread.mainLoop()V+221
j  java.util.TimerThread.run()V+1
v  ~StubRoutines::call_stub
V  [libjvm.dylib+0x2eab02]  JavaCalls::call_helper(JavaValue*, methodHandle*, JavaCallArguments*, Thread*)+0x6ae
V  [libjvm.dylib+0x2eb290]  JavaCalls::call_virtual(JavaValue*, KlassHandle, Symbol*, Symbol*, JavaCallArguments*, Thread*)+0x164
V  [libjvm.dylib+0x2eb43c]  JavaCalls::call_virtual(JavaValue*, Handle, KlassHandle, Symbol*, Symbol*, Thread*)+0x4a
V  [libjvm.dylib+0x345959]  thread_entry(JavaThread*, Thread*)+0x7c
V  [libjvm.dylib+0x5612d3]  JavaThread::thread_main_inner()+0x9b
V  [libjvm.dylib+0x5629ce]  JavaThread::run()+0x1c2
V  [libjvm.dylib+0x48342e]  java_start(Thread*)+0xf6
C  [libsystem_pthread.dylib+0x39b1]  _pthread_body+0x83
C  [libsystem_pthread.dylib+0x392e]  _pthread_body+0x0
C  [libsystem_pthread.dylib+0x1385]  thread_start+0xd
C  0x0000000000000000

Java frames: (J=compiled Java code, j=interpreted, Vv=VM code)
J 113  java.util.zip.ZipFile.getEntry(J[BZ)J (0 bytes) @ 0x000000010a723818 [0x000000010a7237c0+0x58]
J 3265 C2 java.util.zip.ZipFile.getEntry(Ljava/lang/String;)Ljava/util/zip/ZipEntry; (86 bytes) @ 0x000000010affd788 [0x000000010affd400+0x388]
J 5100 C2 sun.net.www.protocol.jar.JarURLConnection.connect()V (147 bytes) @ 0x000000010b3f9310 [0x000000010b3f83a0+0xf70]
J 3246 C1 sun.net.www.protocol.jar.JarURLConnection.getInputStream()Ljava/io/InputStream; (97 bytes) @ 0x000000010aa6420c [0x000000010aa64180+0x8c]
j  java.net.URLClassLoader.getResourceAsStream(Ljava/lang/String;)Ljava/io/InputStream;+18
j  org.springframework.core.io.ClassPathResource.getInputStream()Ljava/io/InputStream;+37
j  org.springframework.core.type.classreading.SimpleMetadataReader.<init>(Lorg/springframework/core/io/Resource;Ljava/lang/ClassLoader;)V+9
j  org.springframework.core.type.classreading.SimpleMetadataReaderFactory.getMetadataReader(Lorg/springframework/core/io/Resource;)Lorg/springframework/core/type/classreading/MetadataReader;+14
j  org.springframework.core.type.classreading.CachingMetadataReaderFactory.getMetadataReader(Lorg/springframework/core/io/Resource;)Lorg/springframework/core/type/classreading/MetadataReader;+40
j  org.springframework.core.type.classreading.SimpleMetadataReaderFactory.getMetadataReader(Ljava/lang/String;)Lorg/springframework/core/type/classreading/MetadataReader;+158
j  org.springframework.context.annotation.ConfigurationClassUtils.checkConfigurationClassCandidate(Lorg/springframework/beans/factory/config/BeanDefinition;Lorg/springframework/core/type/classreading/MetadataReaderFactory;)Z+96
j  org.springframework.context.annotation.ConfigurationClassPostProcessor.processConfigBeanDefinitions(Lorg/springframework/beans/factory/support/BeanDefinitionRegistry;)V+116
j  org.springframework.context.annotation.ConfigurationClassPostProcessor.postProcessBeanDefinitionRegistry(Lorg/springframework/beans/factory/support/BeanDefinitionRegistry;)V+161
j  org.springframework.context.support.PostProcessorRegistrationDelegate.invokeBeanDefinitionRegistryPostProcessors(Ljava/util/Collection;Lorg/springframework/beans/factory/support/BeanDefinitionRegistry;)V+28
j  org.springframework.context.support.PostProcessorRegistrationDelegate.invokeBeanFactoryPostProcessors(Lorg/springframework/beans/factory/config/ConfigurableListableBeanFactory;Ljava/util/List;)V+229
j  org.springframework.context.support.AbstractApplicationContext.invokeBeanFactoryPostProcessors(Lorg/springframework/beans/factory/config/ConfigurableListableBeanFactory;)V+5
j  org.springframework.context.support.AbstractApplicationContext.refresh()V+28
j  org.springframework.web.servlet.FrameworkServlet.configureAndRefreshWebApplicationContext(Lorg/springframework/web/context/ConfigurableWebApplicationContext;)V+180
j  org.springframework.web.servlet.FrameworkServlet.createWebApplicationContext(Lorg/springframework/context/ApplicationContext;)Lorg/springframework/web/context/WebApplicationContext;+172
j  org.springframework.web.servlet.FrameworkServlet.createWebApplicationContext(Lorg/springframework/web/context/WebApplicationContext;)Lorg/springframework/web/context/WebApplicationContext;+2
j  org.springframework.web.servlet.FrameworkServlet.initWebApplicationContext()Lorg/springframework/web/context/WebApplicationContext;+79
j  org.springframework.web.servlet.FrameworkServlet.initServletBean()V+90
j  org.springframework.web.servlet.HttpServletBean.init()V+158
j  javax.servlet.GenericServlet.init(Ljavax/servlet/ServletConfig;)V+6
j  org.eclipse.jetty.servlet.ServletHolder.initServlet()V+150
j  org.eclipse.jetty.servlet.ServletHolder.initialize()V+19
j  org.eclipse.jetty.servlet.ServletHandler.initialize()V+116
j  org.eclipse.jetty.servlet.ServletContextHandler.startContext()V+138
j  org.eclipse.jetty.webapp.WebAppContext.startWebapp()V+1
j  org.eclipse.jetty.maven.plugin.JettyWebAppContext.startWebapp()V+142
j  org.eclipse.jetty.webapp.WebAppContext.startContext()V+13
j  org.eclipse.jetty.server.handler.ContextHandler.doStart()V+134
j  org.eclipse.jetty.webapp.WebAppContext.doStart()V+16
j  org.eclipse.jetty.maven.plugin.JettyWebAppContext.doStart()V+367
j  org.eclipse.jetty.util.component.AbstractLifeCycle.start()V+31
j  org.eclipse.jetty.maven.plugin.JettyRunMojo.restartWebApp(Z)V+272
j  org.eclipse.jetty.maven.plugin.JettyRunMojo$1.filesChanged(Ljava/util/List;)V+25
j  org.eclipse.jetty.util.Scanner.reportBulkChanges(Ljava/util/List;)V+41
j  org.eclipse.jetty.util.Scanner.reportDifferences(Ljava/util/Map;Ljava/util/Map;)V+632
j  org.eclipse.jetty.util.Scanner.scan()V+28
j  org.eclipse.jetty.util.Scanner$1.run()V+4
j  java.util.TimerThread.mainLoop()V+221
j  java.util.TimerThread.run()V+1
v  ~StubRoutines::call_stub

---------------  P R O C E S S  ---------------

Java Threads: ( => current thread )
  0x00007ffb22e89800 JavaThread "org.eclipse.jetty.server.session.HashSessionManager@5a2fa51fTimer" daemon [_thread_blocked, id=26119, stack(0x0000700001c19000,0x0000700001d19000)]
  0x00007ffb26d8d800 JavaThread "Scheduler-215351125" [_thread_blocked, id=26887, stack(0x0000700001f22000,0x0000700002022000)]
=>0x00007ffb27627800 JavaThread "Scanner-0" daemon [_thread_in_native, id=12811, stack(0x00007000009b5000,0x0000700000ab5000)]
  0x00007ffb2237a000 JavaThread "qtp2096268257-23-acceptor-0@16e34043-ServerConnector@3be4b3e5{HTTP/1.1,[http/1.1]}{0.0.0.0:12306}" [_thread_in_native, id=25603, stack(0x0000700001b16000,0x0000700001c16000)]
  0x00007ffb258ea800 JavaThread "qtp2096268257-22" [_thread_blocked, id=25091, stack(0x0000700001a13000,0x0000700001b13000)]
  0x00007ffb25a2e800 JavaThread "qtp2096268257-21" [_thread_in_native, id=24579, stack(0x0000700001910000,0x0000700001a10000)]
  0x00007ffb22e8f800 JavaThread "qtp2096268257-20" [_thread_blocked, id=24067, stack(0x000070000180d000,0x000070000190d000)]
  0x00007ffb21bec000 JavaThread "qtp2096268257-19" [_thread_blocked, id=23555, stack(0x000070000170a000,0x000070000180a000)]
  0x00007ffb226df000 JavaThread "qtp2096268257-18" [_thread_blocked, id=23043, stack(0x0000700001607000,0x0000700001707000)]
  0x00007ffb23ba2800 JavaThread "qtp2096268257-17" [_thread_blocked, id=22531, stack(0x0000700001504000,0x0000700001604000)]
  0x00007ffb22431000 JavaThread "qtp2096268257-16" [_thread_in_native, id=22023, stack(0x0000700001401000,0x0000700001501000)]
  0x00007ffb22817800 JavaThread "Service Thread" daemon [_thread_blocked, id=20483, stack(0x00007000011d0000,0x00007000012d0000)]
  0x00007ffb21072800 JavaThread "C1 CompilerThread2" daemon [_thread_blocked, id=19971, stack(0x00007000010cd000,0x00007000011cd000)]
  0x00007ffb22816800 JavaThread "C2 CompilerThread1" daemon [_thread_in_native, id=19459, stack(0x0000700000fca000,0x00007000010ca000)]
  0x00007ffb2104b800 JavaThread "C2 CompilerThread0" daemon [_thread_in_native, id=18947, stack(0x0000700000ec7000,0x0000700000fc7000)]
  0x00007ffb2200e800 JavaThread "JDWP Command Reader" daemon [_thread_in_native, id=18435, stack(0x0000700000dc4000,0x0000700000ec4000)]
  0x00007ffb21047000 JavaThread "JDWP Event Helper Thread" daemon [_thread_blocked, id=17923, stack(0x0000700000cc1000,0x0000700000dc1000)]
  0x00007ffb21039000 JavaThread "JDWP Transport Listener: dt_socket" daemon [_thread_blocked, id=17411, stack(0x0000700000bbe000,0x0000700000cbe000)]
  0x00007ffb21818000 JavaThread "Signal Dispatcher" daemon [_thread_blocked, id=16663, stack(0x0000700000abb000,0x0000700000bbb000)]
  0x00007ffb2180f800 JavaThread "Finalizer" daemon [_thread_blocked, id=12291, stack(0x000070000082f000,0x000070000092f000)]
  0x00007ffb2180e800 JavaThread "Reference Handler" daemon [_thread_blocked, id=11779, stack(0x000070000072c000,0x000070000082c000)]
  0x00007ffb22001800 JavaThread "main" [_thread_blocked, id=5891, stack(0x000070000011a000,0x000070000021a000)]

Other Threads:
  0x00007ffb2180c000 VMThread [stack: 0x0000700000629000,0x0000700000729000] [id=11267]
  0x00007ffb2182b000 WatcherThread [stack: 0x00007000012d3000,0x00007000013d3000] [id=20995]

VM state:not at safepoint (normal execution)

VM Mutex/Monitor currently owned by a thread: None

Heap:
 PSYoungGen      total 446464K, used 226657K [0x0000000795580000, 0x00000007b7400000, 0x00000007c0000000)
  eden space 405504K, 55% used [0x0000000795580000,0x00000007a32d8780,0x00000007ae180000)
  from space 40960K, 0% used [0x00000007b0a00000,0x00000007b0a00000,0x00000007b3200000)
  to   space 41472K, 0% used [0x00000007ae180000,0x00000007ae180000,0x00000007b0a00000)
 ParOldGen       total 140288K, used 56758K [0x0000000740000000, 0x0000000748900000, 0x0000000795580000)
  object space 140288K, 40% used [0x0000000740000000,0x000000074376dba0,0x0000000748900000)
 Metaspace       used 44527K, capacity 45114K, committed 45400K, reserved 1089536K
  class space    used 5287K, capacity 5466K, committed 5504K, reserved 1048576K

Card table byte_map: [0x00000001199aa000,0x0000000119dab000] byte_map_base: 0x0000000115faa000

Marking Bits: (ParMarkBitMap*) 0x0000000109edee20
 Begin Bits: [0x000000011a056000, 0x000000011c056000)
 End Bits:   [0x000000011c056000, 0x000000011e056000)

Polling page: 0x0000000108dff000

CodeCache: size=245760Kb used=14923Kb max_used=14952Kb free=230836Kb
 bounds [0x000000010a5ea000, 0x000000010b4da000, 0x00000001195ea000]
 total_blobs=4933 nmethods=4461 adapters=393
 compilation: enabled

Compilation events (10 events):
Event: 228.632 Thread 0x00007ffb21072800 5404       2       org.eclipse.jetty.util.AttributesMap::getAttribute (21 bytes)
Event: 228.633 Thread 0x00007ffb21072800 nmethod 5404 0x000000010afd3ed0 code [0x000000010afd4040, 0x000000010afd4248]
Event: 228.641 Thread 0x00007ffb22816800 nmethod 5101 0x000000010b4c7dd0 code [0x000000010b4c8360, 0x000000010b4cd930]
Event: 228.641 Thread 0x00007ffb22816800 5381       4       com.sun.org.apache.xerces.internal.impl.XMLEntityScanner::scanData (1043 bytes)
Event: 228.643 Thread 0x00007ffb21072800 5406       2       org.springframework.beans.BeanMetadataAttributeAccessor::<init> (5 bytes)
Event: 228.644 Thread 0x00007ffb21072800 nmethod 5406 0x000000010afd3a10 code [0x000000010afd3ba0, 0x000000010afd3da8]
Event: 228.644 Thread 0x00007ffb21072800 5407       2       org.springframework.core.AttributeAccessorSupport::<init> (17 bytes)
Event: 228.644 Thread 0x00007ffb21072800 nmethod 5407 0x000000010b0db0d0 code [0x000000010b0db260, 0x000000010b0db468]
Event: 228.644 Thread 0x00007ffb21072800 5408       1       org.springframework.beans.factory.support.AbstractBeanDefinition::isSynthetic (5 bytes)
Event: 228.644 Thread 0x00007ffb21072800 nmethod 5408 0x000000010b0dae10 code [0x000000010b0daf60, 0x000000010b0db070]

GC Heap History (10 events):
Event: 9.537 GC heap before
{Heap before GC invocations=13 (full 1):
 PSYoungGen      total 233472K, used 104490K [0x0000000795580000, 0x00000007acc80000, 0x00000007c0000000)
  eden space 202240K, 51% used [0x0000000795580000,0x000000079bb8a8c8,0x00000007a1b00000)
  from space 31232K, 0% used [0x00000007a1b00000,0x00000007a1b00000,0x00000007a3980000)
  to   space 30208K, 0% used [0x00000007aaf00000,0x00000007aaf00000,0x00000007acc80000)
 ParOldGen       total 78336K, used 24447K [0x0000000740000000, 0x0000000744c80000, 0x0000000795580000)
  object space 78336K, 31% used [0x0000000740000000,0x00000007417dfec0,0x0000000744c80000)
 Metaspace       used 34660K, capacity 35174K, committed 35416K, reserved 1081344K
  class space    used 4006K, capacity 4150K, committed 4224K, reserved 1048576K
Event: 9.576 GC heap after
Heap after GC invocations=13 (full 1):
 PSYoungGen      total 317952K, used 13635K [0x0000000795580000, 0x00000007abc80000, 0x00000007c0000000)
  eden space 304128K, 0% used [0x0000000795580000,0x0000000795580000,0x00000007a7e80000)
  from space 13824K, 98% used [0x00000007aaf00000,0x00000007abc50d78,0x00000007abc80000)
  to   space 29184K, 0% used [0x00000007a8380000,0x00000007a8380000,0x00000007aa000000)
 ParOldGen       total 78336K, used 24455K [0x0000000740000000, 0x0000000744c80000, 0x0000000795580000)
  object space 78336K, 31% used [0x0000000740000000,0x00000007417e1ec0,0x0000000744c80000)
 Metaspace       used 34660K, capacity 35174K, committed 35416K, reserved 1081344K
  class space    used 4006K, capacity 4150K, committed 4224K, reserved 1048576K
}
Event: 9.576 GC heap before
{Heap before GC invocations=14 (full 2):
 PSYoungGen      total 317952K, used 13635K [0x0000000795580000, 0x00000007abc80000, 0x00000007c0000000)
  eden space 304128K, 0% used [0x0000000795580000,0x0000000795580000,0x00000007a7e80000)
  from space 13824K, 98% used [0x00000007aaf00000,0x00000007abc50d78,0x00000007abc80000)
  to   space 29184K, 0% used [0x00000007a8380000,0x00000007a8380000,0x00000007aa000000)
 ParOldGen       total 78336K, used 24455K [0x0000000740000000, 0x0000000744c80000, 0x0000000795580000)
  object space 78336K, 31% used [0x0000000740000000,0x00000007417e1ec0,0x0000000744c80000)
 Metaspace       used 34660K, capacity 35174K, committed 35416K, reserved 1081344K
  class space    used 4006K, capacity 4150K, committed 4224K, reserved 1048576K
Event: 9.744 GC heap after
Heap after GC invocations=14 (full 2):
 PSYoungGen      total 317952K, used 0K [0x0000000795580000, 0x00000007abc80000, 0x00000007c0000000)
  eden space 304128K, 0% used [0x0000000795580000,0x0000000795580000,0x00000007a7e80000)
  from space 13824K, 0% used [0x00000007aaf00000,0x00000007aaf00000,0x00000007abc80000)
  to   space 29184K, 0% used [0x00000007a8380000,0x00000007a8380000,0x00000007aa000000)
 ParOldGen       total 95744K, used 27698K [0x0000000740000000, 0x0000000745d80000, 0x0000000795580000)
  object space 95744K, 28% used [0x0000000740000000,0x0000000741b0c838,0x0000000745d80000)
 Metaspace       used 34660K, capacity 35174K, committed 35416K, reserved 1081344K
  class space    used 4006K, capacity 4150K, committed 4224K, reserved 1048576K
}
Event: 227.362 GC heap before
{Heap before GC invocations=15 (full 2):
 PSYoungGen      total 317952K, used 304128K [0x0000000795580000, 0x00000007abc80000, 0x00000007c0000000)
  eden space 304128K, 100% used [0x0000000795580000,0x00000007a7e80000,0x00000007a7e80000)
  from space 13824K, 0% used [0x00000007aaf00000,0x00000007aaf00000,0x00000007abc80000)
  to   space 29184K, 0% used [0x00000007a8380000,0x00000007a8380000,0x00000007aa000000)
 ParOldGen       total 95744K, used 27701K [0x0000000740000000, 0x0000000745d80000, 0x0000000795580000)
  object space 95744K, 28% used [0x0000000740000000,0x0000000741b0d478,0x0000000745d80000)
 Metaspace       used 40306K, capacity 40864K, committed 41304K, reserved 1085440K
  class space    used 4726K, capacity 4872K, committed 4992K, reserved 1048576K
Event: 227.425 GC heap after
Heap after GC invocations=15 (full 2):
 PSYoungGen      total 338432K, used 29159K [0x0000000795580000, 0x00000007b3200000, 0x00000007c0000000)
  eden space 309248K, 0% used [0x0000000795580000,0x0000000795580000,0x00000007a8380000)
  from space 29184K, 99% used [0x00000007a8380000,0x00000007a9ff9d50,0x00000007aa000000)
  to   space 40960K, 0% used [0x00000007b0a00000,0x00000007b0a00000,0x00000007b3200000)
 ParOldGen       total 95744K, used 48503K [0x0000000740000000, 0x0000000745d80000, 0x0000000795580000)
  object space 95744K, 50% used [0x0000000740000000,0x0000000742f5dce0,0x0000000745d80000)
 Metaspace       used 40306K, capacity 40864K, committed 41304K, reserved 1085440K
  class space    used 4726K, capacity 4872K, committed 4992K, reserved 1048576K
}
Event: 227.433 GC heap before
{Heap before GC invocations=16 (full 2):
 PSYoungGen      total 338432K, used 33110K [0x0000000795580000, 0x00000007b3200000, 0x00000007c0000000)
  eden space 309248K, 1% used [0x0000000795580000,0x000000079595be90,0x00000007a8380000)
  from space 29184K, 99% used [0x00000007a8380000,0x00000007a9ff9d50,0x00000007aa000000)
  to   space 40960K, 0% used [0x00000007b0a00000,0x00000007b0a00000,0x00000007b3200000)
 ParOldGen       total 95744K, used 48503K [0x0000000740000000, 0x0000000745d80000, 0x0000000795580000)
  object space 95744K, 50% used [0x0000000740000000,0x0000000742f5dce0,0x0000000745d80000)
 Metaspace       used 40306K, capacity 40864K, committed 41304K, reserved 1085440K
  class space    used 4726K, capacity 4872K, committed 4992K, reserved 1048576K
Event: 227.455 GC heap after
Heap after GC invocations=16 (full 2):
 PSYoungGen      total 446464K, used 288K [0x0000000795580000, 0x00000007b7400000, 0x00000007c0000000)
  eden space 405504K, 0% used [0x0000000795580000,0x0000000795580000,0x00000007ae180000)
  from space 40960K, 0% used [0x00000007b0a00000,0x00000007b0a48000,0x00000007b3200000)
  to   space 41472K, 0% used [0x00000007ae180000,0x00000007ae180000,0x00000007b0a00000)
 ParOldGen       total 95744K, used 78550K [0x0000000740000000, 0x0000000745d80000, 0x0000000795580000)
  object space 95744K, 82% used [0x0000000740000000,0x0000000744cb5970,0x0000000745d80000)
 Metaspace       used 40306K, capacity 40864K, committed 41304K, reserved 1085440K
  class space    used 4726K, capacity 4872K, committed 4992K, reserved 1048576K
}
Event: 227.455 GC heap before
{Heap before GC invocations=17 (full 3):
 PSYoungGen      total 446464K, used 288K [0x0000000795580000, 0x00000007b7400000, 0x00000007c0000000)
  eden space 405504K, 0% used [0x0000000795580000,0x0000000795580000,0x00000007ae180000)
  from space 40960K, 0% used [0x00000007b0a00000,0x00000007b0a48000,0x00000007b3200000)
  to   space 41472K, 0% used [0x00000007ae180000,0x00000007ae180000,0x00000007b0a00000)
 ParOldGen       total 95744K, used 78550K [0x0000000740000000, 0x0000000745d80000, 0x0000000795580000)
  object space 95744K, 82% used [0x0000000740000000,0x0000000744cb5970,0x0000000745d80000)
 Metaspace       used 40306K, capacity 40864K, committed 41304K, reserved 1085440K
  class space    used 4726K, capacity 4872K, committed 4992K, reserved 1048576K
Event: 227.590 GC heap after
Heap after GC invocations=17 (full 3):
 PSYoungGen      total 446464K, used 0K [0x0000000795580000, 0x00000007b7400000, 0x00000007c0000000)
  eden space 405504K, 0% used [0x0000000795580000,0x0000000795580000,0x00000007ae180000)
  from space 40960K, 0% used [0x00000007b0a00000,0x00000007b0a00000,0x00000007b3200000)
  to   space 41472K, 0% used [0x00000007ae180000,0x00000007ae180000,0x00000007b0a00000)
 ParOldGen       total 140288K, used 56758K [0x0000000740000000, 0x0000000748900000, 0x0000000795580000)
  object space 140288K, 40% used [0x0000000740000000,0x000000074376dba0,0x0000000748900000)
 Metaspace       used 40306K, capacity 40864K, committed 41304K, reserved 1085440K
  class space    used 4726K, capacity 4872K, committed 4992K, reserved 1048576K
}

Deoptimization events (10 events):
Event: 9.792 Thread 0x00007ffb22001800 Uncommon trap: reason=class_check action=maybe_recompile pc=0x000000010b1bf160 method=java.lang.Throwable.<init>(Ljava/lang/String;Ljava/lang/Throwable;)V @ 24
Event: 9.796 Thread 0x00007ffb22001800 Uncommon trap: reason=class_check action=maybe_recompile pc=0x000000010b1bf160 method=java.lang.Throwable.<init>(Ljava/lang/String;Ljava/lang/Throwable;)V @ 24
Event: 10.282 Thread 0x00007ffb22001800 Uncommon trap: reason=unstable_if action=reinterpret pc=0x000000010a975748 method=java.util.HashMap.putVal(ILjava/lang/Object;Ljava/lang/Object;ZZ)Ljava/lang/Object; @ 162
Event: 10.283 Thread 0x00007ffb22001800 Uncommon trap: reason=unstable_if action=reinterpret pc=0x000000010a723ea4 method=java.util.HashMap.getNode(ILjava/lang/Object;)Ljava/util/HashMap$Node; @ 84
Event: 10.283 Thread 0x00007ffb22001800 Uncommon trap: reason=unstable_if action=reinterpret pc=0x000000010a9784fc method=java.util.HashMap.getNode(ILjava/lang/Object;)Ljava/util/HashMap$Node; @ 84
Event: 226.765 Thread 0x00007ffb27627800 Uncommon trap: reason=unstable_if action=reinterpret pc=0x000000010ad0f0a4 method=java.nio.channels.spi.AbstractInterruptibleChannel.end(Z)V @ 31
Event: 226.805 Thread 0x00007ffb27627800 Uncommon trap: reason=unstable_if action=reinterpret pc=0x000000010af5ef4c method=org.eclipse.jetty.util.resource.JarFileResource.exists()Z @ 4
Event: 228.142 Thread 0x00007ffb27627800 Uncommon trap: reason=unstable_if action=reinterpret pc=0x000000010b104900 method=com.sun.org.apache.xerces.internal.impl.XMLEntityScanner.scanQName(Lcom/sun/org/apache/xerces/internal/xni/QName;)Z @ 69
Event: 228.469 Thread 0x00007ffb27627800 Uncommon trap: reason=bimorphic action=maybe_recompile pc=0x000000010b382c50 method=java.util.AbstractList$Itr.hasNext()Z @ 8
Event: 228.538 Thread 0x00007ffb27627800 Uncommon trap: reason=bimorphic action=maybe_recompile pc=0x000000010a7a3c4c method=java.util.HashMap.putVal(ILjava/lang/Object;Ljava/lang/Object;ZZ)Ljava/lang/Object; @ 253

Internal exceptions (10 events):
Event: 228.312 Thread 0x00007ffb27627800 Exception <a 'java/lang/ClassNotFoundException': javax/servlet/GenericServletBeanInfo> (0x00000007a1a18320) thrown at [/Users/java_re/workspace/8-2-build-macosx-x86_64/jdk8u65/4987/hotspot/src/share/vm/classfile/systemDictionary.cpp, line 210]
Event: 228.312 Thread 0x00007ffb27627800 Exception <a 'java/lang/ClassNotFoundException': java/lang/ObjectBeanInfo> (0x00000007a1a20eb8) thrown at [/Users/java_re/workspace/8-2-build-macosx-x86_64/jdk8u65/4987/hotspot/src/share/vm/classfile/systemDictionary.cpp, line 210]
Event: 228.313 Thread 0x00007ffb27627800 Exception <a 'java/lang/ClassNotFoundException': java/lang/ObjectCustomizer> (0x00000007a1a296a0) thrown at [/Users/java_re/workspace/8-2-build-macosx-x86_64/jdk8u65/4987/hotspot/src/share/vm/classfile/systemDictionary.cpp, line 210]
Event: 228.314 Thread 0x00007ffb27627800 Exception <a 'java/lang/ClassNotFoundException': javax/servlet/GenericServletCustomizer> (0x00000007a1a3ee78) thrown at [/Users/java_re/workspace/8-2-build-macosx-x86_64/jdk8u65/4987/hotspot/src/share/vm/classfile/systemDictionary.cpp, line 210]
Event: 228.316 Thread 0x00007ffb27627800 Exception <a 'java/lang/ClassNotFoundException': javax/servlet/http/HttpServletCustomizer> (0x00000007a1a59738) thrown at [/Users/java_re/workspace/8-2-build-macosx-x86_64/jdk8u65/4987/hotspot/src/share/vm/classfile/systemDictionary.cpp, line 210]
Event: 228.316 Thread 0x00007ffb27627800 Exception <a 'java/lang/ClassNotFoundException': org/springframework/web/servlet/HttpServletBeanCustomizer> (0x00000007a1a76550) thrown at [/Users/java_re/workspace/8-2-build-macosx-x86_64/jdk8u65/4987/hotspot/src/share/vm/classfile/systemDictionary.cpp, 
Event: 228.317 Thread 0x00007ffb27627800 Exception <a 'java/lang/ClassNotFoundException': org/springframework/web/servlet/FrameworkServletCustomizer> (0x00000007a1a9a7a8) thrown at [/Users/java_re/workspace/8-2-build-macosx-x86_64/jdk8u65/4987/hotspot/src/share/vm/classfile/systemDictionary.cpp,
Event: 228.319 Thread 0x00007ffb27627800 Exception <a 'java/lang/ClassNotFoundException': org/springframework/web/servlet/DispatcherServletCustomizer> (0x00000007a1ad3018) thrown at [/Users/java_re/workspace/8-2-build-macosx-x86_64/jdk8u65/4987/hotspot/src/share/vm/classfile/systemDictionary.cpp
Event: 228.580 Thread 0x00007ffb27627800 Exception <a 'java/security/PrivilegedActionException'> (0x00000007a2c3d9b0) thrown at [/Users/java_re/workspace/8-2-build-macosx-x86_64/jdk8u65/4987/hotspot/src/share/vm/prims/jvm.cpp, line 1386]
Event: 228.580 Thread 0x00007ffb27627800 Exception <a 'java/security/PrivilegedActionException'> (0x00000007a2c3dda8) thrown at [/Users/java_re/workspace/8-2-build-macosx-x86_64/jdk8u65/4987/hotspot/src/share/vm/prims/jvm.cpp, line 1386]

Events (10 events):
Event: 228.615 Thread 0x00007ffb27627800 DEOPT PACKING pc=0x000000010a77ab81 sp=0x0000700000ab2aa0
Event: 228.615 Thread 0x00007ffb27627800 DEOPT UNPACKING pc=0x000000010a631633 sp=0x0000700000ab2828 mode 1
Event: 228.616 Thread 0x00007ffb27627800 DEOPT PACKING pc=0x000000010aafc88e sp=0x0000700000ab2a50
Event: 228.616 Thread 0x00007ffb27627800 DEOPT UNPACKING pc=0x000000010a631633 sp=0x0000700000ab2788 mode 1
Event: 228.616 Thread 0x00007ffb27627800 DEOPT PACKING pc=0x000000010a73652c sp=0x0000700000ab2ab0
Event: 228.616 Thread 0x00007ffb27627800 DEOPT UNPACKING pc=0x000000010a631633 sp=0x0000700000ab27f0 mode 1
Event: 228.616 Thread 0x00007ffb27627800 DEOPT PACKING pc=0x000000010aafc88e sp=0x0000700000ab3310
Event: 228.616 Thread 0x00007ffb27627800 DEOPT UNPACKING pc=0x000000010a631633 sp=0x0000700000ab3048 mode 1
Event: 228.616 Thread 0x00007ffb27627800 DEOPT PACKING pc=0x000000010a73656c sp=0x0000700000ab3370
Event: 228.616 Thread 0x00007ffb27627800 DEOPT UNPACKING pc=0x000000010a631633 sp=0x0000700000ab30b0 mode 1


Dynamic libraries:
0x000000000011b000 	/System/Library/Frameworks/Cocoa.framework/Versions/A/Cocoa
0x000000000011b000 	/System/Library/Frameworks/Security.framework/Versions/A/Security
0x000000000011b000 	/System/Library/Frameworks/ApplicationServices.framework/Versions/A/ApplicationServices
0x000000000011b000 	/usr/lib/libz.1.dylib
0x000000000011b000 	/usr/lib/libSystem.B.dylib
0x000000000011b000 	/usr/lib/libobjc.A.dylib
0x000000000011b000 	/System/Library/Frameworks/CoreFoundation.framework/Versions/A/CoreFoundation
0x000000000011b000 	/System/Library/Frameworks/Foundation.framework/Versions/C/Foundation
0x000000000011b000 	/System/Library/Frameworks/AppKit.framework/Versions/C/AppKit
0x000000000011b000 	/System/Library/Frameworks/CoreData.framework/Versions/A/CoreData
0x000000000011b000 	/System/Library/PrivateFrameworks/RemoteViewServices.framework/Versions/A/RemoteViewServices
0x000000000011b000 	/System/Library/PrivateFrameworks/UIFoundation.framework/Versions/A/UIFoundation
0x000000000011b000 	/usr/lib/libScreenReader.dylib
0x000000000011b000 	/System/Library/Frameworks/Accelerate.framework/Versions/A/Accelerate
0x000000000011b000 	/System/Library/Frameworks/IOSurface.framework/Versions/A/IOSurface
0x000000000011b000 	/System/Library/Frameworks/AudioToolbox.framework/Versions/A/AudioToolbox
0x000000000011b000 	/System/Library/Frameworks/AudioUnit.framework/Versions/A/AudioUnit
0x000000000011b000 	/System/Library/PrivateFrameworks/DataDetectorsCore.framework/Versions/A/DataDetectorsCore
0x000000000011b000 	/System/Library/PrivateFrameworks/DesktopServicesPriv.framework/Versions/A/DesktopServicesPriv
0x000000000011b000 	/System/Library/Frameworks/Carbon.framework/Versions/A/Frameworks/HIToolbox.framework/Versions/A/HIToolbox
0x000000000011b000 	/System/Library/Frameworks/QuartzCore.framework/Versions/A/QuartzCore
0x000000000011b000 	/System/Library/Frameworks/Carbon.framework/Versions/A/Frameworks/SpeechRecognition.framework/Versions/A/SpeechRecognition
0x000000000011b000 	/usr/lib/libauto.dylib
0x000000000011b000 	/usr/lib/libicucore.A.dylib
0x000000000011b000 	/usr/lib/libxml2.2.dylib
0x000000000011b000 	/System/Library/PrivateFrameworks/CoreUI.framework/Versions/A/CoreUI
0x000000000011b000 	/System/Library/Frameworks/CoreAudio.framework/Versions/A/CoreAudio
0x000000000011b000 	/System/Library/Frameworks/DiskArbitration.framework/Versions/A/DiskArbitration
0x000000000011b000 	/usr/lib/liblangid.dylib
0x000000000011b000 	/System/Library/PrivateFrameworks/MultitouchSupport.framework/Versions/A/MultitouchSupport
0x000000000011b000 	/System/Library/Frameworks/IOKit.framework/Versions/A/IOKit
0x000000000011b000 	/usr/lib/libDiagnosticMessagesClient.dylib
0x000000000011b000 	/System/Library/Frameworks/CoreServices.framework/Versions/A/CoreServices
0x000000000011b000 	/System/Library/PrivateFrameworks/PerformanceAnalysis.framework/Versions/A/PerformanceAnalysis
0x000000000011b000 	/System/Library/PrivateFrameworks/GenerationalStorage.framework/Versions/A/GenerationalStorage
0x000000000011b000 	/System/Library/Frameworks/OpenGL.framework/Versions/A/OpenGL
0x000000000011b000 	/System/Library/PrivateFrameworks/Sharing.framework/Versions/A/Sharing
0x000000000011b000 	/System/Library/Frameworks/CoreGraphics.framework/Versions/A/CoreGraphics
0x000000000011b000 	/System/Library/Frameworks/CoreImage.framework/Versions/A/CoreImage
0x000000000011b000 	/System/Library/Frameworks/CoreText.framework/Versions/A/CoreText
0x000000000011b000 	/System/Library/Frameworks/ImageIO.framework/Versions/A/ImageIO
0x000000000011b000 	/System/Library/PrivateFrameworks/Backup.framework/Versions/A/Backup
0x000000000011b000 	/usr/lib/libextension.dylib
0x000000000011b000 	/usr/lib/libarchive.2.dylib
0x000000000011b000 	/System/Library/Frameworks/CFNetwork.framework/Versions/A/CFNetwork
0x000000000011b000 	/System/Library/Frameworks/SystemConfiguration.framework/Versions/A/SystemConfiguration
0x000000000011b000 	/usr/lib/libCRFSuite.dylib
0x000000000011b000 	/usr/lib/libc++.1.dylib
0x000000000011b000 	/usr/lib/libc++abi.dylib
0x000000000011b000 	/usr/lib/system/libcache.dylib
0x000000000011b000 	/usr/lib/system/libcommonCrypto.dylib
0x000000000011b000 	/usr/lib/system/libcompiler_rt.dylib
0x000000000011b000 	/usr/lib/system/libcopyfile.dylib
0x000000000011b000 	/usr/lib/system/libcorecrypto.dylib
0x000000000011b000 	/usr/lib/system/libdispatch.dylib
0x000000000011b000 	/usr/lib/system/libdyld.dylib
0x000000000011b000 	/usr/lib/system/libkeymgr.dylib
0x000000000011b000 	/usr/lib/system/liblaunch.dylib
0x000000000011b000 	/usr/lib/system/libmacho.dylib
0x000000000011b000 	/usr/lib/system/libquarantine.dylib
0x000000000011b000 	/usr/lib/system/libremovefile.dylib
0x000000000011b000 	/usr/lib/system/libsystem_asl.dylib
0x000000000011b000 	/usr/lib/system/libsystem_blocks.dylib
0x000000000011b000 	/usr/lib/system/libsystem_c.dylib
0x000000000011b000 	/usr/lib/system/libsystem_configuration.dylib
0x000000000011b000 	/usr/lib/system/libsystem_coreservices.dylib
0x000000000011b000 	/usr/lib/system/libsystem_coretls.dylib
0x000000000011b000 	/usr/lib/system/libsystem_dnssd.dylib
0x000000000011b000 	/usr/lib/system/libsystem_info.dylib
0x000000000011b000 	/usr/lib/system/libsystem_kernel.dylib
0x000000000011b000 	/usr/lib/system/libsystem_m.dylib
0x000000000011b000 	/usr/lib/system/libsystem_malloc.dylib
0x000000000011b000 	/usr/lib/system/libsystem_network.dylib
0x000000000011b000 	/usr/lib/system/libsystem_networkextension.dylib
0x000000000011b000 	/usr/lib/system/libsystem_notify.dylib
0x000000000011b000 	/usr/lib/system/libsystem_platform.dylib
0x000000000011b000 	/usr/lib/system/libsystem_pthread.dylib
0x000000000011b000 	/usr/lib/system/libsystem_sandbox.dylib
0x000000000011b000 	/usr/lib/system/libsystem_secinit.dylib
0x000000000011b000 	/usr/lib/system/libsystem_trace.dylib
0x000000000011b000 	/usr/lib/system/libunc.dylib
0x000000000011b000 	/usr/lib/system/libunwind.dylib
0x000000000011b000 	/usr/lib/system/libxpc.dylib
0x000000000011b000 	/usr/lib/libenergytrace.dylib
0x000000000011b000 	/usr/lib/libbsm.0.dylib
0x000000000011b000 	/usr/lib/system/libkxld.dylib
0x000000000011b000 	/usr/lib/libxar.1.dylib
0x000000000011b000 	/usr/lib/libsqlite3.dylib
0x000000000011b000 	/usr/lib/libpam.2.dylib
0x000000000011b000 	/usr/lib/libOpenScriptingUtil.dylib
0x000000000011b000 	/usr/lib/libbz2.1.0.dylib
0x000000000011b000 	/usr/lib/liblzma.5.dylib
0x000000000011b000 	/System/Library/Frameworks/CoreServices.framework/Versions/A/Frameworks/FSEvents.framework/Versions/A/FSEvents
0x000000000011b000 	/System/Library/Frameworks/CoreServices.framework/Versions/A/Frameworks/CarbonCore.framework/Versions/A/CarbonCore
0x000000000011b000 	/System/Library/Frameworks/CoreServices.framework/Versions/A/Frameworks/Metadata.framework/Versions/A/Metadata
0x000000000011b000 	/System/Library/Frameworks/CoreServices.framework/Versions/A/Frameworks/OSServices.framework/Versions/A/OSServices
0x000000000011b000 	/System/Library/Frameworks/CoreServices.framework/Versions/A/Frameworks/SearchKit.framework/Versions/A/SearchKit
0x000000000011b000 	/System/Library/Frameworks/CoreServices.framework/Versions/A/Frameworks/AE.framework/Versions/A/AE
0x000000000011b000 	/System/Library/Frameworks/CoreServices.framework/Versions/A/Frameworks/LaunchServices.framework/Versions/A/LaunchServices
0x000000000011b000 	/System/Library/Frameworks/CoreServices.framework/Versions/A/Frameworks/DictionaryServices.framework/Versions/A/DictionaryServices
0x000000000011b000 	/System/Library/Frameworks/CoreServices.framework/Versions/A/Frameworks/SharedFileList.framework/Versions/A/SharedFileList
0x000000000011b000 	/System/Library/Frameworks/NetFS.framework/Versions/A/NetFS
0x000000000011b000 	/System/Library/PrivateFrameworks/NetAuth.framework/Versions/A/NetAuth
0x000000000011b000 	/System/Library/PrivateFrameworks/login.framework/Versions/A/Frameworks/loginsupport.framework/Versions/A/loginsupport
0x000000000011b000 	/System/Library/PrivateFrameworks/TCC.framework/Versions/A/TCC
0x000000000011b000 	/usr/lib/libmecabra.dylib
0x000000000011b000 	/System/Library/Frameworks/ApplicationServices.framework/Versions/A/Frameworks/ATS.framework/Versions/A/ATS
0x000000000011b000 	/System/Library/Frameworks/ApplicationServices.framework/Versions/A/Frameworks/ColorSync.framework/Versions/A/ColorSync
0x000000000011b000 	/System/Library/Frameworks/ApplicationServices.framework/Versions/A/Frameworks/HIServices.framework/Versions/A/HIServices
0x000000000011b000 	/System/Library/Frameworks/ApplicationServices.framework/Versions/A/Frameworks/LangAnalysis.framework/Versions/A/LangAnalysis
0x000000000011b000 	/System/Library/Frameworks/ApplicationServices.framework/Versions/A/Frameworks/PrintCore.framework/Versions/A/PrintCore
0x000000000011b000 	/System/Library/Frameworks/ApplicationServices.framework/Versions/A/Frameworks/QD.framework/Versions/A/QD
0x000000000011b000 	/System/Library/Frameworks/ApplicationServices.framework/Versions/A/Frameworks/SpeechSynthesis.framework/Versions/A/SpeechSynthesis
0x000000000011b000 	/System/Library/Frameworks/Metal.framework/Versions/A/Metal
0x000000000011b000 	/System/Library/Frameworks/Accelerate.framework/Versions/A/Frameworks/vImage.framework/Versions/A/vImage
0x000000000011b000 	/System/Library/Frameworks/Accelerate.framework/Versions/A/Frameworks/vecLib.framework/Versions/A/vecLib
0x000000000011b000 	/System/Library/Frameworks/Accelerate.framework/Versions/A/Frameworks/vecLib.framework/Versions/A/libvDSP.dylib
0x000000000011b000 	/System/Library/Frameworks/Accelerate.framework/Versions/A/Frameworks/vecLib.framework/Versions/A/libvMisc.dylib
0x000000000011b000 	/System/Library/Frameworks/Accelerate.framework/Versions/A/Frameworks/vecLib.framework/Versions/A/libLAPACK.dylib
0x000000000011b000 	/System/Library/Frameworks/Accelerate.framework/Versions/A/Frameworks/vecLib.framework/Versions/A/libBLAS.dylib
0x000000000011b000 	/System/Library/Frameworks/Accelerate.framework/Versions/A/Frameworks/vecLib.framework/Versions/A/libLinearAlgebra.dylib
0x000000000011b000 	/System/Library/Frameworks/Accelerate.framework/Versions/A/Frameworks/vecLib.framework/Versions/A/libSparseBLAS.dylib
0x000000000011b000 	/System/Library/PrivateFrameworks/GPUCompiler.framework/libmetal_timestamp.dylib
0x000000000011b000 	/System/Library/Frameworks/OpenGL.framework/Versions/A/Libraries/libCoreFSCache.dylib
0x000000000011b000 	/System/Library/PrivateFrameworks/IOAccelerator.framework/Versions/A/IOAccelerator
0x000000000011b000 	/System/Library/Frameworks/ApplicationServices.framework/Versions/A/Frameworks/ATS.framework/Versions/A/Resources/libFontParser.dylib
0x000000000011b000 	/System/Library/Frameworks/ApplicationServices.framework/Versions/A/Frameworks/ATS.framework/Versions/A/Resources/libFontRegistry.dylib
0x000000000011b000 	/System/Library/PrivateFrameworks/AppleVPA.framework/Versions/A/AppleVPA
0x000000000011b000 	/System/Library/PrivateFrameworks/AppleJPEG.framework/Versions/A/AppleJPEG
0x000000000011b000 	/System/Library/Frameworks/ImageIO.framework/Versions/A/Resources/libJPEG.dylib
0x000000000011b000 	/System/Library/Frameworks/ImageIO.framework/Versions/A/Resources/libTIFF.dylib
0x000000000011b000 	/System/Library/Frameworks/ImageIO.framework/Versions/A/Resources/libPng.dylib
0x000000000011b000 	/System/Library/Frameworks/ImageIO.framework/Versions/A/Resources/libGIF.dylib
0x000000000011b000 	/System/Library/Frameworks/ImageIO.framework/Versions/A/Resources/libJP2.dylib
0x000000000011b000 	/System/Library/Frameworks/ImageIO.framework/Versions/A/Resources/libRadiance.dylib
0x000000000011b000 	/System/Library/Frameworks/CoreVideo.framework/Versions/A/CoreVideo
0x000000000011b000 	/System/Library/Frameworks/OpenGL.framework/Versions/A/Libraries/libGLU.dylib
0x000000000011b000 	/System/Library/Frameworks/OpenGL.framework/Versions/A/Libraries/libGFXShared.dylib
0x000000000011b000 	/System/Library/Frameworks/OpenGL.framework/Versions/A/Libraries/libGL.dylib
0x000000000011b000 	/System/Library/Frameworks/OpenGL.framework/Versions/A/Libraries/libGLImage.dylib
0x000000000011b000 	/System/Library/Frameworks/OpenGL.framework/Versions/A/Libraries/libCVMSPluginSupport.dylib
0x000000000011b000 	/System/Library/Frameworks/OpenGL.framework/Versions/A/Libraries/libCoreVMClient.dylib
0x000000000011b000 	/usr/lib/libcups.2.dylib
0x000000000011b000 	/System/Library/Frameworks/Kerberos.framework/Versions/A/Kerberos
0x000000000011b000 	/System/Library/Frameworks/GSS.framework/Versions/A/GSS
0x000000000011b000 	/usr/lib/libresolv.9.dylib
0x000000000011b000 	/usr/lib/libiconv.2.dylib
0x000000000011b000 	/System/Library/PrivateFrameworks/Heimdal.framework/Versions/A/Heimdal
0x000000000011b000 	/usr/lib/libheimdal-asn1.dylib
0x000000000011b000 	/System/Library/Frameworks/OpenDirectory.framework/Versions/A/OpenDirectory
0x000000000011b000 	/System/Library/PrivateFrameworks/CommonAuth.framework/Versions/A/CommonAuth
0x000000000011b000 	/System/Library/Frameworks/OpenDirectory.framework/Versions/A/Frameworks/CFOpenDirectory.framework/Versions/A/CFOpenDirectory
0x000000000011b000 	/System/Library/Frameworks/SecurityFoundation.framework/Versions/A/SecurityFoundation
0x000000000011b000 	/System/Library/PrivateFrameworks/LanguageModeling.framework/Versions/A/LanguageModeling
0x000000000011b000 	/usr/lib/libmarisa.dylib
0x000000000011b000 	/usr/lib/libChineseTokenizer.dylib
0x000000000011b000 	/usr/lib/libcmph.dylib
0x000000000011b000 	/usr/lib/libcompression.dylib
0x000000000011b000 	/System/Library/Frameworks/ServiceManagement.framework/Versions/A/ServiceManagement
0x000000000011b000 	/usr/lib/libxslt.1.dylib
0x000000000011b000 	/System/Library/Frameworks/Carbon.framework/Versions/A/Frameworks/Ink.framework/Versions/A/Ink
0x000000000011b000 	/usr/lib/libFosl_dynamic.dylib
0x000000000011b000 	/System/Library/PrivateFrameworks/FaceCore.framework/Versions/A/FaceCore
0x000000000011b000 	/System/Library/Frameworks/OpenCL.framework/Versions/A/OpenCL
0x000000000011b000 	/System/Library/PrivateFrameworks/CrashReporterSupport.framework/Versions/A/CrashReporterSupport
0x000000000011b000 	/System/Library/PrivateFrameworks/IconServices.framework/Versions/A/IconServices
0x000000000011b000 	/System/Library/PrivateFrameworks/Apple80211.framework/Versions/A/Apple80211
0x000000000011b000 	/System/Library/Frameworks/CoreWLAN.framework/Versions/A/CoreWLAN
0x000000000011b000 	/System/Library/Frameworks/IOBluetooth.framework/Versions/A/IOBluetooth
0x000000000011b000 	/System/Library/PrivateFrameworks/CoreWiFi.framework/Versions/A/CoreWiFi
0x000000000011b000 	/System/Library/Frameworks/CoreBluetooth.framework/Versions/A/CoreBluetooth
0x000000000011b000 	/System/Library/PrivateFrameworks/ChunkingLibrary.framework/Versions/A/ChunkingLibrary
0x000000000011b000 	/System/Library/PrivateFrameworks/DebugSymbols.framework/Versions/A/DebugSymbols
0x000000000011b000 	/System/Library/PrivateFrameworks/CoreSymbolication.framework/Versions/A/CoreSymbolication
0x000000000011b000 	/System/Library/PrivateFrameworks/Symbolication.framework/Versions/A/Symbolication
0x000000000011b000 	/System/Library/PrivateFrameworks/SpeechRecognitionCore.framework/Versions/A/SpeechRecognitionCore
0x0000000108d74000 	/System/Library/CoreServices/Encodings/libSimplifiedChineseConverter.dylib
0x0000000109600000 	/Library/Java/JavaVirtualMachines/jdk1.8.0_65.jdk/Contents/Home/jre/lib/server/libjvm.dylib
0x000000000011b000 	/usr/lib/libstdc++.6.dylib
0x0000000108dbc000 	/Library/Java/JavaVirtualMachines/jdk1.8.0_65.jdk/Contents/Home/jre/lib/libverify.dylib
0x0000000108dca000 	/Library/Java/JavaVirtualMachines/jdk1.8.0_65.jdk/Contents/Home/jre/lib/libjava.dylib
0x000000010a589000 	/Library/Java/JavaVirtualMachines/jdk1.8.0_65.jdk/Contents/Home/jre/lib/libjdwp.dylib
0x000000010a5d4000 	/Library/Java/JavaVirtualMachines/jdk1.8.0_65.jdk/Contents/Home/jre/lib/libnpt.dylib
0x000000010a5e1000 	/Library/Java/JavaVirtualMachines/jdk1.8.0_65.jdk/Contents/Home/jre/lib/libzip.dylib
0x000000011ff4d000 	/System/Library/Frameworks/JavaVM.framework/Frameworks/JavaRuntimeSupport.framework/JavaRuntimeSupport
0x000000011ff68000 	/System/Library/Frameworks/JavaVM.framework/Versions/A/Frameworks/JavaNativeFoundation.framework/Versions/A/JavaNativeFoundation
0x000000011ff7d000 	/System/Library/Frameworks/JavaVM.framework/Versions/A/JavaVM
0x000000000011b000 	/System/Library/Frameworks/Carbon.framework/Versions/A/Carbon
0x000000011ff8a000 	/System/Library/PrivateFrameworks/JavaLaunching.framework/Versions/A/JavaLaunching
0x000000000011b000 	/System/Library/Frameworks/Carbon.framework/Versions/A/Frameworks/CommonPanels.framework/Versions/A/CommonPanels
0x000000000011b000 	/System/Library/Frameworks/Carbon.framework/Versions/A/Frameworks/Help.framework/Versions/A/Help
0x000000000011b000 	/System/Library/Frameworks/Carbon.framework/Versions/A/Frameworks/ImageCapture.framework/Versions/A/ImageCapture
0x000000000011b000 	/System/Library/Frameworks/Carbon.framework/Versions/A/Frameworks/OpenScripting.framework/Versions/A/OpenScripting
0x000000000011b000 	/System/Library/Frameworks/Carbon.framework/Versions/A/Frameworks/Print.framework/Versions/A/Print
0x000000000011b000 	/System/Library/Frameworks/Carbon.framework/Versions/A/Frameworks/SecurityHI.framework/Versions/A/SecurityHI
0x00000001218ab000 	/Library/Java/JavaVirtualMachines/jdk1.8.0_65.jdk/Contents/Home/jre/lib/libdt_socket.dylib
0x000000012229e000 	/Library/Java/JavaVirtualMachines/jdk1.8.0_65.jdk/Contents/Home/jre/lib/libnet.dylib
0x00000001222b5000 	/Library/Java/JavaVirtualMachines/jdk1.8.0_65.jdk/Contents/Home/jre/lib/libnio.dylib
0x0000000121abb000 	/Library/Java/JavaVirtualMachines/jdk1.8.0_65.jdk/Contents/Home/jre/lib/libmanagement.dylib

VM Arguments:
jvm_args: -agentlib:jdwp=transport=dt_socket,address=127.0.0.1:55885,suspend=y,server=n -Dmaven.home=/Applications/IntelliJ IDEA 14.app/Contents/plugins/maven/lib/maven3 -Dclassworlds.conf=/Applications/IntelliJ IDEA 14.app/Contents/plugins/maven/lib/maven3/bin/m2.conf -Dfile.encoding=UTF-8 
java_command: org.codehaus.classworlds.Launcher -Didea.version=14.1.5 -DskipTests=true jetty:run -Denv=dev
java_class_path (initial): /Applications/IntelliJ IDEA 14.app/Contents/plugins/maven/lib/maven3/boot/plexus-classworlds-2.4.jar:/Applications/IntelliJ IDEA 14.app/Contents/lib/idea_rt.jar
Launcher Type: SUN_STANDARD

Environment Variables:
PATH=/usr/local/bin:/usr/bin:/bin:/usr/sbin:/sbin:/opt/X11/bin
SHELL=/bin/bash
DISPLAY=/private/tmp/com.apple.launchd.uaTSQo2l5F/org.macosforge.xquartz:0

Signal Handlers:
SIGSEGV: [libjvm.dylib+0x5a6d31], sa_mask[0]=11111111011111110111111111111111, sa_flags=SA_ONSTACK|SA_RESTART|SA_SIGINFO
SIGBUS: [libjvm.dylib+0x5a6d31], sa_mask[0]=11111111011111110111111111111111, sa_flags=SA_RESTART|SA_SIGINFO
SIGFPE: [libjvm.dylib+0x480a40], sa_mask[0]=11111111011111110111111111111111, sa_flags=SA_RESTART|SA_SIGINFO
SIGPIPE: [libjvm.dylib+0x480a40], sa_mask[0]=11111111011111110111111111111111, sa_flags=SA_RESTART|SA_SIGINFO
SIGXFSZ: [libjvm.dylib+0x480a40], sa_mask[0]=11111111011111110111111111111111, sa_flags=SA_RESTART|SA_SIGINFO
SIGILL: [libjvm.dylib+0x480a40], sa_mask[0]=11111111011111110111111111111111, sa_flags=SA_RESTART|SA_SIGINFO
SIGUSR1: SIG_DFL, sa_mask[0]=00000000000000000000000000000000, sa_flags=none
SIGUSR2: [libjvm.dylib+0x48055e], sa_mask[0]=00100000000000000000000000000000, sa_flags=SA_RESTART|SA_SIGINFO
SIGHUP: [libjvm.dylib+0x47eb35], sa_mask[0]=11111111011111110111111111111111, sa_flags=SA_RESTART|SA_SIGINFO
SIGINT: [libjvm.dylib+0x47eb35], sa_mask[0]=11111111011111110111111111111111, sa_flags=SA_RESTART|SA_SIGINFO
SIGTERM: [libjvm.dylib+0x47eb35], sa_mask[0]=11111111011111110111111111111111, sa_flags=SA_RESTART|SA_SIGINFO
SIGQUIT: [libjvm.dylib+0x47eb35], sa_mask[0]=11111111011111110111111111111111, sa_flags=SA_RESTART|SA_SIGINFO


---------------  S Y S T E M  ---------------

OS:Bsduname:Darwin 15.0.0 Darwin Kernel Version 15.0.0: Sat Sep 19 15:53:46 PDT 2015; root:xnu-3247.10.11~1/RELEASE_X86_64 x86_64
rlimit: STACK 8192k, CORE 0k, NPROC 709, NOFILE 10240, AS infinity
load average:4.86 4.44 3.65

CPU:total 4 (2 cores per cpu, 2 threads per core) family 6 model 61 stepping 4, cmov, cx8, fxsr, mmx, sse, sse2, sse3, ssse3, sse4.1, sse4.2, popcnt, avx, avx2, aes, clmul, erms, 3dnowpref, lzcnt, ht, tsc, tscinvbit, bmi1, bmi2, adx

Memory: 4k page, physical 8388608k(403044k free)

/proc/meminfo:


vm_info: Java HotSpot(TM) 64-Bit Server VM (25.65-b01) for bsd-amd64 JRE (1.8.0_65-b17), built on Oct  6 2015 15:36:46 by "java_re" with gcc 4.2.1 (Based on Apple Inc. build 5658) (LLVM build 2336.11.00)

time: Mon Feb 29 18:31:58 2016
elapsed time: 228 seconds (0d 0h 3m 48s)

