#
# A fatal error has been detected by the Java Runtime Environment:
#
#  SIGBUS (0xa) at pc=0x00007fff8d23cfc9, pid=733, tid=26887
#
# JRE version: Java(TM) SE Runtime Environment (7.0_79-b15) (build 1.7.0_79-b15)
# Java VM: Java HotSpot(TM) 64-Bit Server VM (24.79-b02 mixed mode bsd-amd64 compressed oops)
# Problematic frame:
# C  [libsystem_platform.dylib+0x4fc9]  _platform_memmove$VARIANT$Unknown+0x29
#
# Failed to write core dump. Core dumps have been disabled. To enable core dumping, try "ulimit -c unlimited" before starting Java again
#
# If you would like to submit a bug report, please visit:
#   http://bugreport.java.com/bugreport/crash.jsp
# The crash happened outside the Java Virtual Machine in native code.
# See problematic frame for where to report the bug.
#

---------------  T H R E A D  ---------------

Current thread (0x00007f980e5a4800):  JavaThread "Scanner-0" daemon [_thread_in_native, id=26887, stack(0x000000019d89a000,0x000000019d99a000)]

siginfo:si_signo=SIGBUS: si_errno=0, si_code=2 (BUS_ADRERR), si_addr=0x000000019c739000

Registers:
RAX=0x00007f9810e79c00, RBX=0x000000019c737a74, RCX=0x000000000000500b, RDX=0x0000000000006569
RSP=0x000000019d998200, RBP=0x000000019d998200, RSI=0x000000019c739000, RDI=0x00007f9810e7b15e
R8 =0x0000000000000000, R9 =0x000000000000632e, R10=0x00007f980be27fd0, R11=0x00007f967474215e
R12=0x000000006465522f, R13=0x00000000000a0314, R14=0x000000006c437369, R15=0x000000000000746e
RIP=0x00007fff8d23cfc9, EFLAGS=0x0000000000010206, ERR=0x0000000000000004
  TRAPNO=0x000000000000000e

Top of Stack: (sp=0x000000019d998200)
0x000000019d998200:   000000019d998270 000000010b7ff22b
0x000000019d998210:   0000006e14a41f00 0000000000000074
0x000000019d998220:   000000000000632e 00007f9810e79c00
0x000000019d998230:   0000000000006569 00007f98097c99d0
0x000000019d998240:   00007f980be27fd0 0000000030eb84e2
0x000000019d998250:   0000000000000390 00007f980b2d5600
0x000000019d998260:   00007f98097c99d0 00007f980be21fc0
0x000000019d998270:   000000019d9982c0 000000010b7ff725
0x000000019d998280:   0000000000000026 000000260e5a4800
0x000000019d998290:   000000019d9982de 000000019d998728
0x000000019d9982a0:   0000000000000026 000000019d9982de
0x000000019d9982b0:   00007f98097c99d0 00007f980e5a49e8
0x000000019d9982c0:   000000019d998710 000000010b7fe570
0x000000019d9982d0:   000000019d998330 6f63000100000001
0x000000019d9982e0:   61642f6a676e2f6d 656372756f736174
0x000000019d9982f0:   617461446a674e2f 632e656372756f73
0x000000019d998300:   000000007373616c 000000010b0d98d0
0x000000019d998310:   000000019d998360 000000010b0d6e22
0x000000019d998320:   00007f980e5a4800 00007f98094331a0
0x000000019d998330:   e215def09d998a80 00007f980e5a4800
0x000000019d998340:   0000000000000015 0000000198d74fef
0x000000019d998350:   000000019d998420 000000010afb9d20
0x000000019d998360:   00007f9809f5e1b8 0000000198d7a1f0
0x000000019d998370:   0000000000000000 000000000bb0fbf0
0x000000019d998380:   000000019d9983b0 000000010b0d9178
0x000000019d998390:   0000000114a41fb8 000000019d9984a0
0x000000019d9983a0:   0000000066849300 00007f980e5a4800
0x000000019d9983b0:   000000019d998400 0000000100000000
0x000000019d9983c0:   000000010ec29508 00007f0000000061
0x000000019d9983d0:   00007f980e5a4800 00007f980e5a4800
0x000000019d9983e0:   00007f980bb0ff58 00000000000003d8
0x000000019d9983f0:   000000019d998420 0000000198d7a1f0 

Instructions: (pc=0x00007fff8d23cfc9)
0x00007fff8d23cfa9:   f3 48 89 f8 49 39 d3 72 1b 48 83 fa 60 76 2f 48
0x00007fff8d23cfb9:   81 fa 00 40 00 00 0f 82 bb 00 00 00 48 89 d1 fc
0x00007fff8d23cfc9:   f3 a4 5d c3 48 39 fe 74 f9 48 01 d6 48 01 d7 48
0x00007fff8d23cfd9:   83 fa 60 0f 82 5c 01 00 00 e9 79 01 00 00 48 83 

Register to memory mapping:

RAX=0x00007f9810e79c00 is an unknown value
RBX=0x000000019c737a74 is an unknown value
RCX=0x000000000000500b is an unknown value
RDX=0x0000000000006569 is an unknown value
RSP=0x000000019d998200 is pointing into the stack for thread: 0x00007f980e5a4800
RBP=0x000000019d998200 is pointing into the stack for thread: 0x00007f980e5a4800
RSI=0x000000019c739000 is an unknown value
RDI=0x00007f9810e7b15e is an unknown value
R8 =0x0000000000000000 is an unknown value
R9 =0x000000000000632e is an unknown value
R10=0x00007f980be27fd0 is an unknown value
R11=0x00007f967474215e is an unknown value
R12=0x000000006465522f is an unknown value
R13=0x00000000000a0314 is an unknown value
R14=0x000000006c437369 is an unknown value
R15=0x000000000000746e is an unknown value


Stack: [0x000000019d89a000,0x000000019d99a000],  sp=0x000000019d998200,  free space=1016k
Native frames: (J=compiled Java code, j=interpreted, Vv=VM code, C=native code)
C  [libsystem_platform.dylib+0x4fc9]  _platform_memmove$VARIANT$Unknown+0x29
C  [libzip.dylib+0x322b]  newEntry+0x2c8
C  [libzip.dylib+0x3725]  ZIP_GetEntry+0xa2
C  [libzip.dylib+0x2570]  Java_java_util_zip_ZipFile_getEntry+0xdd
J 33  java.util.zip.ZipFile.getEntry(J[BZ)J (0 bytes) @ 0x000000010b86f98e [0x000000010b86f8c0+0xce]

Java frames: (J=compiled Java code, j=interpreted, Vv=VM code)
J 33  java.util.zip.ZipFile.getEntry(J[BZ)J (0 bytes) @ 0x000000010b86f918 [0x000000010b86f8c0+0x58]
J 814 C2 java.util.zip.ZipFile.getEntry(Ljava/lang/String;)Ljava/util/zip/ZipEntry; (86 bytes) @ 0x000000010b9d1e38 [0x000000010b9d1d60+0xd8]
J 1495 C2 sun.net.www.protocol.jar.JarURLConnection.connect()V (147 bytes) @ 0x000000010bcad4f8 [0x000000010bcad3e0+0x118]
J 998 C2 sun.net.www.protocol.jar.JarURLConnection.getInputStream()Ljava/io/InputStream; (97 bytes) @ 0x000000010baa4214 [0x000000010baa41e0+0x34]
j  java.net.URLClassLoader.getResourceAsStream(Ljava/lang/String;)Ljava/io/InputStream;+18
j  org.springframework.core.io.ClassPathResource.getInputStream()Ljava/io/InputStream;+37
j  org.springframework.core.type.classreading.SimpleMetadataReader.<init>(Lorg/springframework/core/io/Resource;Ljava/lang/ClassLoader;)V+9
j  org.springframework.core.type.classreading.SimpleMetadataReaderFactory.getMetadataReader(Lorg/springframework/core/io/Resource;)Lorg/springframework/core/type/classreading/MetadataReader;+14
j  org.springframework.core.type.classreading.CachingMetadataReaderFactory.getMetadataReader(Lorg/springframework/core/io/Resource;)Lorg/springframework/core/type/classreading/MetadataReader;+40
j  org.springframework.core.type.classreading.SimpleMetadataReaderFactory.getMetadataReader(Ljava/lang/String;)Lorg/springframework/core/type/classreading/MetadataReader;+158
j  org.springframework.context.annotation.ConfigurationClassUtils.checkConfigurationClassCandidate(Lorg/springframework/beans/factory/config/BeanDefinition;Lorg/springframework/core/type/classreading/MetadataReaderFactory;)Z+96
j  org.springframework.context.annotation.ConfigurationClassPostProcessor.processConfigBeanDefinitions(Lorg/springframework/beans/factory/support/BeanDefinitionRegistry;)V+116
j  org.springframework.context.annotation.ConfigurationClassPostProcessor.postProcessBeanDefinitionRegistry(Lorg/springframework/beans/factory/support/BeanDefinitionRegistry;)V+161
j  org.springframework.context.support.PostProcessorRegistrationDelegate.invokeBeanDefinitionRegistryPostProcessors(Ljava/util/Collection;Lorg/springframework/beans/factory/support/BeanDefinitionRegistry;)V+28
j  org.springframework.context.support.PostProcessorRegistrationDelegate.invokeBeanFactoryPostProcessors(Lorg/springframework/beans/factory/config/ConfigurableListableBeanFactory;Ljava/util/List;)V+229
j  org.springframework.context.support.AbstractApplicationContext.invokeBeanFactoryPostProcessors(Lorg/springframework/beans/factory/config/ConfigurableListableBeanFactory;)V+5
j  org.springframework.context.support.AbstractApplicationContext.refresh()V+28
j  org.springframework.web.context.ContextLoader.configureAndRefreshWebApplicationContext(Lorg/springframework/web/context/ConfigurableWebApplicationContext;Ljavax/servlet/ServletContext;)V+135
j  org.springframework.web.context.ContextLoader.initWebApplicationContext(Ljavax/servlet/ServletContext;)Lorg/springframework/web/context/WebApplicationContext;+132
j  org.springframework.web.context.ContextLoaderListener.contextInitialized(Ljavax/servlet/ServletContextEvent;)V+5
j  org.eclipse.jetty.server.handler.ContextHandler.callContextInitialized(Ljavax/servlet/ServletContextListener;Ljavax/servlet/ServletContextEvent;)V+35
j  org.eclipse.jetty.servlet.ServletContextHandler.callContextInitialized(Ljavax/servlet/ServletContextListener;Ljavax/servlet/ServletContextEvent;)V+19
j  org.eclipse.jetty.server.handler.ContextHandler.startContext()V+193
j  org.eclipse.jetty.servlet.ServletContextHandler.startContext()V+124
j  org.eclipse.jetty.webapp.WebAppContext.startWebapp()V+1
j  org.eclipse.jetty.maven.plugin.JettyWebAppContext.startWebapp()V+142
j  org.eclipse.jetty.webapp.WebAppContext.startContext()V+13
j  org.eclipse.jetty.server.handler.ContextHandler.doStart()V+134
j  org.eclipse.jetty.webapp.WebAppContext.doStart()V+16
j  org.eclipse.jetty.maven.plugin.JettyWebAppContext.doStart()V+367
j  org.eclipse.jetty.util.component.AbstractLifeCycle.start()V+31
j  org.eclipse.jetty.maven.plugin.JettyRunMojo.restartWebApp(Z)V+272
j  org.eclipse.jetty.maven.plugin.JettyRunMojo$1.filesChanged(Ljava/util/List;)V+25
j  org.eclipse.jetty.util.Scanner.reportBulkChanges(Ljava/util/List;)V+41
j  org.eclipse.jetty.util.Scanner.reportDifferences(Ljava/util/Map;Ljava/util/Map;)V+632
j  org.eclipse.jetty.util.Scanner.scan()V+28
j  org.eclipse.jetty.util.Scanner$1.run()V+4
j  java.util.TimerThread.mainLoop()V+221
j  java.util.TimerThread.run()V+1
v  ~StubRoutines::call_stub

---------------  P R O C E S S  ---------------

Java Threads: ( => current thread )
  0x00007f9815173000 JavaThread "org.eclipse.jetty.server.session.HashSessionManager@10127658Timer" daemon [_thread_blocked, id=26127, stack(0x000000019daa0000,0x000000019dba0000)]
  0x00007f98104ad000 JavaThread "qtp1677883662-31" [_thread_blocked, id=26375, stack(0x000000019eacb000,0x000000019ebcb000)]
  0x00007f980d3e2000 JavaThread "Scheduler-516766575" [_thread_blocked, id=12043, stack(0x000000019d99d000,0x000000019da9d000)]
=>0x00007f980e5a4800 JavaThread "Scanner-0" daemon [_thread_in_native, id=26887, stack(0x000000019d89a000,0x000000019d99a000)]
  0x00007f980c88f800 JavaThread "qtp1677883662-22" [_thread_blocked, id=24323, stack(0x000000019d329000,0x000000019d429000)]
  0x00007f980c88f000 JavaThread "qtp1677883662-21" [_thread_blocked, id=23811, stack(0x000000019d226000,0x000000019d326000)]
  0x00007f980c8f1000 JavaThread "qtp1677883662-20-acceptor-0@55669cd9-ServerConnector@43c3965c{HTTP/1.1,[http/1.1]}{0.0.0.0:8080}" [_thread_in_native, id=23299, stack(0x000000019d123000,0x000000019d223000)]
  0x00007f980c8f0000 JavaThread "qtp1677883662-19" [_thread_blocked, id=22787, stack(0x000000019d020000,0x000000019d120000)]
  0x00007f980a7af800 JavaThread "qtp1677883662-18" [_thread_in_native, id=22275, stack(0x000000019cf1d000,0x000000019d01d000)]
  0x00007f980d0bd800 JavaThread "qtp1677883662-17" [_thread_blocked, id=21763, stack(0x000000019ce1a000,0x000000019cf1a000)]
  0x00007f980c880800 JavaThread "qtp1677883662-16" [_thread_blocked, id=21251, stack(0x000000019cd17000,0x000000019ce17000)]
  0x00007f980b49c800 JavaThread "qtp1677883662-15" [_thread_in_native, id=20743, stack(0x000000019cb6b000,0x000000019cc6b000)]
  0x00007f980b025800 JavaThread "Service Thread" daemon [_thread_blocked, id=19203, stack(0x000000019c22d000,0x000000019c32d000)]
  0x00007f980b01b800 JavaThread "C2 CompilerThread1" daemon [_thread_in_native, id=18691, stack(0x000000019c12a000,0x000000019c22a000)]
  0x00007f980b017800 JavaThread "C2 CompilerThread0" daemon [_thread_in_native, id=18179, stack(0x000000019c027000,0x000000019c127000)]
  0x00007f9809868800 JavaThread "JDWP Command Reader" daemon [_thread_in_native, id=17667, stack(0x000000019bf24000,0x000000019c024000)]
  0x00007f980a001800 JavaThread "JDWP Event Helper Thread" daemon [_thread_blocked, id=17155, stack(0x000000019be21000,0x000000019bf21000)]
  0x00007f980a000800 JavaThread "JDWP Transport Listener: dt_socket" daemon [_thread_blocked, id=16643, stack(0x000000019bd1e000,0x000000019be1e000)]
  0x00007f9809867800 JavaThread "Signal Dispatcher" daemon [_thread_blocked, id=13331, stack(0x000000019bc15000,0x000000019bd15000)]
  0x00007f9809857000 JavaThread "Finalizer" daemon [_thread_blocked, id=11523, stack(0x000000019a205000,0x000000019a305000)]
  0x00007f9809856000 JavaThread "Reference Handler" daemon [_thread_blocked, id=11011, stack(0x000000019a102000,0x000000019a202000)]
  0x00007f9809812800 JavaThread "main" [_thread_blocked, id=4867, stack(0x000000010b677000,0x000000010b777000)]

Other Threads:
  0x00007f9809853800 VMThread [stack: 0x0000000199fff000,0x000000019a0ff000] [id=10499]
  0x00007f980b033800 WatcherThread [stack: 0x000000019c330000,0x000000019c430000] [id=19715]

VM state:not at safepoint (normal execution)

VM Mutex/Monitor currently owned by a thread: None

Heap
 PSYoungGen      total 493056K, used 325968K [0x0000000169080000, 0x0000000193b80000, 0x0000000193b80000)
  eden space 382976K, 56% used [0x0000000169080000,0x00000001763c2b90,0x0000000180680000)
  from space 110080K, 99% used [0x0000000180680000,0x0000000187191748,0x0000000187200000)
  to   space 167424K, 0% used [0x0000000189800000,0x0000000189800000,0x0000000193b80000)
 ParOldGen       total 282112K, used 167333K [0x0000000113b80000, 0x0000000124f00000, 0x0000000169080000)
  object space 282112K, 59% used [0x0000000113b80000,0x000000011dee97b0,0x0000000124f00000)
 PSPermGen       total 83968K, used 56710K [0x000000010e980000, 0x0000000113b80000, 0x0000000113b80000)
  object space 83968K, 67% used [0x000000010e980000,0x00000001120e1a98,0x0000000113b80000)

Card table byte_map: [0x0000000193b80000,0x0000000193faa000] byte_map_base: 0x000000019330b400

Polling page: 0x000000010a3fb000

Code Cache  [0x000000010b805000, 0x000000010bd15000, 0x000000010e805000)
 total_blobs=1822 nmethods=1382 adapters=401 free_code_cache=44350Kb largest_free_block=45080960

Compilation events (10 events):
Event: 338.407 Thread 0x00007f980b017800 1573             org.springframework.asm.ClassReader::readUnsignedShort (26 bytes)
Event: 338.408 Thread 0x00007f980b017800 nmethod 1573 0x000000010bca31d0 code [0x000000010bca3320, 0x000000010bca3438]
Event: 338.412 Thread 0x00007f980b01b800 1574             org.springframework.asm.ClassReader::readCode (3343 bytes)
Event: 338.420 Thread 0x00007f980b017800 1575             org.springframework.asm.Type::getType (269 bytes)
Event: 338.427 Thread 0x00007f980b017800 nmethod 1575 0x000000010bcf1e10 code [0x000000010bcf20e0, 0x000000010bcf2718]
Event: 338.427 Thread 0x00007f980b017800 1576             org.springframework.asm.ClassReader::readUTF8 (60 bytes)
Event: 338.431 Thread 0x00007f980b017800 nmethod 1576 0x000000010b967750 code [0x000000010b9678c0, 0x000000010b967c28]
Event: 338.435 Thread 0x00007f980b017800 1577             sun.reflect.annotation.AnnotationInvocationHandler::invoke (277 bytes)
Event: 338.512 Thread 0x00007f980b017800 nmethod 1577 0x000000010baaf950 code [0x000000010baafce0, 0x000000010bab2378]
Event: 338.512 Thread 0x00007f980b017800 1578             com.sun.org.apache.xerces.internal.impl.XMLNSDocumentScannerImpl::scanStartElement (1020 bytes)

GC Heap History (10 events):
Event: 332.296 GC heap before
{Heap before GC invocations=18 (full 2):
 PSYoungGen      total 477696K, used 477694K [0x0000000169080000, 0x0000000193b80000, 0x0000000193b80000)
  eden space 387072K, 100% used [0x0000000169080000,0x0000000180a80000,0x0000000180a80000)
  from space 90624K, 99% used [0x0000000180a80000,0x00000001862ffb90,0x0000000186300000)
  to   space 110080K, 0% used [0x000000018d000000,0x000000018d000000,0x0000000193b80000)
 ParOldGen       total 201216K, used 127047K [0x0000000113b80000, 0x0000000120000000, 0x0000000169080000)
  object space 201216K, 63% used [0x0000000113b80000,0x000000011b791f80,0x0000000120000000)
 PSPermGen       total 52736K, used 52662K [0x000000010e980000, 0x0000000111d00000, 0x0000000113b80000)
  object space 52736K, 99% used [0x000000010e980000,0x0000000111ced950,0x0000000111d00000)
Event: 332.342 GC heap after
Heap after GC invocations=18 (full 2):
 PSYoungGen      total 594944K, used 28144K [0x0000000169080000, 0x0000000193b80000, 0x0000000193b80000)
  eden space 484864K, 0% used [0x0000000169080000,0x0000000169080000,0x0000000186a00000)
  from space 110080K, 25% used [0x000000018d000000,0x000000018eb7c3b0,0x0000000193b80000)
  to   space 104448K, 0% used [0x0000000186a00000,0x0000000186a00000,0x000000018d000000)
 ParOldGen       total 201216K, used 128976K [0x0000000113b80000, 0x0000000120000000, 0x0000000169080000)
  object space 201216K, 64% used [0x0000000113b80000,0x000000011b9742b8,0x0000000120000000)
 PSPermGen       total 52736K, used 52662K [0x000000010e980000, 0x0000000111d00000, 0x0000000113b80000)
  object space 52736K, 99% used [0x000000010e980000,0x0000000111ced950,0x0000000111d00000)
}
Event: 334.156 GC heap before
{Heap before GC invocations=19 (full 2):
 PSYoungGen      total 594944K, used 513008K [0x0000000169080000, 0x0000000193b80000, 0x0000000193b80000)
  eden space 484864K, 100% used [0x0000000169080000,0x0000000186a00000,0x0000000186a00000)
  from space 110080K, 25% used [0x000000018d000000,0x000000018eb7c3b0,0x0000000193b80000)
  to   space 104448K, 0% used [0x0000000186a00000,0x0000000186a00000,0x000000018d000000)
 ParOldGen       total 201216K, used 128990K [0x0000000113b80000, 0x0000000120000000, 0x0000000169080000)
  object space 201216K, 64% used [0x0000000113b80000,0x000000011b9778c8,0x0000000120000000)
 PSPermGen       total 52736K, used 52690K [0x000000010e980000, 0x0000000111d00000, 0x0000000113b80000)
  object space 52736K, 99% used [0x000000010e980000,0x0000000111cf4910,0x0000000111d00000)
Event: 334.322 GC heap after
Heap after GC invocations=19 (full 2):
 PSYoungGen      total 589312K, used 104425K [0x0000000169080000, 0x0000000193b80000, 0x0000000193b80000)
  eden space 484864K, 0% used [0x0000000169080000,0x0000000169080000,0x0000000186a00000)
  from space 104448K, 99% used [0x0000000186a00000,0x000000018cffa7d0,0x000000018d000000)
  to   space 110080K, 0% used [0x000000018d000000,0x000000018d000000,0x0000000193b80000)
 ParOldGen       total 201216K, used 141458K [0x0000000113b80000, 0x0000000120000000, 0x0000000169080000)
  object space 201216K, 70% used [0x0000000113b80000,0x000000011c5a4808,0x0000000120000000)
 PSPermGen       total 52736K, used 52690K [0x000000010e980000, 0x0000000111d00000, 0x0000000113b80000)
  object space 52736K, 99% used [0x000000010e980000,0x0000000111cf4910,0x0000000111d00000)
}
Event: 335.396 GC heap before
{Heap before GC invocations=20 (full 2):
 PSYoungGen      total 589312K, used 589289K [0x0000000169080000, 0x0000000193b80000, 0x0000000193b80000)
  eden space 484864K, 100% used [0x0000000169080000,0x0000000186a00000,0x0000000186a00000)
  from space 104448K, 99% used [0x0000000186a00000,0x000000018cffa7d0,0x000000018d000000)
  to   space 110080K, 0% used [0x000000018d000000,0x000000018d000000,0x0000000193b80000)
 ParOldGen       total 201216K, used 141462K [0x0000000113b80000, 0x0000000120000000, 0x0000000169080000)
  object space 201216K, 70% used [0x0000000113b80000,0x000000011c5a5b08,0x0000000120000000)
 PSPermGen       total 52736K, used 52693K [0x000000010e980000, 0x0000000111d00000, 0x0000000113b80000)
  object space 52736K, 99% used [0x000000010e980000,0x0000000111cf5750,0x0000000111d00000)
Event: 335.577 GC heap after
Heap after GC invocations=20 (full 2):
 PSYoungGen      total 493056K, used 110060K [0x0000000169080000, 0x0000000193b80000, 0x0000000193b80000)
  eden space 382976K, 0% used [0x0000000169080000,0x0000000169080000,0x0000000180680000)
  from space 110080K, 99% used [0x000000018d000000,0x0000000193b7b1c0,0x0000000193b80000)
  to   space 158208K, 0% used [0x0000000180680000,0x0000000180680000,0x000000018a100000)
 ParOldGen       total 201216K, used 181784K [0x0000000113b80000, 0x0000000120000000, 0x0000000169080000)
  object space 201216K, 90% used [0x0000000113b80000,0x000000011ed06118,0x0000000120000000)
 PSPermGen       total 52736K, used 52693K [0x000000010e980000, 0x0000000111d00000, 0x0000000113b80000)
  object space 52736K, 99% used [0x000000010e980000,0x0000000111cf5750,0x0000000111d00000)
}
Event: 335.577 GC heap before
{Heap before GC invocations=21 (full 3):
 PSYoungGen      total 493056K, used 110060K [0x0000000169080000, 0x0000000193b80000, 0x0000000193b80000)
  eden space 382976K, 0% used [0x0000000169080000,0x0000000169080000,0x0000000180680000)
  from space 110080K, 99% used [0x000000018d000000,0x0000000193b7b1c0,0x0000000193b80000)
  to   space 158208K, 0% used [0x0000000180680000,0x0000000180680000,0x000000018a100000)
 ParOldGen       total 201216K, used 181784K [0x0000000113b80000, 0x0000000120000000, 0x0000000169080000)
  object space 201216K, 90% used [0x0000000113b80000,0x000000011ed06118,0x0000000120000000)
 PSPermGen       total 52736K, used 52693K [0x000000010e980000, 0x0000000111d00000, 0x0000000113b80000)
  object space 52736K, 99% used [0x000000010e980000,0x0000000111cf5750,0x0000000111d00000)
Event: 336.024 GC heap after
Heap after GC invocations=21 (full 3):
 PSYoungGen      total 493056K, used 0K [0x0000000169080000, 0x0000000193b80000, 0x0000000193b80000)
  eden space 382976K, 0% used [0x0000000169080000,0x0000000169080000,0x0000000180680000)
  from space 110080K, 0% used [0x000000018d000000,0x000000018d000000,0x0000000193b80000)
  to   space 158208K, 0% used [0x0000000180680000,0x0000000180680000,0x000000018a100000)
 ParOldGen       total 282112K, used 167333K [0x0000000113b80000, 0x0000000124f00000, 0x0000000169080000)
  object space 282112K, 59% used [0x0000000113b80000,0x000000011dee97b0,0x0000000124f00000)
 PSPermGen       total 83968K, used 52671K [0x000000010e980000, 0x0000000113b80000, 0x0000000113b80000)
  object space 83968K, 62% used [0x000000010e980000,0x0000000111cefeb8,0x0000000113b80000)
}
Event: 336.923 GC heap before
{Heap before GC invocations=22 (full 3):
 PSYoungGen      total 493056K, used 382976K [0x0000000169080000, 0x0000000193b80000, 0x0000000193b80000)
  eden space 382976K, 100% used [0x0000000169080000,0x0000000180680000,0x0000000180680000)
  from space 110080K, 0% used [0x000000018d000000,0x000000018d000000,0x0000000193b80000)
  to   space 158208K, 0% used [0x0000000180680000,0x0000000180680000,0x000000018a100000)
 ParOldGen       total 282112K, used 167333K [0x0000000113b80000, 0x0000000124f00000, 0x0000000169080000)
  object space 282112K, 59% used [0x0000000113b80000,0x000000011dee97b0,0x0000000124f00000)
 PSPermGen       total 83968K, used 52686K [0x000000010e980000, 0x0000000113b80000, 0x0000000113b80000)
  object space 83968K, 62% used [0x000000010e980000,0x0000000111cf3b80,0x0000000113b80000)
Event: 337.032 GC heap after
Heap after GC invocations=22 (full 3):
 PSYoungGen      total 493056K, used 109637K [0x0000000169080000, 0x0000000193b80000, 0x0000000193b80000)
  eden space 382976K, 0% used [0x0000000169080000,0x0000000169080000,0x0000000180680000)
  from space 110080K, 99% used [0x0000000180680000,0x0000000187191748,0x0000000187200000)
  to   space 167424K, 0% used [0x0000000189800000,0x0000000189800000,0x0000000193b80000)
 ParOldGen       total 282112K, used 167333K [0x0000000113b80000, 0x0000000124f00000, 0x0000000169080000)
  object space 282112K, 59% used [0x0000000113b80000,0x000000011dee97b0,0x0000000124f00000)
 PSPermGen       total 83968K, used 52686K [0x000000010e980000, 0x0000000113b80000, 0x0000000113b80000)
  object space 83968K, 62% used [0x000000010e980000,0x0000000111cf3b80,0x0000000113b80000)
}

Deoptimization events (10 events):
Event: 337.531 Thread 0x00007f980e5a4800 Uncommon trap: reason=class_check action=maybe_recompile pc=0x000000010b8af734 method=java.util.Collections$UnmodifiableCollection.isEmpty()Z @ 4
Event: 337.531 Thread 0x00007f980e5a4800 Uncommon trap: reason=class_check action=maybe_recompile pc=0x000000010b8af734 method=java.util.Collections$UnmodifiableCollection.isEmpty()Z @ 4
Event: 337.531 Thread 0x00007f980e5a4800 Uncommon trap: reason=class_check action=maybe_recompile pc=0x000000010b8af734 method=java.util.Collections$UnmodifiableCollection.isEmpty()Z @ 4
Event: 337.531 Thread 0x00007f980e5a4800 Uncommon trap: reason=class_check action=maybe_recompile pc=0x000000010b8af734 method=java.util.Collections$UnmodifiableCollection.isEmpty()Z @ 4
Event: 337.589 Thread 0x00007f980e5a4800 Uncommon trap: reason=unreached action=reinterpret pc=0x000000010bc471d0 method=java.io.UnixFileSystem.canonicalize(Ljava/lang/String;)Ljava/lang/String; @ 42
Event: 337.662 Thread 0x00007f980e5a4800 Uncommon trap: reason=class_check action=maybe_recompile pc=0x000000010bae1a78 method=java.util.Collections$UnmodifiableList.get(I)Ljava/lang/Object; @ 5
Event: 337.663 Thread 0x00007f980e5a4800 Uncommon trap: reason=class_check action=maybe_recompile pc=0x000000010bae1a78 method=java.util.Collections$UnmodifiableList.get(I)Ljava/lang/Object; @ 5
Event: 337.663 Thread 0x00007f980e5a4800 Uncommon trap: reason=class_check action=maybe_recompile pc=0x000000010bae1a78 method=java.util.Collections$UnmodifiableList.get(I)Ljava/lang/Object; @ 5
Event: 337.664 Thread 0x00007f980e5a4800 Uncommon trap: reason=class_check action=maybe_recompile pc=0x000000010bae1a78 method=java.util.Collections$UnmodifiableList.get(I)Ljava/lang/Object; @ 5
Event: 337.766 Thread 0x00007f980e5a4800 Uncommon trap: reason=null_check action=make_not_entrant pc=0x000000010b929cc0 method=org.apache.tomcat.util.digester.RulesBase.lookup(Ljava/lang/String;Ljava/lang/String;)Ljava/util/List; @ 76

Internal exceptions (10 events):
Event: 338.578 Thread 0x00007f980e5a4800 Threw 0x0000000176312098 at /HUDSON/workspace/7u-2-build-macosx-x86_64/jdk7u79/2331/hotspot/src/share/vm/prims/jvm.cpp:1304
Event: 338.578 Thread 0x00007f980e5a4800 Threw 0x0000000176314b60 at /HUDSON/workspace/7u-2-build-macosx-x86_64/jdk7u79/2331/hotspot/src/share/vm/prims/jvm.cpp:1304
Event: 338.578 Thread 0x00007f980e5a4800 Threw 0x0000000176315270 at /HUDSON/workspace/7u-2-build-macosx-x86_64/jdk7u79/2331/hotspot/src/share/vm/prims/jvm.cpp:1304
Event: 338.578 Thread 0x00007f980e5a4800 Threw 0x0000000176315900 at /HUDSON/workspace/7u-2-build-macosx-x86_64/jdk7u79/2331/hotspot/src/share/vm/prims/jvm.cpp:1304
Event: 338.578 Thread 0x00007f980e5a4800 Threw 0x000000017631b8e8 at /HUDSON/workspace/7u-2-build-macosx-x86_64/jdk7u79/2331/hotspot/src/share/vm/prims/jvm.cpp:1304
Event: 338.578 Thread 0x00007f980e5a4800 Threw 0x000000017631c630 at /HUDSON/workspace/7u-2-build-macosx-x86_64/jdk7u79/2331/hotspot/src/share/vm/prims/jvm.cpp:1304
Event: 338.578 Thread 0x00007f980e5a4800 Threw 0x000000017631f0f8 at /HUDSON/workspace/7u-2-build-macosx-x86_64/jdk7u79/2331/hotspot/src/share/vm/prims/jvm.cpp:1304
Event: 338.578 Thread 0x00007f980e5a4800 Threw 0x000000017631f7f8 at /HUDSON/workspace/7u-2-build-macosx-x86_64/jdk7u79/2331/hotspot/src/share/vm/prims/jvm.cpp:1304
Event: 338.578 Thread 0x00007f980e5a4800 Threw 0x000000017631fe88 at /HUDSON/workspace/7u-2-build-macosx-x86_64/jdk7u79/2331/hotspot/src/share/vm/prims/jvm.cpp:1304
Event: 338.578 Thread 0x00007f980e5a4800 Threw 0x0000000176325e68 at /HUDSON/workspace/7u-2-build-macosx-x86_64/jdk7u79/2331/hotspot/src/share/vm/prims/jvm.cpp:1304

Events (10 events):
Event: 338.578 loading class 0x00007f9812819b00
Event: 338.578 loading class 0x00007f9812819b00 done
Event: 338.578 loading class 0x00007f9812819b00
Event: 338.578 loading class 0x00007f9812819b00 done
Event: 338.578 loading class 0x00007f9812819b80
Event: 338.578 loading class 0x00007f9812819b80 done
Event: 338.578 loading class 0x00007f9812819b80
Event: 338.578 loading class 0x00007f9812819b80 done
Event: 338.578 loading class 0x00007f9812819b80
Event: 338.578 loading class 0x00007f9812819b80 done


Dynamic libraries:
0x00000000091ad000 	/System/Library/Frameworks/Cocoa.framework/Versions/A/Cocoa
0x00000000091ad000 	/System/Library/Frameworks/Security.framework/Versions/A/Security
0x00000000091ad000 	/System/Library/Frameworks/ApplicationServices.framework/Versions/A/ApplicationServices
0x00000000091ad000 	/usr/lib/libz.1.dylib
0x00000000091ad000 	/usr/lib/libSystem.B.dylib
0x00000000091ad000 	/usr/lib/libobjc.A.dylib
0x00000000091ad000 	/System/Library/Frameworks/CoreFoundation.framework/Versions/A/CoreFoundation
0x00000000091ad000 	/System/Library/Frameworks/Foundation.framework/Versions/C/Foundation
0x00000000091ad000 	/System/Library/Frameworks/AppKit.framework/Versions/C/AppKit
0x00000000091ad000 	/System/Library/Frameworks/CoreData.framework/Versions/A/CoreData
0x00000000091ad000 	/System/Library/PrivateFrameworks/RemoteViewServices.framework/Versions/A/RemoteViewServices
0x00000000091ad000 	/System/Library/PrivateFrameworks/UIFoundation.framework/Versions/A/UIFoundation
0x00000000091ad000 	/System/Library/Frameworks/IOSurface.framework/Versions/A/IOSurface
0x00000000091ad000 	/System/Library/Frameworks/AudioToolbox.framework/Versions/A/AudioToolbox
0x00000000091ad000 	/System/Library/Frameworks/AudioUnit.framework/Versions/A/AudioUnit
0x00000000091ad000 	/System/Library/PrivateFrameworks/DataDetectorsCore.framework/Versions/A/DataDetectorsCore
0x00000000091ad000 	/System/Library/PrivateFrameworks/DesktopServicesPriv.framework/Versions/A/DesktopServicesPriv
0x00000000091ad000 	/System/Library/Frameworks/Carbon.framework/Versions/A/Frameworks/HIToolbox.framework/Versions/A/HIToolbox
0x00000000091ad000 	/System/Library/Frameworks/QuartzCore.framework/Versions/A/QuartzCore
0x00000000091ad000 	/System/Library/Frameworks/Carbon.framework/Versions/A/Frameworks/SpeechRecognition.framework/Versions/A/SpeechRecognition
0x00000000091ad000 	/usr/lib/libauto.dylib
0x00000000091ad000 	/usr/lib/libicucore.A.dylib
0x00000000091ad000 	/usr/lib/libxml2.2.dylib
0x00000000091ad000 	/System/Library/PrivateFrameworks/CoreUI.framework/Versions/A/CoreUI
0x00000000091ad000 	/System/Library/Frameworks/CoreAudio.framework/Versions/A/CoreAudio
0x00000000091ad000 	/System/Library/Frameworks/DiskArbitration.framework/Versions/A/DiskArbitration
0x00000000091ad000 	/usr/lib/liblangid.dylib
0x00000000091ad000 	/System/Library/PrivateFrameworks/MultitouchSupport.framework/Versions/A/MultitouchSupport
0x00000000091ad000 	/System/Library/Frameworks/IOKit.framework/Versions/A/IOKit
0x00000000091ad000 	/usr/lib/libDiagnosticMessagesClient.dylib
0x00000000091ad000 	/System/Library/Frameworks/CoreServices.framework/Versions/A/CoreServices
0x00000000091ad000 	/System/Library/PrivateFrameworks/PerformanceAnalysis.framework/Versions/A/PerformanceAnalysis
0x00000000091ad000 	/System/Library/PrivateFrameworks/GenerationalStorage.framework/Versions/A/GenerationalStorage
0x00000000091ad000 	/System/Library/Frameworks/OpenGL.framework/Versions/A/OpenGL
0x00000000091ad000 	/System/Library/PrivateFrameworks/Sharing.framework/Versions/A/Sharing
0x00000000091ad000 	/System/Library/Frameworks/CoreGraphics.framework/Versions/A/CoreGraphics
0x00000000091ad000 	/System/Library/Frameworks/CoreText.framework/Versions/A/CoreText
0x00000000091ad000 	/System/Library/Frameworks/ImageIO.framework/Versions/A/ImageIO
0x00000000091ad000 	/usr/lib/libextension.dylib
0x00000000091ad000 	/System/Library/PrivateFrameworks/Backup.framework/Versions/A/Backup
0x00000000091ad000 	/usr/lib/libarchive.2.dylib
0x00000000091ad000 	/System/Library/Frameworks/CFNetwork.framework/Versions/A/CFNetwork
0x00000000091ad000 	/System/Library/Frameworks/SystemConfiguration.framework/Versions/A/SystemConfiguration
0x00000000091ad000 	/usr/lib/libCRFSuite.dylib
0x00000000091ad000 	/usr/lib/libc++.1.dylib
0x00000000091ad000 	/usr/lib/libc++abi.dylib
0x00000000091ad000 	/usr/lib/system/libcache.dylib
0x00000000091ad000 	/usr/lib/system/libcommonCrypto.dylib
0x00000000091ad000 	/usr/lib/system/libcompiler_rt.dylib
0x00000000091ad000 	/usr/lib/system/libcopyfile.dylib
0x00000000091ad000 	/usr/lib/system/libcorecrypto.dylib
0x00000000091ad000 	/usr/lib/system/libdispatch.dylib
0x00000000091ad000 	/usr/lib/system/libdyld.dylib
0x00000000091ad000 	/usr/lib/system/libkeymgr.dylib
0x00000000091ad000 	/usr/lib/system/liblaunch.dylib
0x00000000091ad000 	/usr/lib/system/libmacho.dylib
0x00000000091ad000 	/usr/lib/system/libquarantine.dylib
0x00000000091ad000 	/usr/lib/system/libremovefile.dylib
0x00000000091ad000 	/usr/lib/system/libsystem_asl.dylib
0x00000000091ad000 	/usr/lib/system/libsystem_blocks.dylib
0x00000000091ad000 	/usr/lib/system/libsystem_c.dylib
0x00000000091ad000 	/usr/lib/system/libsystem_configuration.dylib
0x00000000091ad000 	/usr/lib/system/libsystem_coreservices.dylib
0x00000000091ad000 	/usr/lib/system/libsystem_coretls.dylib
0x00000000091ad000 	/usr/lib/system/libsystem_dnssd.dylib
0x00000000091ad000 	/usr/lib/system/libsystem_info.dylib
0x00000000091ad000 	/usr/lib/system/libsystem_kernel.dylib
0x00000000091ad000 	/usr/lib/system/libsystem_m.dylib
0x00000000091ad000 	/usr/lib/system/libsystem_malloc.dylib
0x00000000091ad000 	/usr/lib/system/libsystem_network.dylib
0x00000000091ad000 	/usr/lib/system/libsystem_networkextension.dylib
0x00000000091ad000 	/usr/lib/system/libsystem_notify.dylib
0x00000000091ad000 	/usr/lib/system/libsystem_platform.dylib
0x00000000091ad000 	/usr/lib/system/libsystem_pthread.dylib
0x00000000091ad000 	/usr/lib/system/libsystem_sandbox.dylib
0x00000000091ad000 	/usr/lib/system/libsystem_secinit.dylib
0x00000000091ad000 	/usr/lib/system/libsystem_stats.dylib
0x00000000091ad000 	/usr/lib/system/libsystem_trace.dylib
0x00000000091ad000 	/usr/lib/system/libunc.dylib
0x00000000091ad000 	/usr/lib/system/libunwind.dylib
0x00000000091ad000 	/usr/lib/system/libxpc.dylib
0x00000000091ad000 	/usr/lib/libbz2.1.0.dylib
0x00000000091ad000 	/usr/lib/liblzma.5.dylib
0x00000000091ad000 	/usr/lib/libbsm.0.dylib
0x00000000091ad000 	/usr/lib/libsqlite3.dylib
0x00000000091ad000 	/usr/lib/system/libkxld.dylib
0x00000000091ad000 	/usr/lib/libxar.1.dylib
0x00000000091ad000 	/usr/lib/libpam.2.dylib
0x00000000091ad000 	/usr/lib/libOpenScriptingUtil.dylib
0x00000000091ad000 	/System/Library/Frameworks/CoreServices.framework/Versions/A/Frameworks/FSEvents.framework/Versions/A/FSEvents
0x00000000091ad000 	/System/Library/Frameworks/CoreServices.framework/Versions/A/Frameworks/CarbonCore.framework/Versions/A/CarbonCore
0x00000000091ad000 	/System/Library/Frameworks/CoreServices.framework/Versions/A/Frameworks/Metadata.framework/Versions/A/Metadata
0x00000000091ad000 	/System/Library/Frameworks/CoreServices.framework/Versions/A/Frameworks/OSServices.framework/Versions/A/OSServices
0x00000000091ad000 	/System/Library/Frameworks/CoreServices.framework/Versions/A/Frameworks/SearchKit.framework/Versions/A/SearchKit
0x00000000091ad000 	/System/Library/Frameworks/CoreServices.framework/Versions/A/Frameworks/AE.framework/Versions/A/AE
0x00000000091ad000 	/System/Library/Frameworks/CoreServices.framework/Versions/A/Frameworks/LaunchServices.framework/Versions/A/LaunchServices
0x00000000091ad000 	/System/Library/Frameworks/CoreServices.framework/Versions/A/Frameworks/DictionaryServices.framework/Versions/A/DictionaryServices
0x00000000091ad000 	/System/Library/Frameworks/NetFS.framework/Versions/A/NetFS
0x00000000091ad000 	/System/Library/PrivateFrameworks/NetAuth.framework/Versions/A/NetAuth
0x00000000091ad000 	/System/Library/PrivateFrameworks/login.framework/Versions/A/Frameworks/loginsupport.framework/Versions/A/loginsupport
0x00000000091ad000 	/System/Library/PrivateFrameworks/TCC.framework/Versions/A/TCC
0x00000000091ad000 	/usr/lib/libmecabra.dylib
0x00000000091ad000 	/System/Library/Frameworks/ApplicationServices.framework/Versions/A/Frameworks/ATS.framework/Versions/A/ATS
0x00000000091ad000 	/System/Library/Frameworks/ApplicationServices.framework/Versions/A/Frameworks/ColorSync.framework/Versions/A/ColorSync
0x00000000091ad000 	/System/Library/Frameworks/ApplicationServices.framework/Versions/A/Frameworks/HIServices.framework/Versions/A/HIServices
0x00000000091ad000 	/System/Library/Frameworks/ApplicationServices.framework/Versions/A/Frameworks/LangAnalysis.framework/Versions/A/LangAnalysis
0x00000000091ad000 	/System/Library/Frameworks/ApplicationServices.framework/Versions/A/Frameworks/PrintCore.framework/Versions/A/PrintCore
0x00000000091ad000 	/System/Library/Frameworks/ApplicationServices.framework/Versions/A/Frameworks/QD.framework/Versions/A/QD
0x00000000091ad000 	/System/Library/Frameworks/ApplicationServices.framework/Versions/A/Frameworks/SpeechSynthesis.framework/Versions/A/SpeechSynthesis
0x00000000091ad000 	/System/Library/Frameworks/Accelerate.framework/Versions/A/Accelerate
0x00000000091ad000 	/System/Library/Frameworks/Accelerate.framework/Versions/A/Frameworks/vImage.framework/Versions/A/vImage
0x00000000091ad000 	/System/Library/Frameworks/Accelerate.framework/Versions/A/Frameworks/vecLib.framework/Versions/A/vecLib
0x00000000091ad000 	/System/Library/Frameworks/Accelerate.framework/Versions/A/Frameworks/vecLib.framework/Versions/A/libvDSP.dylib
0x00000000091ad000 	/System/Library/Frameworks/Accelerate.framework/Versions/A/Frameworks/vecLib.framework/Versions/A/libvMisc.dylib
0x00000000091ad000 	/System/Library/Frameworks/Accelerate.framework/Versions/A/Frameworks/vecLib.framework/Versions/A/libLAPACK.dylib
0x00000000091ad000 	/System/Library/Frameworks/Accelerate.framework/Versions/A/Frameworks/vecLib.framework/Versions/A/libBLAS.dylib
0x00000000091ad000 	/System/Library/Frameworks/Accelerate.framework/Versions/A/Frameworks/vecLib.framework/Versions/A/libLinearAlgebra.dylib
0x00000000091ad000 	/System/Library/Frameworks/ApplicationServices.framework/Versions/A/Frameworks/ATS.framework/Versions/A/Resources/libFontParser.dylib
0x00000000091ad000 	/System/Library/Frameworks/ApplicationServices.framework/Versions/A/Frameworks/ATS.framework/Versions/A/Resources/libFontRegistry.dylib
0x00000000091ad000 	/System/Library/PrivateFrameworks/AppleVPA.framework/Versions/A/AppleVPA
0x00000000091ad000 	/System/Library/PrivateFrameworks/AppleJPEG.framework/Versions/A/AppleJPEG
0x00000000091ad000 	/System/Library/Frameworks/ImageIO.framework/Versions/A/Resources/libJPEG.dylib
0x00000000091ad000 	/System/Library/Frameworks/ImageIO.framework/Versions/A/Resources/libTIFF.dylib
0x00000000091ad000 	/System/Library/Frameworks/ImageIO.framework/Versions/A/Resources/libPng.dylib
0x00000000091ad000 	/System/Library/Frameworks/ImageIO.framework/Versions/A/Resources/libGIF.dylib
0x00000000091ad000 	/System/Library/Frameworks/ImageIO.framework/Versions/A/Resources/libJP2.dylib
0x00000000091ad000 	/System/Library/Frameworks/ImageIO.framework/Versions/A/Resources/libRadiance.dylib
0x00000000091ad000 	/System/Library/Frameworks/CoreVideo.framework/Versions/A/CoreVideo
0x00000000091ad000 	/System/Library/Frameworks/OpenGL.framework/Versions/A/Libraries/libGLU.dylib
0x00000000091ad000 	/System/Library/Frameworks/OpenGL.framework/Versions/A/Libraries/libGFXShared.dylib
0x00000000091ad000 	/System/Library/Frameworks/OpenGL.framework/Versions/A/Libraries/libGL.dylib
0x00000000091ad000 	/System/Library/Frameworks/OpenGL.framework/Versions/A/Libraries/libGLImage.dylib
0x00000000091ad000 	/System/Library/Frameworks/OpenGL.framework/Versions/A/Libraries/libCVMSPluginSupport.dylib
0x00000000091ad000 	/System/Library/Frameworks/OpenGL.framework/Versions/A/Libraries/libCoreVMClient.dylib
0x00000000091ad000 	/usr/lib/libcups.2.dylib
0x00000000091ad000 	/System/Library/Frameworks/Kerberos.framework/Versions/A/Kerberos
0x00000000091ad000 	/System/Library/Frameworks/GSS.framework/Versions/A/GSS
0x00000000091ad000 	/usr/lib/libresolv.9.dylib
0x00000000091ad000 	/usr/lib/libiconv.2.dylib
0x00000000091ad000 	/System/Library/PrivateFrameworks/Heimdal.framework/Versions/A/Heimdal
0x00000000091ad000 	/usr/lib/libheimdal-asn1.dylib
0x00000000091ad000 	/System/Library/Frameworks/OpenDirectory.framework/Versions/A/OpenDirectory
0x00000000091ad000 	/System/Library/PrivateFrameworks/CommonAuth.framework/Versions/A/CommonAuth
0x00000000091ad000 	/System/Library/Frameworks/OpenDirectory.framework/Versions/A/Frameworks/CFOpenDirectory.framework/Versions/A/CFOpenDirectory
0x00000000091ad000 	/System/Library/Frameworks/SecurityFoundation.framework/Versions/A/SecurityFoundation
0x00000000091ad000 	/System/Library/PrivateFrameworks/LanguageModeling.framework/Versions/A/LanguageModeling
0x00000000091ad000 	/usr/lib/libcmph.dylib
0x00000000091ad000 	/System/Library/Frameworks/ServiceManagement.framework/Versions/A/ServiceManagement
0x00000000091ad000 	/usr/lib/libxslt.1.dylib
0x00000000091ad000 	/System/Library/Frameworks/Carbon.framework/Versions/A/Frameworks/Ink.framework/Versions/A/Ink
0x00000000091ad000 	/System/Library/Frameworks/QuartzCore.framework/Versions/A/Frameworks/CoreImage.framework/Versions/A/CoreImage
0x00000000091ad000 	/System/Library/PrivateFrameworks/CrashReporterSupport.framework/Versions/A/CrashReporterSupport
0x00000000091ad000 	/System/Library/Frameworks/OpenCL.framework/Versions/A/OpenCL
0x00000000091ad000 	/System/Library/PrivateFrameworks/FaceCore.framework/Versions/A/FaceCore
0x00000000091ad000 	/System/Library/PrivateFrameworks/Ubiquity.framework/Versions/A/Ubiquity
0x00000000091ad000 	/System/Library/PrivateFrameworks/IconServices.framework/Versions/A/IconServices
0x00000000091ad000 	/System/Library/PrivateFrameworks/ChunkingLibrary.framework/Versions/A/ChunkingLibrary
0x00000000091ad000 	/System/Library/PrivateFrameworks/Apple80211.framework/Versions/A/Apple80211
0x00000000091ad000 	/System/Library/Frameworks/CoreWLAN.framework/Versions/A/CoreWLAN
0x00000000091ad000 	/System/Library/Frameworks/IOBluetooth.framework/Versions/A/IOBluetooth
0x00000000091ad000 	/System/Library/PrivateFrameworks/CoreWiFi.framework/Versions/A/CoreWiFi
0x00000000091ad000 	/System/Library/Frameworks/CoreBluetooth.framework/Versions/A/CoreBluetooth
0x00000000091ad000 	/System/Library/PrivateFrameworks/DebugSymbols.framework/Versions/A/DebugSymbols
0x00000000091ad000 	/System/Library/PrivateFrameworks/CoreSymbolication.framework/Versions/A/CoreSymbolication
0x00000000091ad000 	/System/Library/PrivateFrameworks/Symbolication.framework/Versions/A/Symbolication
0x00000000091ad000 	/System/Library/PrivateFrameworks/SpeechRecognitionCore.framework/Versions/A/SpeechRecognitionCore
0x000000010a331000 	/System/Library/CoreServices/Encodings/libSimplifiedChineseConverter.dylib
0x000000010ac13000 	/Library/Java/JavaVirtualMachines/jdk1.7.0_79.jdk/Contents/Home/jre/lib/server/libjvm.dylib
0x00000000091ad000 	/usr/lib/libstdc++.6.dylib
0x000000010b779000 	/Library/Java/JavaVirtualMachines/jdk1.7.0_79.jdk/Contents/Home/jre/lib/libverify.dylib
0x000000010b786000 	/Library/Java/JavaVirtualMachines/jdk1.7.0_79.jdk/Contents/Home/jre/lib/libjava.dylib
0x000000010b7b6000 	/Library/Java/JavaVirtualMachines/jdk1.7.0_79.jdk/Contents/Home/jre/lib/libjdwp.dylib
0x000000010a3fc000 	/Library/Java/JavaVirtualMachines/jdk1.7.0_79.jdk/Contents/Home/jre/lib/libnpt.dylib
0x000000010b7fc000 	/Library/Java/JavaVirtualMachines/jdk1.7.0_79.jdk/Contents/Home/jre/lib/libzip.dylib
0x000000019a307000 	/System/Library/Frameworks/JavaVM.framework/Frameworks/JavaRuntimeSupport.framework/JavaRuntimeSupport
0x000000019a31d000 	/System/Library/Frameworks/JavaVM.framework/Versions/A/Frameworks/JavaNativeFoundation.framework/Versions/A/JavaNativeFoundation
0x000000010e8ef000 	/System/Library/Frameworks/JavaVM.framework/Versions/A/JavaVM
0x00000000091ad000 	/System/Library/Frameworks/Carbon.framework/Versions/A/Carbon
0x000000019a331000 	/System/Library/PrivateFrameworks/JavaLaunching.framework/Versions/A/JavaLaunching
0x00000000091ad000 	/System/Library/Frameworks/Carbon.framework/Versions/A/Frameworks/CommonPanels.framework/Versions/A/CommonPanels
0x00000000091ad000 	/System/Library/Frameworks/Carbon.framework/Versions/A/Frameworks/Help.framework/Versions/A/Help
0x00000000091ad000 	/System/Library/Frameworks/Carbon.framework/Versions/A/Frameworks/ImageCapture.framework/Versions/A/ImageCapture
0x00000000091ad000 	/System/Library/Frameworks/Carbon.framework/Versions/A/Frameworks/OpenScripting.framework/Versions/A/OpenScripting
0x00000000091ad000 	/System/Library/Frameworks/Carbon.framework/Versions/A/Frameworks/Print.framework/Versions/A/Print
0x00000000091ad000 	/System/Library/Frameworks/Carbon.framework/Versions/A/Frameworks/SecurityHI.framework/Versions/A/SecurityHI
0x000000019bd17000 	/Library/Java/JavaVirtualMachines/jdk1.7.0_79.jdk/Contents/Home/jre/lib/libdt_socket.dylib
0x000000019c4b4000 	/Library/Java/JavaVirtualMachines/jdk1.7.0_79.jdk/Contents/Home/jre/lib/libnio.dylib
0x000000019c4c3000 	/Library/Java/JavaVirtualMachines/jdk1.7.0_79.jdk/Contents/Home/jre/lib/./libnet.dylib
0x000000019c67c000 	/Library/Java/JavaVirtualMachines/jdk1.7.0_79.jdk/Contents/Home/jre/lib/libmanagement.dylib

VM Arguments:
jvm_args: -agentlib:jdwp=transport=dt_socket,address=127.0.0.1:49552,suspend=y,server=n -Dmaven.home=/Applications/IntelliJ IDEA 14.app/Contents/plugins/maven/lib/maven3 -Dclassworlds.conf=/Applications/IntelliJ IDEA 14.app/Contents/plugins/maven/lib/maven3/bin/m2.conf -Dfile.encoding=UTF-8 
java_command: org.codehaus.classworlds.Launcher -Didea.version=14.1.4 -DskipTests=true jetty:run
Launcher Type: SUN_STANDARD

Environment Variables:
JAVA_HOME=/Library/Java/JavaVirtualMachines/jdk1.7.0_79.jdk/Contents/Home
JRE_HOME=/Library/Java/JavaVirtualMachines/jdk1.7.0_79.jdk/Contents/Home/jre
CLASSPATH=./:/Library/Java/JavaVirtualMachines/jdk1.7.0_79.jdk/Contents/Home/lib/dt.jar:/Library/Java/JavaVirtualMachines/jdk1.7.0_79.jdk/Contents/Home/lib/tools.jar
PATH=/Users/pangyueqiang/mysql-5.7.10-osx10.10-x86_64/bin:/Users/pangyueqiang/mongodb/bin:/usr/local/bin:/usr/bin:/bin:/usr/sbin:/sbin:/Users/pangyueqiang/workspace/apache-maven-3.3.9/bin:/Library/Java/JavaVirtualMachines/jdk1.7.0_79.jdk/Contents/Home/bin
SHELL=/bin/bash

Signal Handlers:
SIGSEGV: [libjvm.dylib+0x52daf1], sa_mask[0]=0xfffefeff, sa_flags=0x00000043
SIGBUS: [libjvm.dylib+0x52daf1], sa_mask[0]=0xfffefeff, sa_flags=0x00000042
SIGFPE: [libjvm.dylib+0x41f34e], sa_mask[0]=0xfffefeff, sa_flags=0x00000042
SIGPIPE: [libjvm.dylib+0x41f34e], sa_mask[0]=0xfffefeff, sa_flags=0x00000042
SIGXFSZ: [libjvm.dylib+0x41f34e], sa_mask[0]=0xfffefeff, sa_flags=0x00000042
SIGILL: [libjvm.dylib+0x41f34e], sa_mask[0]=0xfffefeff, sa_flags=0x00000042
SIGUSR1: SIG_DFL, sa_mask[0]=0x00000000, sa_flags=0x00000000
SIGUSR2: [libjvm.dylib+0x41ee40], sa_mask[0]=0x00000004, sa_flags=0x00000042
SIGHUP: [libjvm.dylib+0x41d0d1], sa_mask[0]=0xfffefeff, sa_flags=0x00000042
SIGINT: [libjvm.dylib+0x41d0d1], sa_mask[0]=0xfffefeff, sa_flags=0x00000042
SIGTERM: [libjvm.dylib+0x41d0d1], sa_mask[0]=0xfffefeff, sa_flags=0x00000042
SIGQUIT: [libjvm.dylib+0x41d0d1], sa_mask[0]=0xfffefeff, sa_flags=0x00000042


---------------  S Y S T E M  ---------------

OS:Bsduname:Darwin 14.5.0 Darwin Kernel Version 14.5.0: Wed Jul 29 02:26:53 PDT 2015; root:xnu-2782.40.9~1/RELEASE_X86_64 x86_64
rlimit: STACK 8192k, CORE 0k, NPROC 709, NOFILE 10240, AS infinity
load average:3.51 3.06 2.61

CPU:total 4 (2 cores per cpu, 2 threads per core) family 6 model 61 stepping 4, cmov, cx8, fxsr, mmx, sse, sse2, sse3, ssse3, sse4.1, sse4.2, popcnt, avx, avx2, aes, erms, ht, tsc, tscinvbit

Memory: 4k page, physical 8388608k(2097152k free)

/proc/meminfo:


vm_info: Java HotSpot(TM) 64-Bit Server VM (24.79-b02) for bsd-amd64 JRE (1.7.0_79-b15), built on Apr 10 2015 11:35:04 by "java_re" with gcc 4.2.1 (Based on Apple Inc. build 5658) (LLVM build 2336.11.00)

time: Wed Apr 27 14:29:07 2016
elapsed time: 338 seconds

