231  [main] INFO  com.ngj.resource.ResourceLoadUtils - service started at dev
254  [main] INFO  com.ngj.datasource.NgjDatasource - start datasource connect to jdbc:mysql://localhost:3306/ngj?autoReconnect=true
865  [main] INFO  c.a.druid.pool.DruidDataSource - {dataSource-1} inited
1245 [main] INFO  com.ngj.datasource.RedisClient - redis started connected to localhost:6379
2112 [main] INFO  com.ngj.rest.jaxrs.JerseyResource - register service : company
2115 [main] INFO  com.ngj.rest.jaxrs.JerseyResource - register service : user
228032 [Thread-1] INFO  c.a.druid.pool.DruidDataSource - {dataSource-1} closed
244  [main] INFO  com.ngj.resource.ResourceLoadUtils - service started at dev
268  [main] INFO  com.ngj.datasource.NgjDatasource - start datasource connect to jdbc:mysql://localhost:3306/ngj?autoReconnect=true
951  [main] INFO  c.a.druid.pool.DruidDataSource - {dataSource-1} inited
1303 [main] INFO  com.ngj.datasource.RedisClient - redis started connected to localhost:6379
2095 [main] INFO  com.ngj.rest.jaxrs.JerseyResource - register service : company
2099 [main] INFO  com.ngj.rest.jaxrs.JerseyResource - register service : user
37246 [Thread-1] INFO  c.a.druid.pool.DruidDataSource - {dataSource-1} closed
250  [main] INFO  com.ngj.resource.ResourceLoadUtils - service started at dev
273  [main] INFO  com.ngj.datasource.NgjDatasource - start datasource connect to jdbc:mysql://localhost:3306/ngj?autoReconnect=true
1087 [main] INFO  c.a.druid.pool.DruidDataSource - {dataSource-1} inited
1559 [main] INFO  com.ngj.datasource.RedisClient - redis started connected to localhost:6379
2579 [main] INFO  com.ngj.rest.jaxrs.JerseyResource - register service : company
2584 [main] INFO  com.ngj.rest.jaxrs.JerseyResource - register service : user
2016-03-10 18:02:35 INFO  com.ngj.resource.ResourceLoadUtils - service started at dev
2016-03-10 18:02:35 INFO  com.ngj.datasource.NgjDatasource - start datasource connect to jdbc:mysql://localhost:3306/ngj?autoReconnect=true
2016-03-10 18:02:35 INFO  c.alibaba.druid.pool.DruidDataSource - {dataSource-1} inited
2016-03-10 18:02:36 INFO  com.ngj.datasource.RedisClient - redis started connected to localhost:6379
2016-03-10 18:02:37 INFO  com.ngj.rest.jaxrs.JerseyResource - register service : company
2016-03-10 18:02:37 INFO  com.ngj.rest.jaxrs.JerseyResource - register service : user
2016-03-10 18:03:57 INFO  com.ngj.resource.ResourceLoadUtils - service started at dev
2016-03-10 18:03:57 INFO  com.ngj.datasource.NgjDatasource - start datasource connect to jdbc:mysql://localhost:3306/ngj?autoReconnect=true
2016-03-10 18:03:58 INFO  c.alibaba.druid.pool.DruidDataSource - {dataSource-1} inited
2016-03-10 18:03:59 INFO  com.ngj.datasource.RedisClient - redis started connected to localhost:6379
2016-03-10 18:04:00 INFO  com.ngj.rest.jaxrs.JerseyResource - register service : company
2016-03-10 18:04:00 INFO  com.ngj.rest.jaxrs.JerseyResource - register service : user
2016-03-10 18:04:46 INFO  com.ngj.resource.ResourceLoadUtils - service started at dev
2016-03-10 18:04:46 INFO  com.ngj.datasource.NgjDatasource - start datasource connect to jdbc:mysql://localhost:3306/ngj?autoReconnect=true
2016-03-10 18:04:47 INFO  c.alibaba.druid.pool.DruidDataSource - {dataSource-1} inited
2016-03-10 18:04:47 INFO  com.ngj.datasource.RedisClient - redis started connected to localhost:6379
2016-03-10 18:04:49 INFO  com.ngj.rest.jaxrs.JerseyResource - register service : company
2016-03-10 18:04:49 INFO  com.ngj.rest.jaxrs.JerseyResource - register service : user
2016-03-10 18:06:07 INFO  c.alibaba.druid.pool.DruidDataSource - {dataSource-1} closed
2016-03-10 18:06:14 INFO  com.ngj.resource.ResourceLoadUtils - service started at dev
2016-03-10 18:06:14 INFO  com.ngj.datasource.NgjDatasource - start datasource connect to jdbc:mysql://localhost:3306/ngj?autoReconnect=true
2016-03-10 18:06:15 INFO  c.alibaba.druid.pool.DruidDataSource - {dataSource-1} inited
2016-03-10 18:06:15 INFO  com.ngj.datasource.RedisClient - redis started connected to localhost:6379
2016-03-10 18:06:16 INFO  com.ngj.rest.jaxrs.JerseyResource - register service : company
2016-03-10 18:06:16 INFO  com.ngj.rest.jaxrs.JerseyResource - register service : user
2016-03-10 18:06:18 INFO  c.alibaba.druid.pool.DruidDataSource - {dataSource-1} closed
2016-03-10 18:07:13 INFO  com.ngj.resource.ResourceLoadUtils - service started at dev
2016-03-10 18:07:13 INFO  com.ngj.datasource.NgjDatasource - start datasource connect to jdbc:mysql://localhost:3306/ngj?autoReconnect=true
2016-03-10 18:07:14 INFO  c.alibaba.druid.pool.DruidDataSource - {dataSource-1} inited
2016-03-10 18:07:14 INFO  com.ngj.datasource.RedisClient - redis started connected to localhost:6379
2016-03-10 18:07:15 INFO  com.ngj.rest.jaxrs.JerseyResource - register service : company
2016-03-10 18:07:15 INFO  com.ngj.rest.jaxrs.JerseyResource - register service : user
2016-03-10 18:07:20 INFO  statistic - method invoke null||com.ngj.rest.endpoint.UserEndpoint||login||[{"username":"ngj","domain":"ngj","password":"123"}]||128
2016-03-10 18:11:13 INFO  com.ngj.resource.ResourceLoadUtils - service started at dev
2016-03-10 18:11:13 INFO  com.ngj.datasource.NgjDatasource - start datasource connect to jdbc:mysql://localhost:3306/ngj?autoReconnect=true
2016-03-10 18:11:14 INFO  c.alibaba.druid.pool.DruidDataSource - {dataSource-1} inited
2016-03-10 18:11:15 INFO  com.ngj.datasource.RedisClient - redis started connected to localhost:6379
2016-03-10 18:11:16 INFO  com.ngj.rest.jaxrs.JerseyResource - register service : company
2016-03-10 18:11:16 INFO  com.ngj.rest.jaxrs.JerseyResource - register service : user
2016-03-10 18:11:21 INFO  statistic - null||com.ngj.rest.endpoint.UserEndpoint||login||[{"username":"ngj","domain":"ngj","password":"123"}]||138
2016-03-10 18:11:31 INFO  statistic - 1||com.ngj.rest.endpoint.UserEndpoint||getUsers||[0,200]||8
2016-03-10 18:14:35 INFO  com.ngj.resource.ResourceLoadUtils - service started at dev
2016-03-10 18:14:35 INFO  com.ngj.datasource.NgjDatasource - start datasource connect to jdbc:mysql://localhost:3306/ngj?autoReconnect=true
2016-03-10 18:14:35 INFO  c.alibaba.druid.pool.DruidDataSource - {dataSource-1} inited
2016-03-10 18:14:36 INFO  com.ngj.datasource.RedisClient - redis started connected to localhost:6379
2016-03-10 18:14:37 INFO  com.ngj.rest.jaxrs.JerseyResource - register service : company
2016-03-10 18:14:37 INFO  com.ngj.rest.jaxrs.JerseyResource - register service : user
2016-03-10 18:14:42 INFO  statistic - 1||com.ngj.rest.endpoint.UserEndpoint||getUsers||[0,200]||83
2016-03-10 18:20:14 INFO  com.ngj.resource.ResourceLoadUtils - service started at dev
2016-03-10 18:20:14 INFO  com.ngj.datasource.NgjDatasource - start datasource connect to jdbc:mysql://localhost:3306/ngj?autoReconnect=true
2016-03-10 18:20:15 INFO  c.alibaba.druid.pool.DruidDataSource - {dataSource-1} inited
2016-03-10 18:20:15 INFO  com.ngj.datasource.RedisClient - redis started connected to localhost:6379
2016-03-10 18:20:17 INFO  com.ngj.rest.jaxrs.JerseyResource - register service : company
2016-03-10 18:20:17 INFO  com.ngj.rest.jaxrs.JerseyResource - register service : user
2016-03-10 18:20:20 INFO  com.ngj.rest.aspect.ControllerAspect - 1||com.ngj.rest.endpoint.UserEndpoint||getUsers||[0,200]||93
2016-03-10 18:21:20 INFO  com.ngj.resource.ResourceLoadUtils - service started at dev
2016-03-10 18:21:20 INFO  com.ngj.datasource.NgjDatasource - start datasource connect to jdbc:mysql://localhost:3306/ngj?autoReconnect=true
2016-03-10 18:21:21 INFO  c.alibaba.druid.pool.DruidDataSource - {dataSource-1} inited
2016-03-10 18:21:21 INFO  com.ngj.datasource.RedisClient - redis started connected to localhost:6379
2016-03-10 18:21:22 INFO  com.ngj.rest.jaxrs.JerseyResource - register service : company
2016-03-10 18:21:22 INFO  com.ngj.rest.jaxrs.JerseyResource - register service : user
2016-03-10 18:22:04 INFO  com.ngj.resource.ResourceLoadUtils - service started at dev
2016-03-10 18:22:05 INFO  com.ngj.datasource.NgjDatasource - start datasource connect to jdbc:mysql://localhost:3306/ngj?autoReconnect=true
2016-03-10 18:22:05 INFO  c.alibaba.druid.pool.DruidDataSource - {dataSource-1} inited
2016-03-10 18:22:06 INFO  com.ngj.datasource.RedisClient - redis started connected to localhost:6379
2016-03-10 18:22:07 INFO  com.ngj.rest.jaxrs.JerseyResource - register service : company
2016-03-10 18:22:07 INFO  com.ngj.rest.jaxrs.JerseyResource - register service : user
2016-03-10 18:23:27 INFO  com.ngj.rest.aspect.ControllerAspect - 1||com.ngj.rest.endpoint.UserEndpoint||getUsers||[0,200]||98
2016-03-10 18:28:37 INFO  com.ngj.resource.ResourceLoadUtils - service started at dev
2016-03-10 18:28:37 INFO  com.ngj.datasource.NgjDatasource - start datasource connect to jdbc:mysql://localhost:3306/ngj?autoReconnect=true
2016-03-10 18:28:38 INFO  c.alibaba.druid.pool.DruidDataSource - {dataSource-1} inited
2016-03-10 18:28:38 INFO  com.ngj.datasource.RedisClient - redis started connected to localhost:6379
2016-03-10 18:28:39 INFO  com.ngj.rest.jaxrs.JerseyResource - register service : company
2016-03-10 18:28:39 INFO  com.ngj.rest.jaxrs.JerseyResource - register service : user
2016-03-10 18:28:49 INFO  statistic - 1||com.ngj.rest.endpoint.UserEndpoint||getUsers||[0,200]||110
2016-03-10 18:29:02 INFO  statistic - 1||com.ngj.rest.endpoint.UserEndpoint||getUsers||[0,200]||3
2016-03-10 18:29:02 INFO  statistic - 1||com.ngj.rest.endpoint.UserEndpoint||getUsers||[0,200]||4
2016-03-10 18:29:03 INFO  statistic - 1||com.ngj.rest.endpoint.UserEndpoint||getUsers||[0,200]||3
2016-03-10 18:29:04 INFO  statistic - 1||com.ngj.rest.endpoint.UserEndpoint||getUsers||[0,200]||4
2016-03-10 18:29:04 INFO  statistic - 1||com.ngj.rest.endpoint.UserEndpoint||getUsers||[0,200]||4
2016-03-10 18:29:05 INFO  statistic - 1||com.ngj.rest.endpoint.UserEndpoint||getUsers||[0,200]||5
2016-03-10 18:30:59 INFO  com.ngj.resource.ResourceLoadUtils - service started at dev
2016-03-10 18:30:59 INFO  com.ngj.datasource.NgjDatasource - start datasource connect to jdbc:mysql://localhost:3306/ngj?autoReconnect=true
2016-03-10 18:31:00 INFO  c.alibaba.druid.pool.DruidDataSource - {dataSource-1} inited
2016-03-10 18:31:00 INFO  com.ngj.datasource.RedisClient - redis started connected to localhost:6379
2016-03-10 18:31:01 INFO  com.ngj.rest.jaxrs.JerseyResource - register service : company
2016-03-10 18:31:01 INFO  com.ngj.rest.jaxrs.JerseyResource - register service : user
2016-03-10 18:32:31 INFO  statistic - 1||com.ngj.rest.endpoint.UserEndpoint||getUsers||[0,200]||92
