2016-06-04 00:05:04 INFO  statistic - 35||com.ngj.rest.endpoint.DataEndpoint||getData||[3,25,35]||9
2016-06-04 00:05:04 INFO  statistic - 35||com.ngj.rest.endpoint.DataEndpoint||getData||[null,25,35]||0
2016-06-04 00:05:04 INFO  statistic - 35||com.ngj.rest.endpoint.UserEndpoint||getMenuByUser||[35]||52
2016-06-04 00:05:08 INFO  statistic - 35||com.ngj.rest.endpoint.DataEndpoint||getData||[3,25,35]||5
2016-06-04 00:05:08 INFO  statistic - 35||com.ngj.rest.endpoint.DataEndpoint||getData||[3,25,35]||2
2016-06-04 00:52:30 INFO  statistic - 35||com.ngj.rest.endpoint.DataEndpoint||getData||[3,25,35]||338
2016-06-04 00:52:30 INFO  statistic - 35||com.ngj.rest.endpoint.DataEndpoint||getData||[null,25,35]||0
2016-06-04 00:53:35 INFO  statistic - 35||com.ngj.rest.endpoint.CompanyEndpoint||listCompany||[]||10
2016-06-04 00:53:35 INFO  statistic - 35||com.ngj.rest.endpoint.DataEndpoint||getData||[3,25,35]||21
2016-06-04 00:53:35 INFO  statistic - 35||com.ngj.rest.endpoint.UserEndpoint||getMenuByUser||[35]||89
2016-06-04 00:53:36 INFO  statistic - 35||com.ngj.rest.endpoint.DataEndpoint||getData||[null,25,35]||0
2016-06-04 01:40:58 INFO  statistic - 35||com.ngj.rest.endpoint.DataEndpoint||getData||[3,25,35]||112
2016-06-04 01:40:58 INFO  statistic - 35||com.ngj.rest.endpoint.DataEndpoint||getData||[3,25,35]||2
2016-06-04 01:41:30 INFO  statistic - 35||com.ngj.rest.endpoint.DataEndpoint||getData||[3,25,35]||3
2016-06-04 01:41:30 INFO  statistic - 35||com.ngj.rest.endpoint.DataEndpoint||getData||[4,25,35]||123
2016-06-04 01:41:57 INFO  statistic - 35||com.ngj.rest.endpoint.DataEndpoint||getData||[3,25,35]||7
2016-06-04 01:41:57 INFO  statistic - 35||com.ngj.rest.endpoint.CompanyEndpoint||listCompany||[]||7
2016-06-04 01:41:57 INFO  statistic - 35||com.ngj.rest.endpoint.UserEndpoint||getMenuByUser||[35]||42
2016-06-04 01:41:57 INFO  statistic - 35||com.ngj.rest.endpoint.DataEndpoint||getData||[4,25,35]||2
2016-06-04 01:46:31 INFO  statistic - 35||com.ngj.rest.endpoint.DataEndpoint||getData||[3,25,35]||5
2016-06-04 01:46:31 INFO  statistic - 35||com.ngj.rest.endpoint.DataEndpoint||getData||[3,25,35]||3
2016-06-04 10:58:21 INFO  com.ngj.resource.ResourceLoadUtils - service started at dev
2016-06-04 10:58:21 INFO  com.ngj.datasource.NgjDatasource - start datasource connect to jdbc:mysql://localhost:3306/emsApp?autoReconnect=true&useUnicode=true&characterEncoding=UTF-8
2016-06-04 10:58:21 INFO  c.alibaba.druid.pool.DruidDataSource - {dataSource-1} inited
2016-06-04 10:58:21 INFO  com.ngj.datasource.RedisClient - redis started connected to 127.0.0.1:6379
2016-06-04 10:58:23 INFO  com.ngj.rest.jaxrs.JerseyResource - register service : register
2016-06-04 10:58:23 INFO  com.ngj.rest.jaxrs.JerseyResource - register service : company
2016-06-04 10:58:23 INFO  com.ngj.rest.jaxrs.JerseyResource - register service : contract
2016-06-04 10:58:23 INFO  com.ngj.rest.jaxrs.JerseyResource - register service : data
2016-06-04 10:58:23 INFO  com.ngj.rest.jaxrs.JerseyResource - register service : group
2016-06-04 10:58:23 INFO  com.ngj.rest.jaxrs.JerseyResource - register service : item
2016-06-04 10:58:23 INFO  com.ngj.rest.jaxrs.JerseyResource - register service : keyWord
2016-06-04 10:58:23 INFO  com.ngj.rest.jaxrs.JerseyResource - register service : product
2016-06-04 10:58:23 INFO  com.ngj.rest.jaxrs.JerseyResource - register service : role
2016-06-04 10:58:23 INFO  com.ngj.rest.jaxrs.JerseyResource - register service : signForm
2016-06-04 10:58:23 INFO  com.ngj.rest.jaxrs.JerseyResource - register service : templet
2016-06-04 10:58:23 INFO  com.ngj.rest.jaxrs.JerseyResource - register service : user
2016-06-04 11:05:59 INFO  com.ngj.resource.ResourceLoadUtils - service started at dev
2016-06-04 11:05:59 INFO  com.ngj.datasource.NgjDatasource - start datasource connect to jdbc:mysql://localhost:3306/emsApp?autoReconnect=true&useUnicode=true&characterEncoding=UTF-8
2016-06-04 11:05:59 INFO  c.alibaba.druid.pool.DruidDataSource - {dataSource-1} inited
2016-06-04 11:06:00 INFO  com.ngj.datasource.RedisClient - redis started connected to 127.0.0.1:6379
2016-06-04 11:06:01 INFO  com.ngj.rest.jaxrs.JerseyResource - register service : register
2016-06-04 11:06:01 INFO  com.ngj.rest.jaxrs.JerseyResource - register service : company
2016-06-04 11:06:01 INFO  com.ngj.rest.jaxrs.JerseyResource - register service : contract
2016-06-04 11:06:01 INFO  com.ngj.rest.jaxrs.JerseyResource - register service : data
2016-06-04 11:06:01 INFO  com.ngj.rest.jaxrs.JerseyResource - register service : group
2016-06-04 11:06:01 INFO  com.ngj.rest.jaxrs.JerseyResource - register service : item
2016-06-04 11:06:01 INFO  com.ngj.rest.jaxrs.JerseyResource - register service : keyWord
2016-06-04 11:06:01 INFO  com.ngj.rest.jaxrs.JerseyResource - register service : product
2016-06-04 11:06:01 INFO  com.ngj.rest.jaxrs.JerseyResource - register service : role
2016-06-04 11:06:01 INFO  com.ngj.rest.jaxrs.JerseyResource - register service : signForm
2016-06-04 11:06:01 INFO  com.ngj.rest.jaxrs.JerseyResource - register service : templet
2016-06-04 11:06:01 INFO  com.ngj.rest.jaxrs.JerseyResource - register service : user
2016-06-04 15:02:15 INFO  com.ngj.resource.ResourceLoadUtils - service started at dev
2016-06-04 15:02:15 INFO  com.ngj.datasource.NgjDatasource - start datasource connect to jdbc:mysql://localhost:3306/emsApp?autoReconnect=true&useUnicode=true&characterEncoding=UTF-8
2016-06-04 15:02:15 INFO  c.alibaba.druid.pool.DruidDataSource - {dataSource-1} inited
2016-06-04 15:02:16 INFO  com.ngj.datasource.RedisClient - redis started connected to 127.0.0.1:6379
2016-06-04 15:02:17 INFO  com.ngj.rest.jaxrs.JerseyResource - register service : register
2016-06-04 15:02:17 INFO  com.ngj.rest.jaxrs.JerseyResource - register service : company
2016-06-04 15:02:17 INFO  com.ngj.rest.jaxrs.JerseyResource - register service : contract
2016-06-04 15:02:17 INFO  com.ngj.rest.jaxrs.JerseyResource - register service : data
2016-06-04 15:02:17 INFO  com.ngj.rest.jaxrs.JerseyResource - register service : group
2016-06-04 15:02:17 INFO  com.ngj.rest.jaxrs.JerseyResource - register service : item
2016-06-04 15:02:17 INFO  com.ngj.rest.jaxrs.JerseyResource - register service : keyWord
2016-06-04 15:02:17 INFO  com.ngj.rest.jaxrs.JerseyResource - register service : product
2016-06-04 15:02:17 INFO  com.ngj.rest.jaxrs.JerseyResource - register service : role
2016-06-04 15:02:17 INFO  com.ngj.rest.jaxrs.JerseyResource - register service : signForm
2016-06-04 15:02:17 INFO  com.ngj.rest.jaxrs.JerseyResource - register service : templet
2016-06-04 15:02:17 INFO  com.ngj.rest.jaxrs.JerseyResource - register service : user
2016-06-04 15:15:03 INFO  com.ngj.resource.ResourceLoadUtils - service started at dev
2016-06-04 15:15:03 INFO  com.ngj.datasource.NgjDatasource - start datasource connect to jdbc:mysql://localhost:3306/emsApp?autoReconnect=true&useUnicode=true&characterEncoding=UTF-8
2016-06-04 15:15:04 INFO  c.alibaba.druid.pool.DruidDataSource - {dataSource-1} inited
2016-06-04 15:15:04 INFO  com.ngj.datasource.RedisClient - redis started connected to 127.0.0.1:6379
2016-06-04 15:15:06 INFO  com.ngj.rest.jaxrs.JerseyResource - register service : register
2016-06-04 15:15:06 INFO  com.ngj.rest.jaxrs.JerseyResource - register service : company
2016-06-04 15:15:06 INFO  com.ngj.rest.jaxrs.JerseyResource - register service : contract
2016-06-04 15:15:06 INFO  com.ngj.rest.jaxrs.JerseyResource - register service : data
2016-06-04 15:15:06 INFO  com.ngj.rest.jaxrs.JerseyResource - register service : group
2016-06-04 15:15:06 INFO  com.ngj.rest.jaxrs.JerseyResource - register service : item
2016-06-04 15:15:06 INFO  com.ngj.rest.jaxrs.JerseyResource - register service : keyWord
2016-06-04 15:15:06 INFO  com.ngj.rest.jaxrs.JerseyResource - register service : product
2016-06-04 15:15:06 INFO  com.ngj.rest.jaxrs.JerseyResource - register service : role
2016-06-04 15:15:06 INFO  com.ngj.rest.jaxrs.JerseyResource - register service : signForm
2016-06-04 15:15:06 INFO  com.ngj.rest.jaxrs.JerseyResource - register service : templet
2016-06-04 15:15:06 INFO  com.ngj.rest.jaxrs.JerseyResource - register service : user
2016-06-04 15:20:40 ERROR com.ngj.rest.jaxrs.UncaughtException - rest service error
org.glassfish.jersey.server.ParamException$QueryParamException: HTTP 404 Not Found
	at org.glassfish.jersey.server.internal.inject.QueryParamValueFactoryProvider$QueryParamValueFactory.provide(QueryParamValueFactoryProvider.java:92)
	at org.glassfish.jersey.server.spi.internal.ParameterValueHelper.getParameterValues(ParameterValueHelper.java:81)
	at org.glassfish.jersey.server.model.internal.JavaResourceMethodDispatcherProvider$AbstractMethodParamInvoker.getParamValues(JavaResourceMethodDispatcherProvider.java:125)
	at org.glassfish.jersey.server.model.internal.JavaResourceMethodDispatcherProvider$TypeOutInvoker.doDispatch(JavaResourceMethodDispatcherProvider.java:203)
	at org.glassfish.jersey.server.model.internal.AbstractJavaResourceMethodDispatcher.dispatch(AbstractJavaResourceMethodDispatcher.java:101)
	at org.glassfish.jersey.server.model.ResourceMethodInvoker.invoke(ResourceMethodInvoker.java:389)
	at org.glassfish.jersey.server.model.ResourceMethodInvoker.apply(ResourceMethodInvoker.java:347)
	at org.glassfish.jersey.server.model.ResourceMethodInvoker.apply(ResourceMethodInvoker.java:102)
	at org.glassfish.jersey.server.ServerRuntime$2.run(ServerRuntime.java:305)
	at org.glassfish.jersey.internal.Errors$1.call(Errors.java:271)
	at org.glassfish.jersey.internal.Errors$1.call(Errors.java:267)
	at org.glassfish.jersey.internal.Errors.process(Errors.java:315)
	at org.glassfish.jersey.internal.Errors.process(Errors.java:297)
	at org.glassfish.jersey.internal.Errors.process(Errors.java:267)
	at org.glassfish.jersey.process.internal.RequestScope.runInScope(RequestScope.java:317)
	at org.glassfish.jersey.server.ServerRuntime.process(ServerRuntime.java:288)
	at org.glassfish.jersey.server.ApplicationHandler.handle(ApplicationHandler.java:1110)
	at org.glassfish.jersey.servlet.WebComponent.service(WebComponent.java:401)
	at org.glassfish.jersey.servlet.ServletContainer.service(ServletContainer.java:386)
	at org.glassfish.jersey.servlet.ServletContainer.service(ServletContainer.java:335)
	at org.glassfish.jersey.servlet.ServletContainer.service(ServletContainer.java:222)
	at org.eclipse.jetty.servlet.ServletHolder.handle(ServletHolder.java:806)
	at org.eclipse.jetty.servlet.ServletHandler$CachedChain.doFilter(ServletHandler.java:1669)
	at com.ngj.rest.sercurity.ExceptionFilter.doFilter(ExceptionFilter.java:26)
	at org.eclipse.jetty.servlet.ServletHandler$CachedChain.doFilter(ServletHandler.java:1652)
	at org.springframework.web.filter.CharacterEncodingFilter.doFilterInternal(CharacterEncodingFilter.java:121)
	at org.springframework.web.filter.OncePerRequestFilter.doFilter(OncePerRequestFilter.java:107)
	at org.eclipse.jetty.servlet.ServletHandler$CachedChain.doFilter(ServletHandler.java:1652)
	at org.eclipse.jetty.servlet.ServletHandler.doHandle(ServletHandler.java:585)
	at org.eclipse.jetty.server.handler.ScopedHandler.handle(ScopedHandler.java:143)
	at org.eclipse.jetty.security.SecurityHandler.handle(SecurityHandler.java:550)
	at org.eclipse.jetty.server.session.SessionHandler.doHandle(SessionHandler.java:223)
	at org.eclipse.jetty.server.handler.ContextHandler.doHandle(ContextHandler.java:1128)
	at org.eclipse.jetty.servlet.ServletHandler.doScope(ServletHandler.java:515)
	at org.eclipse.jetty.server.session.SessionHandler.doScope(SessionHandler.java:185)
	at org.eclipse.jetty.server.handler.ContextHandler.doScope(ContextHandler.java:1062)
	at org.eclipse.jetty.server.handler.ScopedHandler.handle(ScopedHandler.java:141)
	at org.eclipse.jetty.server.handler.ContextHandlerCollection.handle(ContextHandlerCollection.java:215)
	at org.eclipse.jetty.server.handler.HandlerCollection.handle(HandlerCollection.java:110)
	at org.eclipse.jetty.server.handler.HandlerWrapper.handle(HandlerWrapper.java:113)
	at org.eclipse.jetty.server.Server.handle(Server.java:507)
	at org.eclipse.jetty.server.HttpChannel.handle(HttpChannel.java:284)
	at org.eclipse.jetty.server.HttpConnection.onFillable(HttpConnection.java:237)
	at org.eclipse.jetty.io.AbstractConnection$ReadCallback.succeeded(AbstractConnection.java:240)
	at org.eclipse.jetty.io.FillInterest.fillable(FillInterest.java:93)
	at org.eclipse.jetty.io.SelectChannelEndPoint$2.run(SelectChannelEndPoint.java:53)
	at org.eclipse.jetty.util.thread.strategy.ExecuteProduceRun.produceAndRun(ExecuteProduceRun.java:191)
	at org.eclipse.jetty.util.thread.strategy.ExecuteProduceRun.run(ExecuteProduceRun.java:126)
	at org.eclipse.jetty.util.thread.QueuedThreadPool.runJob(QueuedThreadPool.java:641)
	at org.eclipse.jetty.util.thread.QueuedThreadPool$3.run(QueuedThreadPool.java:559)
	at java.lang.Thread.run(Thread.java:745)
Caused by: org.glassfish.jersey.internal.inject.ExtractorException: java.lang.NumberFormatException: For input string: "undefined"
	at org.glassfish.jersey.server.internal.inject.ParamConverters$AbstractStringReader.fromString(ParamConverters.java:95)
	at org.glassfish.jersey.server.internal.inject.AbstractParamValueExtractor.convert(AbstractParamValueExtractor.java:139)
	at org.glassfish.jersey.server.internal.inject.AbstractParamValueExtractor.fromString(AbstractParamValueExtractor.java:130)
	at org.glassfish.jersey.server.internal.inject.SingleValueExtractor.extract(SingleValueExtractor.java:84)
	at org.glassfish.jersey.server.internal.inject.QueryParamValueFactoryProvider$QueryParamValueFactory.provide(QueryParamValueFactoryProvider.java:89)
	... 50 common frames omitted
Caused by: java.lang.NumberFormatException: For input string: "undefined"
	at java.lang.NumberFormatException.forInputString(NumberFormatException.java:65)
	at java.lang.Long.parseLong(Long.java:441)
	at java.lang.Long.valueOf(Long.java:540)
	at sun.reflect.NativeMethodAccessorImpl.invoke0(Native Method)
	at sun.reflect.NativeMethodAccessorImpl.invoke(NativeMethodAccessorImpl.java:57)
	at sun.reflect.DelegatingMethodAccessorImpl.invoke(DelegatingMethodAccessorImpl.java:43)
	at java.lang.reflect.Method.invoke(Method.java:606)
	at org.glassfish.jersey.server.internal.inject.ParamConverters$TypeValueOf$1._fromString(ParamConverters.java:157)
	at org.glassfish.jersey.server.internal.inject.ParamConverters$AbstractStringReader.fromString(ParamConverters.java:85)
	... 54 common frames omitted
2016-06-04 15:20:40 ERROR com.ngj.rest.jaxrs.UncaughtException - rest service error
org.glassfish.jersey.server.ParamException$QueryParamException: HTTP 404 Not Found
	at org.glassfish.jersey.server.internal.inject.QueryParamValueFactoryProvider$QueryParamValueFactory.provide(QueryParamValueFactoryProvider.java:92)
	at org.glassfish.jersey.server.spi.internal.ParameterValueHelper.getParameterValues(ParameterValueHelper.java:81)
	at org.glassfish.jersey.server.model.internal.JavaResourceMethodDispatcherProvider$AbstractMethodParamInvoker.getParamValues(JavaResourceMethodDispatcherProvider.java:125)
	at org.glassfish.jersey.server.model.internal.JavaResourceMethodDispatcherProvider$TypeOutInvoker.doDispatch(JavaResourceMethodDispatcherProvider.java:203)
	at org.glassfish.jersey.server.model.internal.AbstractJavaResourceMethodDispatcher.dispatch(AbstractJavaResourceMethodDispatcher.java:101)
	at org.glassfish.jersey.server.model.ResourceMethodInvoker.invoke(ResourceMethodInvoker.java:389)
	at org.glassfish.jersey.server.model.ResourceMethodInvoker.apply(ResourceMethodInvoker.java:347)
	at org.glassfish.jersey.server.model.ResourceMethodInvoker.apply(ResourceMethodInvoker.java:102)
	at org.glassfish.jersey.server.ServerRuntime$2.run(ServerRuntime.java:305)
	at org.glassfish.jersey.internal.Errors$1.call(Errors.java:271)
	at org.glassfish.jersey.internal.Errors$1.call(Errors.java:267)
	at org.glassfish.jersey.internal.Errors.process(Errors.java:315)
	at org.glassfish.jersey.internal.Errors.process(Errors.java:297)
	at org.glassfish.jersey.internal.Errors.process(Errors.java:267)
	at org.glassfish.jersey.process.internal.RequestScope.runInScope(RequestScope.java:317)
	at org.glassfish.jersey.server.ServerRuntime.process(ServerRuntime.java:288)
	at org.glassfish.jersey.server.ApplicationHandler.handle(ApplicationHandler.java:1110)
	at org.glassfish.jersey.servlet.WebComponent.service(WebComponent.java:401)
	at org.glassfish.jersey.servlet.ServletContainer.service(ServletContainer.java:386)
	at org.glassfish.jersey.servlet.ServletContainer.service(ServletContainer.java:335)
	at org.glassfish.jersey.servlet.ServletContainer.service(ServletContainer.java:222)
	at org.eclipse.jetty.servlet.ServletHolder.handle(ServletHolder.java:806)
	at org.eclipse.jetty.servlet.ServletHandler$CachedChain.doFilter(ServletHandler.java:1669)
	at com.ngj.rest.sercurity.ExceptionFilter.doFilter(ExceptionFilter.java:26)
	at org.eclipse.jetty.servlet.ServletHandler$CachedChain.doFilter(ServletHandler.java:1652)
	at org.springframework.web.filter.CharacterEncodingFilter.doFilterInternal(CharacterEncodingFilter.java:121)
	at org.springframework.web.filter.OncePerRequestFilter.doFilter(OncePerRequestFilter.java:107)
	at org.eclipse.jetty.servlet.ServletHandler$CachedChain.doFilter(ServletHandler.java:1652)
	at org.eclipse.jetty.servlet.ServletHandler.doHandle(ServletHandler.java:585)
	at org.eclipse.jetty.server.handler.ScopedHandler.handle(ScopedHandler.java:143)
	at org.eclipse.jetty.security.SecurityHandler.handle(SecurityHandler.java:550)
	at org.eclipse.jetty.server.session.SessionHandler.doHandle(SessionHandler.java:223)
	at org.eclipse.jetty.server.handler.ContextHandler.doHandle(ContextHandler.java:1128)
	at org.eclipse.jetty.servlet.ServletHandler.doScope(ServletHandler.java:515)
	at org.eclipse.jetty.server.session.SessionHandler.doScope(SessionHandler.java:185)
	at org.eclipse.jetty.server.handler.ContextHandler.doScope(ContextHandler.java:1062)
	at org.eclipse.jetty.server.handler.ScopedHandler.handle(ScopedHandler.java:141)
	at org.eclipse.jetty.server.handler.ContextHandlerCollection.handle(ContextHandlerCollection.java:215)
	at org.eclipse.jetty.server.handler.HandlerCollection.handle(HandlerCollection.java:110)
	at org.eclipse.jetty.server.handler.HandlerWrapper.handle(HandlerWrapper.java:113)
	at org.eclipse.jetty.server.Server.handle(Server.java:507)
	at org.eclipse.jetty.server.HttpChannel.handle(HttpChannel.java:284)
	at org.eclipse.jetty.server.HttpConnection.onFillable(HttpConnection.java:237)
	at org.eclipse.jetty.io.AbstractConnection$ReadCallback.succeeded(AbstractConnection.java:240)
	at org.eclipse.jetty.io.FillInterest.fillable(FillInterest.java:93)
	at org.eclipse.jetty.io.SelectChannelEndPoint$2.run(SelectChannelEndPoint.java:53)
	at org.eclipse.jetty.util.thread.strategy.ExecuteProduceRun.produceAndRun(ExecuteProduceRun.java:191)
	at org.eclipse.jetty.util.thread.strategy.ExecuteProduceRun.run(ExecuteProduceRun.java:126)
	at org.eclipse.jetty.util.thread.QueuedThreadPool.runJob(QueuedThreadPool.java:641)
	at org.eclipse.jetty.util.thread.QueuedThreadPool$3.run(QueuedThreadPool.java:559)
	at java.lang.Thread.run(Thread.java:745)
Caused by: org.glassfish.jersey.internal.inject.ExtractorException: java.lang.NumberFormatException: For input string: "undefined"
	at org.glassfish.jersey.server.internal.inject.ParamConverters$AbstractStringReader.fromString(ParamConverters.java:95)
	at org.glassfish.jersey.server.internal.inject.AbstractParamValueExtractor.convert(AbstractParamValueExtractor.java:139)
	at org.glassfish.jersey.server.internal.inject.AbstractParamValueExtractor.fromString(AbstractParamValueExtractor.java:130)
	at org.glassfish.jersey.server.internal.inject.SingleValueExtractor.extract(SingleValueExtractor.java:84)
	at org.glassfish.jersey.server.internal.inject.QueryParamValueFactoryProvider$QueryParamValueFactory.provide(QueryParamValueFactoryProvider.java:89)
	... 50 common frames omitted
Caused by: java.lang.NumberFormatException: For input string: "undefined"
	at java.lang.NumberFormatException.forInputString(NumberFormatException.java:65)
	at java.lang.Long.parseLong(Long.java:441)
	at java.lang.Long.valueOf(Long.java:540)
	at sun.reflect.NativeMethodAccessorImpl.invoke0(Native Method)
	at sun.reflect.NativeMethodAccessorImpl.invoke(NativeMethodAccessorImpl.java:57)
	at sun.reflect.DelegatingMethodAccessorImpl.invoke(DelegatingMethodAccessorImpl.java:43)
	at java.lang.reflect.Method.invoke(Method.java:606)
	at org.glassfish.jersey.server.internal.inject.ParamConverters$TypeValueOf$1._fromString(ParamConverters.java:157)
	at org.glassfish.jersey.server.internal.inject.ParamConverters$AbstractStringReader.fromString(ParamConverters.java:85)
	... 54 common frames omitted
2016-06-04 15:20:41 ERROR overtime - request with empty auth /company
2016-06-04 15:20:41 ERROR overtime - user author error
org.springframework.security.authentication.BadCredentialsException: user token is exception
	at com.ngj.rest.sercurity.SecurityAspect.checkUser(SecurityAspect.java:232)
	at com.ngj.rest.sercurity.SecurityAspect.doControllerAspect(SecurityAspect.java:64)
	at sun.reflect.NativeMethodAccessorImpl.invoke0(Native Method)
	at sun.reflect.NativeMethodAccessorImpl.invoke(NativeMethodAccessorImpl.java:57)
	at sun.reflect.DelegatingMethodAccessorImpl.invoke(DelegatingMethodAccessorImpl.java:43)
	at java.lang.reflect.Method.invoke(Method.java:606)
	at org.springframework.aop.aspectj.AbstractAspectJAdvice.invokeAdviceMethodWithGivenArgs(AbstractAspectJAdvice.java:620)
	at org.springframework.aop.aspectj.AbstractAspectJAdvice.invokeAdviceMethod(AbstractAspectJAdvice.java:609)
	at org.springframework.aop.aspectj.AspectJAroundAdvice.invoke(AspectJAroundAdvice.java:68)
	at org.springframework.aop.framework.ReflectiveMethodInvocation.proceed(ReflectiveMethodInvocation.java:179)
	at org.springframework.aop.interceptor.ExposeInvocationInterceptor.invoke(ExposeInvocationInterceptor.java:92)
	at org.springframework.aop.framework.ReflectiveMethodInvocation.proceed(ReflectiveMethodInvocation.java:179)
	at org.springframework.aop.framework.CglibAopProxy$DynamicAdvisedInterceptor.intercept(CglibAopProxy.java:655)
	at com.ngj.rest.endpoint.CompanyEndpoint$$EnhancerBySpringCGLIB$$afcc52e1.listCompany(<generated>)
	at sun.reflect.NativeMethodAccessorImpl.invoke0(Native Method)
	at sun.reflect.NativeMethodAccessorImpl.invoke(NativeMethodAccessorImpl.java:57)
	at sun.reflect.DelegatingMethodAccessorImpl.invoke(DelegatingMethodAccessorImpl.java:43)
	at java.lang.reflect.Method.invoke(Method.java:606)
	at org.glassfish.jersey.server.model.internal.ResourceMethodInvocationHandlerFactory$1.invoke(ResourceMethodInvocationHandlerFactory.java:81)
	at org.glassfish.jersey.server.model.internal.AbstractJavaResourceMethodDispatcher$1.run(AbstractJavaResourceMethodDispatcher.java:164)
	at org.glassfish.jersey.server.model.internal.AbstractJavaResourceMethodDispatcher.invoke(AbstractJavaResourceMethodDispatcher.java:181)
	at org.glassfish.jersey.server.model.internal.JavaResourceMethodDispatcherProvider$TypeOutInvoker.doDispatch(JavaResourceMethodDispatcherProvider.java:203)
	at org.glassfish.jersey.server.model.internal.AbstractJavaResourceMethodDispatcher.dispatch(AbstractJavaResourceMethodDispatcher.java:101)
	at org.glassfish.jersey.server.model.ResourceMethodInvoker.invoke(ResourceMethodInvoker.java:389)
	at org.glassfish.jersey.server.model.ResourceMethodInvoker.apply(ResourceMethodInvoker.java:347)
	at org.glassfish.jersey.server.model.ResourceMethodInvoker.apply(ResourceMethodInvoker.java:102)
	at org.glassfish.jersey.server.ServerRuntime$2.run(ServerRuntime.java:305)
	at org.glassfish.jersey.internal.Errors$1.call(Errors.java:271)
	at org.glassfish.jersey.internal.Errors$1.call(Errors.java:267)
	at org.glassfish.jersey.internal.Errors.process(Errors.java:315)
	at org.glassfish.jersey.internal.Errors.process(Errors.java:297)
	at org.glassfish.jersey.internal.Errors.process(Errors.java:267)
	at org.glassfish.jersey.process.internal.RequestScope.runInScope(RequestScope.java:317)
	at org.glassfish.jersey.server.ServerRuntime.process(ServerRuntime.java:288)
	at org.glassfish.jersey.server.ApplicationHandler.handle(ApplicationHandler.java:1110)
	at org.glassfish.jersey.servlet.WebComponent.service(WebComponent.java:401)
	at org.glassfish.jersey.servlet.ServletContainer.service(ServletContainer.java:386)
	at org.glassfish.jersey.servlet.ServletContainer.service(ServletContainer.java:335)
	at org.glassfish.jersey.servlet.ServletContainer.service(ServletContainer.java:222)
	at org.eclipse.jetty.servlet.ServletHolder.handle(ServletHolder.java:806)
	at org.eclipse.jetty.servlet.ServletHandler$CachedChain.doFilter(ServletHandler.java:1669)
	at com.ngj.rest.sercurity.ExceptionFilter.doFilter(ExceptionFilter.java:26)
	at org.eclipse.jetty.servlet.ServletHandler$CachedChain.doFilter(ServletHandler.java:1652)
	at org.springframework.web.filter.CharacterEncodingFilter.doFilterInternal(CharacterEncodingFilter.java:121)
	at org.springframework.web.filter.OncePerRequestFilter.doFilter(OncePerRequestFilter.java:107)
	at org.eclipse.jetty.servlet.ServletHandler$CachedChain.doFilter(ServletHandler.java:1652)
	at org.eclipse.jetty.servlet.ServletHandler.doHandle(ServletHandler.java:585)
	at org.eclipse.jetty.server.handler.ScopedHandler.handle(ScopedHandler.java:143)
	at org.eclipse.jetty.security.SecurityHandler.handle(SecurityHandler.java:550)
	at org.eclipse.jetty.server.session.SessionHandler.doHandle(SessionHandler.java:223)
	at org.eclipse.jetty.server.handler.ContextHandler.doHandle(ContextHandler.java:1128)
	at org.eclipse.jetty.servlet.ServletHandler.doScope(ServletHandler.java:515)
	at org.eclipse.jetty.server.session.SessionHandler.doScope(SessionHandler.java:185)
	at org.eclipse.jetty.server.handler.ContextHandler.doScope(ContextHandler.java:1062)
	at org.eclipse.jetty.server.handler.ScopedHandler.handle(ScopedHandler.java:141)
	at org.eclipse.jetty.server.handler.ContextHandlerCollection.handle(ContextHandlerCollection.java:215)
	at org.eclipse.jetty.server.handler.HandlerCollection.handle(HandlerCollection.java:110)
	at org.eclipse.jetty.server.handler.HandlerWrapper.handle(HandlerWrapper.java:113)
	at org.eclipse.jetty.server.Server.handle(Server.java:507)
	at org.eclipse.jetty.server.HttpChannel.handle(HttpChannel.java:284)
	at org.eclipse.jetty.server.HttpConnection.onFillable(HttpConnection.java:237)
	at org.eclipse.jetty.io.AbstractConnection$ReadCallback.succeeded(AbstractConnection.java:240)
	at org.eclipse.jetty.io.FillInterest.fillable(FillInterest.java:93)
	at org.eclipse.jetty.io.SelectChannelEndPoint$2.run(SelectChannelEndPoint.java:53)
	at org.eclipse.jetty.util.thread.strategy.ExecuteProduceRun.produceAndRun(ExecuteProduceRun.java:191)
	at org.eclipse.jetty.util.thread.strategy.ExecuteProduceRun.run(ExecuteProduceRun.java:126)
	at org.eclipse.jetty.util.thread.QueuedThreadPool.runJob(QueuedThreadPool.java:641)
	at org.eclipse.jetty.util.thread.QueuedThreadPool$3.run(QueuedThreadPool.java:559)
	at java.lang.Thread.run(Thread.java:745)
2016-06-04 15:20:57 ERROR com.ngj.rest.jaxrs.UncaughtException - rest service error
redis.clients.jedis.exceptions.JedisConnectionException: Could not get a resource from the pool
	at redis.clients.util.Pool.getResource(Pool.java:50)
	at redis.clients.jedis.JedisPool.getResource(JedisPool.java:99)
	at com.ngj.datasource.RedisSingleClient.get(RedisSingleClient.java:56)
	at com.ngj.user.impl.UserServiceImpl.loadPassport(UserServiceImpl.java:241)
	at com.ngj.user.impl.UserServiceImpl.refreshPassport(UserServiceImpl.java:123)
	at com.ngj.user.impl.UserServiceImpl.userLogin(UserServiceImpl.java:110)
	at com.ngj.rest.endpoint.UserEndpoint.login(UserEndpoint.java:126)
	at com.ngj.rest.endpoint.UserEndpoint$$FastClassBySpringCGLIB$$408f2409.invoke(<generated>)
	at org.springframework.cglib.proxy.MethodProxy.invoke(MethodProxy.java:204)
	at org.springframework.aop.framework.CglibAopProxy$CglibMethodInvocation.invokeJoinpoint(CglibAopProxy.java:720)
	at org.springframework.aop.framework.ReflectiveMethodInvocation.proceed(ReflectiveMethodInvocation.java:157)
	at org.springframework.aop.aspectj.MethodInvocationProceedingJoinPoint.proceed(MethodInvocationProceedingJoinPoint.java:85)
	at com.ngj.rest.sercurity.SecurityAspect.doControllerAspect(SecurityAspect.java:58)
	at sun.reflect.NativeMethodAccessorImpl.invoke0(Native Method)
	at sun.reflect.NativeMethodAccessorImpl.invoke(NativeMethodAccessorImpl.java:57)
	at sun.reflect.DelegatingMethodAccessorImpl.invoke(DelegatingMethodAccessorImpl.java:43)
	at java.lang.reflect.Method.invoke(Method.java:606)
	at org.springframework.aop.aspectj.AbstractAspectJAdvice.invokeAdviceMethodWithGivenArgs(AbstractAspectJAdvice.java:620)
	at org.springframework.aop.aspectj.AbstractAspectJAdvice.invokeAdviceMethod(AbstractAspectJAdvice.java:609)
	at org.springframework.aop.aspectj.AspectJAroundAdvice.invoke(AspectJAroundAdvice.java:68)
	at org.springframework.aop.framework.ReflectiveMethodInvocation.proceed(ReflectiveMethodInvocation.java:179)
	at org.springframework.aop.interceptor.ExposeInvocationInterceptor.invoke(ExposeInvocationInterceptor.java:92)
	at org.springframework.aop.framework.ReflectiveMethodInvocation.proceed(ReflectiveMethodInvocation.java:179)
	at org.springframework.aop.framework.CglibAopProxy$DynamicAdvisedInterceptor.intercept(CglibAopProxy.java:655)
	at com.ngj.rest.endpoint.UserEndpoint$$EnhancerBySpringCGLIB$$d6faefe1.login(<generated>)
	at sun.reflect.NativeMethodAccessorImpl.invoke0(Native Method)
	at sun.reflect.NativeMethodAccessorImpl.invoke(NativeMethodAccessorImpl.java:57)
	at sun.reflect.DelegatingMethodAccessorImpl.invoke(DelegatingMethodAccessorImpl.java:43)
	at java.lang.reflect.Method.invoke(Method.java:606)
	at org.glassfish.jersey.server.model.internal.ResourceMethodInvocationHandlerFactory$1.invoke(ResourceMethodInvocationHandlerFactory.java:81)
	at org.glassfish.jersey.server.model.internal.AbstractJavaResourceMethodDispatcher$1.run(AbstractJavaResourceMethodDispatcher.java:164)
	at org.glassfish.jersey.server.model.internal.AbstractJavaResourceMethodDispatcher.invoke(AbstractJavaResourceMethodDispatcher.java:181)
	at org.glassfish.jersey.server.model.internal.JavaResourceMethodDispatcherProvider$TypeOutInvoker.doDispatch(JavaResourceMethodDispatcherProvider.java:203)
	at org.glassfish.jersey.server.model.internal.AbstractJavaResourceMethodDispatcher.dispatch(AbstractJavaResourceMethodDispatcher.java:101)
	at org.glassfish.jersey.server.model.ResourceMethodInvoker.invoke(ResourceMethodInvoker.java:389)
	at org.glassfish.jersey.server.model.ResourceMethodInvoker.apply(ResourceMethodInvoker.java:347)
	at org.glassfish.jersey.server.model.ResourceMethodInvoker.apply(ResourceMethodInvoker.java:102)
	at org.glassfish.jersey.server.ServerRuntime$2.run(ServerRuntime.java:305)
	at org.glassfish.jersey.internal.Errors$1.call(Errors.java:271)
	at org.glassfish.jersey.internal.Errors$1.call(Errors.java:267)
	at org.glassfish.jersey.internal.Errors.process(Errors.java:315)
	at org.glassfish.jersey.internal.Errors.process(Errors.java:297)
	at org.glassfish.jersey.internal.Errors.process(Errors.java:267)
	at org.glassfish.jersey.process.internal.RequestScope.runInScope(RequestScope.java:317)
	at org.glassfish.jersey.server.ServerRuntime.process(ServerRuntime.java:288)
	at org.glassfish.jersey.server.ApplicationHandler.handle(ApplicationHandler.java:1110)
	at org.glassfish.jersey.servlet.WebComponent.service(WebComponent.java:401)
	at org.glassfish.jersey.servlet.ServletContainer.service(ServletContainer.java:386)
	at org.glassfish.jersey.servlet.ServletContainer.service(ServletContainer.java:335)
	at org.glassfish.jersey.servlet.ServletContainer.service(ServletContainer.java:222)
	at org.eclipse.jetty.servlet.ServletHolder.handle(ServletHolder.java:806)
	at org.eclipse.jetty.servlet.ServletHandler$CachedChain.doFilter(ServletHandler.java:1669)
	at com.ngj.rest.sercurity.ExceptionFilter.doFilter(ExceptionFilter.java:26)
	at org.eclipse.jetty.servlet.ServletHandler$CachedChain.doFilter(ServletHandler.java:1652)
	at org.springframework.web.filter.CharacterEncodingFilter.doFilterInternal(CharacterEncodingFilter.java:121)
	at org.springframework.web.filter.OncePerRequestFilter.doFilter(OncePerRequestFilter.java:107)
	at org.eclipse.jetty.servlet.ServletHandler$CachedChain.doFilter(ServletHandler.java:1652)
	at org.eclipse.jetty.servlet.ServletHandler.doHandle(ServletHandler.java:585)
	at org.eclipse.jetty.server.handler.ScopedHandler.handle(ScopedHandler.java:143)
	at org.eclipse.jetty.security.SecurityHandler.handle(SecurityHandler.java:550)
	at org.eclipse.jetty.server.session.SessionHandler.doHandle(SessionHandler.java:223)
	at org.eclipse.jetty.server.handler.ContextHandler.doHandle(ContextHandler.java:1128)
	at org.eclipse.jetty.servlet.ServletHandler.doScope(ServletHandler.java:515)
	at org.eclipse.jetty.server.session.SessionHandler.doScope(SessionHandler.java:185)
	at org.eclipse.jetty.server.handler.ContextHandler.doScope(ContextHandler.java:1062)
	at org.eclipse.jetty.server.handler.ScopedHandler.handle(ScopedHandler.java:141)
	at org.eclipse.jetty.server.handler.ContextHandlerCollection.handle(ContextHandlerCollection.java:215)
	at org.eclipse.jetty.server.handler.HandlerCollection.handle(HandlerCollection.java:110)
	at org.eclipse.jetty.server.handler.HandlerWrapper.handle(HandlerWrapper.java:113)
	at org.eclipse.jetty.server.Server.handle(Server.java:507)
	at org.eclipse.jetty.server.HttpChannel.handle(HttpChannel.java:284)
	at org.eclipse.jetty.server.HttpConnection.onFillable(HttpConnection.java:237)
	at org.eclipse.jetty.io.AbstractConnection$ReadCallback.succeeded(AbstractConnection.java:240)
	at org.eclipse.jetty.io.FillInterest.fillable(FillInterest.java:93)
	at org.eclipse.jetty.io.SelectChannelEndPoint$2.run(SelectChannelEndPoint.java:53)
	at org.eclipse.jetty.util.thread.strategy.ExecuteProduceRun.produceAndRun(ExecuteProduceRun.java:191)
	at org.eclipse.jetty.util.thread.strategy.ExecuteProduceRun.run(ExecuteProduceRun.java:126)
	at org.eclipse.jetty.util.thread.QueuedThreadPool.runJob(QueuedThreadPool.java:641)
	at org.eclipse.jetty.util.thread.QueuedThreadPool$3.run(QueuedThreadPool.java:559)
	at java.lang.Thread.run(Thread.java:745)
Caused by: redis.clients.jedis.exceptions.JedisConnectionException: java.net.ConnectException: Connection refused
	at redis.clients.jedis.Connection.connect(Connection.java:164)
	at redis.clients.jedis.BinaryClient.connect(BinaryClient.java:80)
	at redis.clients.jedis.BinaryJedis.connect(BinaryJedis.java:1676)
	at redis.clients.jedis.JedisFactory.makeObject(JedisFactory.java:87)
	at org.apache.commons.pool2.impl.GenericObjectPool.create(GenericObjectPool.java:861)
	at org.apache.commons.pool2.impl.GenericObjectPool.borrowObject(GenericObjectPool.java:435)
	at org.apache.commons.pool2.impl.GenericObjectPool.borrowObject(GenericObjectPool.java:363)
	at redis.clients.util.Pool.getResource(Pool.java:48)
	... 79 common frames omitted
Caused by: java.net.ConnectException: Connection refused
	at java.net.PlainSocketImpl.socketConnect(Native Method)
	at java.net.AbstractPlainSocketImpl.doConnect(AbstractPlainSocketImpl.java:339)
	at java.net.AbstractPlainSocketImpl.connectToAddress(AbstractPlainSocketImpl.java:200)
	at java.net.AbstractPlainSocketImpl.connect(AbstractPlainSocketImpl.java:182)
	at java.net.SocksSocketImpl.connect(SocksSocketImpl.java:392)
	at java.net.Socket.connect(Socket.java:579)
	at redis.clients.jedis.Connection.connect(Connection.java:158)
	... 86 common frames omitted
2016-06-04 15:21:31 INFO  statistic - 35||com.ngj.rest.endpoint.DataEndpoint||getData||[3,25,35]||60
2016-06-04 15:21:31 INFO  statistic - 35||com.ngj.rest.endpoint.CompanyEndpoint||listCompany||[]||55
2016-06-04 15:21:31 INFO  statistic - 35||com.ngj.rest.endpoint.UserEndpoint||getMenuByUser||[35]||111
2016-06-04 15:21:31 INFO  statistic - 35||com.ngj.rest.endpoint.DataEndpoint||getData||[null,25,35]||0
2016-06-04 15:22:20 INFO  statistic - 35||com.ngj.rest.endpoint.DataEndpoint||getData||[3,25,35]||3
2016-06-04 15:22:20 INFO  statistic - 35||com.ngj.rest.endpoint.DataEndpoint||getData||[3,25,35]||2
2016-06-04 15:22:21 INFO  statistic - 35||com.ngj.rest.endpoint.DataEndpoint||getData||[3,25,35]||2
2016-06-04 15:22:21 INFO  statistic - 35||com.ngj.rest.endpoint.DataEndpoint||getData||[5,25,35]||37
2016-06-04 15:22:21 INFO  statistic - 35||com.ngj.rest.endpoint.DataEndpoint||getData||[3,25,35]||4
2016-06-04 15:22:21 INFO  statistic - 35||com.ngj.rest.endpoint.DataEndpoint||getData||[7,25,35]||3
2016-06-04 15:22:23 INFO  statistic - 35||com.ngj.rest.endpoint.DataEndpoint||getData||[3,25,35]||3
2016-06-04 15:22:23 INFO  statistic - 35||com.ngj.rest.endpoint.DataEndpoint||getData||[11,25,35]||62
2016-06-04 15:22:24 INFO  statistic - 35||com.ngj.rest.endpoint.DataEndpoint||getData||[3,25,35]||3
2016-06-04 15:22:24 INFO  statistic - 35||com.ngj.rest.endpoint.DataEndpoint||getData||[12,25,35]||2
2016-06-04 15:22:25 INFO  statistic - 35||com.ngj.rest.endpoint.DataEndpoint||getData||[3,25,35]||3
2016-06-04 15:22:25 INFO  statistic - 35||com.ngj.rest.endpoint.DataEndpoint||getData||[15,25,35]||4
2016-06-04 15:22:26 INFO  statistic - 35||com.ngj.rest.endpoint.DataEndpoint||getData||[3,25,35]||2
2016-06-04 15:22:26 INFO  statistic - 35||com.ngj.rest.endpoint.DataEndpoint||getData||[17,25,35]||5
2016-06-04 15:22:27 INFO  statistic - 35||com.ngj.rest.endpoint.DataEndpoint||getData||[3,25,35]||8
2016-06-04 15:22:27 INFO  statistic - 35||com.ngj.rest.endpoint.DataEndpoint||getData||[15,25,35]||2
2016-06-04 15:22:29 INFO  statistic - 35||com.ngj.rest.endpoint.DataEndpoint||getData||[3,25,35]||5
2016-06-04 15:22:29 INFO  statistic - 35||com.ngj.rest.endpoint.DataEndpoint||getData||[17,25,35]||2
2016-06-04 15:22:30 INFO  statistic - 35||com.ngj.rest.endpoint.DataEndpoint||getData||[3,25,35]||3
2016-06-04 15:22:30 INFO  statistic - 35||com.ngj.rest.endpoint.DataEndpoint||getData||[16,25,35]||3
2016-06-04 15:22:32 INFO  statistic - 35||com.ngj.rest.endpoint.DataEndpoint||getData||[3,25,35]||4
2016-06-04 15:22:32 INFO  statistic - 35||com.ngj.rest.endpoint.DataEndpoint||getData||[17,25,35]||3
2016-06-04 15:22:35 INFO  statistic - 35||com.ngj.rest.endpoint.RoleEndpoint||getRole||[35]||49
2016-06-04 15:22:35 INFO  statistic - 35||com.ngj.rest.endpoint.RoleEndpoint||get||[31]||1
2016-06-04 15:22:37 INFO  statistic - 35||com.ngj.rest.endpoint.UserEndpoint||getUsers||[null,null,25]||7
2016-06-04 15:22:37 INFO  statistic - 35||com.ngj.rest.endpoint.UserEndpoint||getUserByGroup||[31]||6
