2016-03-11 10:13:27 INFO  com.ngj.resource.ResourceLoadUtils - service started at dev
2016-03-11 10:13:27 INFO  com.ngj.datasource.NgjDatasource - start datasource connect to jdbc:mysql://localhost:3306/ngj?autoReconnect=true
2016-03-11 10:13:28 INFO  c.alibaba.druid.pool.DruidDataSource - {dataSource-1} inited
2016-03-11 10:13:28 INFO  com.ngj.datasource.RedisClient - redis started connected to localhost:6379
2016-03-11 10:13:29 INFO  com.ngj.rest.jaxrs.JerseyResource - register service : company
2016-03-11 10:13:29 INFO  com.ngj.rest.jaxrs.JerseyResource - register service : user
2016-03-11 10:13:44 INFO  statistic - 1||com.ngj.rest.endpoint.UserEndpoint||getUsers||[0,200]||96
2016-03-11 10:44:29 INFO  com.ngj.resource.ResourceLoadUtils - service started at dev
2016-03-11 10:44:29 INFO  com.ngj.datasource.NgjDatasource - start datasource connect to jdbc:mysql://localhost:3306/ngj?autoReconnect=true
2016-03-11 10:44:30 INFO  c.alibaba.druid.pool.DruidDataSource - {dataSource-1} inited
2016-03-11 10:44:30 INFO  com.ngj.datasource.RedisClient - redis started connected to localhost:6379
2016-03-11 10:44:31 INFO  com.ngj.rest.jaxrs.JerseyResource - register service : company
2016-03-11 10:44:31 INFO  com.ngj.rest.jaxrs.JerseyResource - register service : user
2016-03-11 10:44:47 INFO  statistic - 1||com.ngj.rest.endpoint.UserEndpoint||getUsers||[0,200]||108
2016-03-11 10:45:10 INFO  statistic - 1||com.ngj.rest.endpoint.UserEndpoint||getUsers||[0,200]||4
2016-03-11 10:45:11 INFO  statistic - 1||com.ngj.rest.endpoint.UserEndpoint||getUsers||[0,200]||9
2016-03-11 10:45:13 INFO  statistic - 1||com.ngj.rest.endpoint.UserEndpoint||getUsers||[0,200]||3
2016-03-11 10:45:38 INFO  com.ngj.resource.ResourceLoadUtils - service started at dev
2016-03-11 10:45:38 INFO  com.ngj.datasource.NgjDatasource - start datasource connect to jdbc:mysql://localhost:3306/ngj?autoReconnect=true
2016-03-11 10:45:39 INFO  c.alibaba.druid.pool.DruidDataSource - {dataSource-1} inited
2016-03-11 10:45:39 INFO  com.ngj.datasource.RedisClient - redis started connected to localhost:6379
2016-03-11 10:45:40 INFO  com.ngj.rest.jaxrs.JerseyResource - register service : company
2016-03-11 10:45:40 INFO  com.ngj.rest.jaxrs.JerseyResource - register service : user
2016-03-11 10:46:26 INFO  com.ngj.resource.ResourceLoadUtils - service started at dev
2016-03-11 10:46:26 INFO  com.ngj.datasource.NgjDatasource - start datasource connect to jdbc:mysql://localhost:3306/ngj?autoReconnect=true
2016-03-11 10:46:27 INFO  c.alibaba.druid.pool.DruidDataSource - {dataSource-1} inited
2016-03-11 10:46:28 INFO  com.ngj.datasource.RedisClient - redis started connected to localhost:6379
2016-03-11 10:46:29 INFO  com.ngj.rest.jaxrs.JerseyResource - register service : company
2016-03-11 10:46:29 INFO  com.ngj.rest.jaxrs.JerseyResource - register service : user
2016-03-11 10:55:57 INFO  com.ngj.resource.ResourceLoadUtils - service started at dev
2016-03-11 10:55:57 INFO  com.ngj.datasource.NgjDatasource - start datasource connect to jdbc:mysql://localhost:3306/ngj?autoReconnect=true
2016-03-11 10:55:57 INFO  c.alibaba.druid.pool.DruidDataSource - {dataSource-1} inited
2016-03-11 10:55:58 INFO  com.ngj.datasource.RedisClient - redis started connected to localhost:6379
2016-03-11 10:55:59 INFO  com.ngj.rest.jaxrs.JerseyResource - register service : company
2016-03-11 10:55:59 INFO  com.ngj.rest.jaxrs.JerseyResource - register service : user
2016-03-11 10:56:05 INFO  statistic - 1||com.ngj.rest.endpoint.UserEndpoint||getUsers||[0,200]||130
2016-03-11 10:56:06 INFO  statistic - 1||com.ngj.rest.endpoint.UserEndpoint||getUsers||[0,200]||7
2016-03-11 10:56:08 INFO  statistic - 1||com.ngj.rest.endpoint.UserEndpoint||getUsers||[0,200]||6
2016-03-11 10:56:09 INFO  statistic - 1||com.ngj.rest.endpoint.UserEndpoint||getUsers||[0,200]||6
2016-03-11 10:56:24 INFO  com.ngj.resource.ResourceLoadUtils - service started at dev
2016-03-11 10:56:24 INFO  com.ngj.datasource.NgjDatasource - start datasource connect to jdbc:mysql://localhost:3306/ngj?autoReconnect=true
2016-03-11 10:56:25 INFO  c.alibaba.druid.pool.DruidDataSource - {dataSource-1} inited
2016-03-11 10:56:25 INFO  com.ngj.datasource.RedisClient - redis started connected to localhost:6379
2016-03-11 10:56:26 INFO  com.ngj.rest.jaxrs.JerseyResource - register service : company
2016-03-11 10:56:26 INFO  com.ngj.rest.jaxrs.JerseyResource - register service : user
2016-03-11 10:57:35 INFO  statistic - 1||com.ngj.rest.endpoint.UserEndpoint||getUsers||[0,200]||150
2016-03-11 11:24:09 INFO  com.ngj.resource.ResourceLoadUtils - service started at dev
2016-03-11 11:24:09 INFO  com.ngj.datasource.NgjDatasource - start datasource connect to jdbc:mysql://localhost:3306/ngj?autoReconnect=true
2016-03-11 11:24:09 INFO  c.alibaba.druid.pool.DruidDataSource - {dataSource-1} inited
2016-03-11 11:24:10 INFO  com.ngj.datasource.RedisClient - redis started connected to localhost:6379
2016-03-11 11:24:11 INFO  com.ngj.rest.jaxrs.JerseyResource - register service : company
2016-03-11 11:24:11 INFO  com.ngj.rest.jaxrs.JerseyResource - register service : user
2016-03-11 11:24:20 INFO  org.reflections.Reflections - Reflections took 54 ms to scan 1 urls, producing 15 keys and 24 values 
2016-03-11 11:24:34 INFO  statistic - 1||com.ngj.rest.endpoint.UserEndpoint||getUsers||[0,200,null]||103
2016-03-11 11:24:58 INFO  com.ngj.resource.ResourceLoadUtils - service started at dev
2016-03-11 11:24:58 INFO  com.ngj.datasource.NgjDatasource - start datasource connect to jdbc:mysql://localhost:3306/ngj?autoReconnect=true
2016-03-11 11:24:59 INFO  c.alibaba.druid.pool.DruidDataSource - {dataSource-1} inited
2016-03-11 11:24:59 INFO  com.ngj.datasource.RedisClient - redis started connected to localhost:6379
2016-03-11 11:25:00 INFO  com.ngj.rest.jaxrs.JerseyResource - register service : company
2016-03-11 11:25:01 INFO  com.ngj.rest.jaxrs.JerseyResource - register service : user
2016-03-11 11:25:16 INFO  statistic - 1||com.ngj.rest.endpoint.UserEndpoint||getUsers||[0,200,null]||194
2016-03-11 11:27:12 INFO  com.ngj.resource.ResourceLoadUtils - service started at dev
2016-03-11 11:27:12 INFO  com.ngj.datasource.NgjDatasource - start datasource connect to jdbc:mysql://localhost:3306/ngj?autoReconnect=true
2016-03-11 11:27:13 INFO  c.alibaba.druid.pool.DruidDataSource - {dataSource-1} inited
2016-03-11 11:27:13 INFO  com.ngj.datasource.RedisClient - redis started connected to localhost:6379
2016-03-11 11:27:15 INFO  com.ngj.rest.jaxrs.JerseyResource - register service : company
2016-03-11 11:27:15 INFO  com.ngj.rest.jaxrs.JerseyResource - register service : user
2016-03-11 11:32:15 INFO  com.ngj.resource.ResourceLoadUtils - service started at dev
2016-03-11 11:32:15 INFO  com.ngj.datasource.NgjDatasource - start datasource connect to jdbc:mysql://localhost:3306/ngj?autoReconnect=true
2016-03-11 11:32:16 INFO  c.alibaba.druid.pool.DruidDataSource - {dataSource-1} inited
2016-03-11 11:32:16 INFO  com.ngj.datasource.RedisClient - redis started connected to localhost:6379
2016-03-11 11:32:18 INFO  com.ngj.rest.jaxrs.JerseyResource - register service : company
2016-03-11 11:32:18 INFO  com.ngj.rest.jaxrs.JerseyResource - register service : user
2016-03-11 11:35:31 INFO  com.ngj.resource.ResourceLoadUtils - service started at dev
2016-03-11 11:35:31 INFO  com.ngj.datasource.NgjDatasource - start datasource connect to jdbc:mysql://localhost:3306/ngj?autoReconnect=true
2016-03-11 11:35:31 INFO  c.alibaba.druid.pool.DruidDataSource - {dataSource-1} inited
2016-03-11 11:35:32 INFO  com.ngj.datasource.RedisClient - redis started connected to localhost:6379
2016-03-11 11:35:33 INFO  com.ngj.rest.jaxrs.JerseyResource - register service : company
2016-03-11 11:35:33 INFO  com.ngj.rest.jaxrs.JerseyResource - register service : user
2016-03-11 11:47:24 INFO  com.ngj.resource.ResourceLoadUtils - service started at dev
2016-03-11 11:47:24 INFO  com.ngj.datasource.NgjDatasource - start datasource connect to jdbc:mysql://localhost:3306/ngj?autoReconnect=true
2016-03-11 11:47:25 INFO  c.alibaba.druid.pool.DruidDataSource - {dataSource-1} inited
2016-03-11 11:47:25 INFO  com.ngj.datasource.RedisClient - redis started connected to localhost:6379
2016-03-11 11:47:27 INFO  com.ngj.rest.jaxrs.JerseyResource - register service : company
2016-03-11 11:47:27 INFO  com.ngj.rest.jaxrs.JerseyResource - register service : user
2016-03-11 11:47:53 INFO  statistic - 1||com.ngj.rest.endpoint.UserEndpoint||getUsers||[0,200,null]||2970
2016-03-11 11:47:53 INFO  overtime - 1||com.ngj.rest.endpoint.UserEndpoint||getUsers||[0,200,null]||2974
2016-03-11 11:49:35 INFO  statistic - 1||com.ngj.rest.endpoint.UserEndpoint||getUsers||[0,200,null]||2915
2016-03-11 11:49:35 INFO  overtime - 1||com.ngj.rest.endpoint.UserEndpoint||getUsers||[0,200,null]||2917
2016-03-11 11:55:40 INFO  com.ngj.resource.ResourceLoadUtils - service started at dev
2016-03-11 11:55:40 INFO  com.ngj.datasource.NgjDatasource - start datasource connect to jdbc:mysql://localhost:3306/ngj?autoReconnect=true
2016-03-11 11:55:40 INFO  c.alibaba.druid.pool.DruidDataSource - {dataSource-1} inited
2016-03-11 11:55:41 INFO  com.ngj.datasource.RedisClient - redis started connected to localhost:6379
2016-03-11 11:55:42 INFO  com.ngj.rest.jaxrs.JerseyResource - register service : company
2016-03-11 11:55:42 INFO  com.ngj.rest.jaxrs.JerseyResource - register service : user
2016-03-11 11:58:02 INFO  com.ngj.resource.ResourceLoadUtils - service started at dev
2016-03-11 11:58:02 INFO  com.ngj.datasource.NgjDatasource - start datasource connect to jdbc:mysql://localhost:3306/ngj?autoReconnect=true
2016-03-11 11:58:02 INFO  c.alibaba.druid.pool.DruidDataSource - {dataSource-1} inited
2016-03-11 11:58:03 INFO  com.ngj.datasource.RedisClient - redis started connected to localhost:6379
2016-03-11 11:58:04 INFO  com.ngj.rest.jaxrs.JerseyResource - register service : company
2016-03-11 11:58:04 INFO  com.ngj.rest.jaxrs.JerseyResource - register service : user
2016-03-11 11:58:15 INFO  statistic - 1||com.ngj.rest.endpoint.UserEndpoint||getUsers||[0,200,null]||4654
2016-03-11 11:58:15 INFO  overtime - 1||com.ngj.rest.endpoint.UserEndpoint||getUsers||[0,200,null]||4657
2016-03-11 12:02:35 INFO  com.ngj.resource.ResourceLoadUtils - service started at dev
2016-03-11 12:02:36 INFO  com.ngj.datasource.NgjDatasource - start datasource connect to jdbc:mysql://localhost:3306/ngj?autoReconnect=true
2016-03-11 12:02:36 INFO  c.alibaba.druid.pool.DruidDataSource - {dataSource-1} inited
2016-03-11 12:02:37 INFO  com.ngj.datasource.RedisClient - redis started connected to localhost:6379
2016-03-11 12:02:38 INFO  com.ngj.rest.jaxrs.JerseyResource - register service : company
2016-03-11 12:02:38 INFO  com.ngj.rest.jaxrs.JerseyResource - register service : user
2016-03-11 12:02:50 INFO  org.reflections.Reflections - Reflections took 43 ms to scan 1 urls, producing 15 keys and 24 values 
2016-03-11 12:03:04 INFO  statistic - 1||com.ngj.rest.endpoint.UserEndpoint||getUsers||[0,200,null]||6581
2016-03-11 12:03:04 INFO  overtime - 1||com.ngj.rest.endpoint.UserEndpoint||getUsers||[0,200,null]||6582
2016-03-11 12:25:37 INFO  statistic - 1||com.ngj.rest.endpoint.UserEndpoint||getUsers||[0,200,null]||18
2016-03-11 12:36:04 INFO  statistic - 1||com.ngj.rest.endpoint.UserEndpoint||getUsers||[0,200,null]||8
2016-03-11 12:36:29 INFO  statistic - 1||com.ngj.rest.endpoint.UserEndpoint||getUsers||[0,200,null]||5
2016-03-11 12:37:12 INFO  com.ngj.resource.ResourceLoadUtils - service started at dev
2016-03-11 12:37:12 INFO  com.ngj.datasource.NgjDatasource - start datasource connect to jdbc:mysql://localhost:3306/ngj?autoReconnect=true
2016-03-11 12:37:48 INFO  com.ngj.resource.ResourceLoadUtils - service started at dev
2016-03-11 12:37:48 INFO  com.ngj.datasource.NgjDatasource - start datasource connect to jdbc:mysql://localhost:3306/ngj?autoReconnect=true
2016-03-11 12:37:49 INFO  c.alibaba.druid.pool.DruidDataSource - {dataSource-1} inited
2016-03-11 12:37:49 INFO  com.ngj.datasource.RedisClient - redis started connected to localhost:6379
2016-03-11 12:37:51 INFO  com.ngj.rest.jaxrs.JerseyResource - register service : company
2016-03-11 12:37:51 INFO  com.ngj.rest.jaxrs.JerseyResource - register service : user
2016-03-11 12:37:59 ERROR com.ngj.rest.jaxrs.UncaughtException - rest service error
java.lang.NullPointerException: null
	at com.ngj.rest.aspect.ControllerAspect.doControllerAspect(ControllerAspect.java:38)
	at sun.reflect.NativeMethodAccessorImpl.invoke0(Native Method)
	at sun.reflect.NativeMethodAccessorImpl.invoke(NativeMethodAccessorImpl.java:62)
	at sun.reflect.DelegatingMethodAccessorImpl.invoke(DelegatingMethodAccessorImpl.java:43)
	at java.lang.reflect.Method.invoke(Method.java:497)
	at org.springframework.aop.aspectj.AbstractAspectJAdvice.invokeAdviceMethodWithGivenArgs(AbstractAspectJAdvice.java:620)
	at org.springframework.aop.aspectj.AbstractAspectJAdvice.invokeAdviceMethod(AbstractAspectJAdvice.java:609)
	at org.springframework.aop.aspectj.AspectJAroundAdvice.invoke(AspectJAroundAdvice.java:68)
	at org.springframework.aop.framework.ReflectiveMethodInvocation.proceed(ReflectiveMethodInvocation.java:179)
	at org.springframework.aop.interceptor.ExposeInvocationInterceptor.invoke(ExposeInvocationInterceptor.java:92)
	at org.springframework.aop.framework.ReflectiveMethodInvocation.proceed(ReflectiveMethodInvocation.java:179)
	at org.springframework.aop.framework.CglibAopProxy$DynamicAdvisedInterceptor.intercept(CglibAopProxy.java:655)
	at com.ngj.rest.endpoint.UserEndpoint$$EnhancerBySpringCGLIB$$92fff32b.getUsers(<generated>)
	at sun.reflect.NativeMethodAccessorImpl.invoke0(Native Method)
	at sun.reflect.NativeMethodAccessorImpl.invoke(NativeMethodAccessorImpl.java:62)
	at sun.reflect.DelegatingMethodAccessorImpl.invoke(DelegatingMethodAccessorImpl.java:43)
	at java.lang.reflect.Method.invoke(Method.java:497)
	at org.glassfish.jersey.server.model.internal.ResourceMethodInvocationHandlerFactory$1.invoke(ResourceMethodInvocationHandlerFactory.java:81)
	at org.glassfish.jersey.server.model.internal.AbstractJavaResourceMethodDispatcher$1.run(AbstractJavaResourceMethodDispatcher.java:164)
	at org.glassfish.jersey.server.model.internal.AbstractJavaResourceMethodDispatcher.invoke(AbstractJavaResourceMethodDispatcher.java:181)
	at org.glassfish.jersey.server.model.internal.JavaResourceMethodDispatcherProvider$TypeOutInvoker.doDispatch(JavaResourceMethodDispatcherProvider.java:203)
	at org.glassfish.jersey.server.model.internal.AbstractJavaResourceMethodDispatcher.dispatch(AbstractJavaResourceMethodDispatcher.java:101)
	at org.glassfish.jersey.server.model.ResourceMethodInvoker.invoke(ResourceMethodInvoker.java:389)
	at org.glassfish.jersey.server.model.ResourceMethodInvoker.apply(ResourceMethodInvoker.java:347)
	at org.glassfish.jersey.server.model.ResourceMethodInvoker.apply(ResourceMethodInvoker.java:102)
	at org.glassfish.jersey.server.ServerRuntime$2.run(ServerRuntime.java:305)
	at org.glassfish.jersey.internal.Errors$1.call(Errors.java:271)
	at org.glassfish.jersey.internal.Errors$1.call(Errors.java:267)
	at org.glassfish.jersey.internal.Errors.process(Errors.java:315)
	at org.glassfish.jersey.internal.Errors.process(Errors.java:297)
	at org.glassfish.jersey.internal.Errors.process(Errors.java:267)
	at org.glassfish.jersey.process.internal.RequestScope.runInScope(RequestScope.java:317)
	at org.glassfish.jersey.server.ServerRuntime.process(ServerRuntime.java:288)
	at org.glassfish.jersey.server.ApplicationHandler.handle(ApplicationHandler.java:1110)
	at org.glassfish.jersey.servlet.WebComponent.service(WebComponent.java:401)
	at org.glassfish.jersey.servlet.ServletContainer.service(ServletContainer.java:386)
	at org.glassfish.jersey.servlet.ServletContainer.service(ServletContainer.java:335)
	at org.glassfish.jersey.servlet.ServletContainer.service(ServletContainer.java:222)
	at org.eclipse.jetty.servlet.ServletHolder.handle(ServletHolder.java:806)
	at org.eclipse.jetty.servlet.ServletHandler$CachedChain.doFilter(ServletHandler.java:1669)
	at com.ngj.security.ExceptionFilter.doFilter(ExceptionFilter.java:20)
	at org.eclipse.jetty.servlet.ServletHandler$CachedChain.doFilter(ServletHandler.java:1652)
	at org.springframework.security.web.FilterChainProxy$VirtualFilterChain.doFilter(FilterChainProxy.java:316)
	at org.springframework.security.web.access.intercept.FilterSecurityInterceptor.invoke(FilterSecurityInterceptor.java:126)
	at org.springframework.security.web.access.intercept.FilterSecurityInterceptor.doFilter(FilterSecurityInterceptor.java:90)
	at org.springframework.security.web.FilterChainProxy$VirtualFilterChain.doFilter(FilterChainProxy.java:330)
	at org.springframework.security.web.access.ExceptionTranslationFilter.doFilter(ExceptionTranslationFilter.java:114)
	at org.springframework.security.web.FilterChainProxy$VirtualFilterChain.doFilter(FilterChainProxy.java:330)
	at org.springframework.security.web.authentication.AnonymousAuthenticationFilter.doFilter(AnonymousAuthenticationFilter.java:111)
	at org.springframework.security.web.FilterChainProxy$VirtualFilterChain.doFilter(FilterChainProxy.java:330)
	at org.springframework.security.web.servletapi.SecurityContextHolderAwareRequestFilter.doFilter(SecurityContextHolderAwareRequestFilter.java:169)
	at org.springframework.security.web.FilterChainProxy$VirtualFilterChain.doFilter(FilterChainProxy.java:330)
	at com.ngj.security.NgjSecurityFilter.doFilter(NgjSecurityFilter.java:83)
	at org.springframework.security.web.FilterChainProxy$VirtualFilterChain.doFilter(FilterChainProxy.java:330)
	at org.springframework.security.web.header.HeaderWriterFilter.doFilterInternal(HeaderWriterFilter.java:64)
	at org.springframework.web.filter.OncePerRequestFilter.doFilter(OncePerRequestFilter.java:107)
	at org.springframework.security.web.FilterChainProxy$VirtualFilterChain.doFilter(FilterChainProxy.java:330)
	at org.springframework.security.web.context.request.async.WebAsyncManagerIntegrationFilter.doFilterInternal(WebAsyncManagerIntegrationFilter.java:53)
	at org.springframework.web.filter.OncePerRequestFilter.doFilter(OncePerRequestFilter.java:107)
	at org.springframework.security.web.FilterChainProxy$VirtualFilterChain.doFilter(FilterChainProxy.java:330)
	at org.springframework.security.web.context.SecurityContextPersistenceFilter.doFilter(SecurityContextPersistenceFilter.java:91)
	at org.springframework.security.web.FilterChainProxy$VirtualFilterChain.doFilter(FilterChainProxy.java:330)
	at org.springframework.security.web.FilterChainProxy.doFilterInternal(FilterChainProxy.java:213)
	at org.springframework.security.web.FilterChainProxy.doFilter(FilterChainProxy.java:176)
	at org.springframework.web.filter.DelegatingFilterProxy.invokeDelegate(DelegatingFilterProxy.java:346)
	at org.springframework.web.filter.DelegatingFilterProxy.doFilter(DelegatingFilterProxy.java:262)
	at org.eclipse.jetty.servlet.ServletHandler$CachedChain.doFilter(ServletHandler.java:1652)
	at org.springframework.web.filter.CharacterEncodingFilter.doFilterInternal(CharacterEncodingFilter.java:121)
	at org.springframework.web.filter.OncePerRequestFilter.doFilter(OncePerRequestFilter.java:107)
	at org.eclipse.jetty.servlet.ServletHandler$CachedChain.doFilter(ServletHandler.java:1652)
	at org.eclipse.jetty.servlet.ServletHandler.doHandle(ServletHandler.java:585)
	at org.eclipse.jetty.server.handler.ScopedHandler.handle(ScopedHandler.java:143)
	at org.eclipse.jetty.security.SecurityHandler.handle(SecurityHandler.java:550)
	at org.eclipse.jetty.server.session.SessionHandler.doHandle(SessionHandler.java:223)
	at org.eclipse.jetty.server.handler.ContextHandler.doHandle(ContextHandler.java:1128)
	at org.eclipse.jetty.servlet.ServletHandler.doScope(ServletHandler.java:515)
	at org.eclipse.jetty.server.session.SessionHandler.doScope(SessionHandler.java:185)
	at org.eclipse.jetty.server.handler.ContextHandler.doScope(ContextHandler.java:1062)
	at org.eclipse.jetty.server.handler.ScopedHandler.handle(ScopedHandler.java:141)
	at org.eclipse.jetty.server.handler.ContextHandlerCollection.handle(ContextHandlerCollection.java:215)
	at org.eclipse.jetty.server.handler.HandlerCollection.handle(HandlerCollection.java:110)
	at org.eclipse.jetty.server.handler.HandlerWrapper.handle(HandlerWrapper.java:113)
	at org.eclipse.jetty.server.Server.handle(Server.java:507)
	at org.eclipse.jetty.server.HttpChannel.handle(HttpChannel.java:284)
	at org.eclipse.jetty.server.HttpConnection.onFillable(HttpConnection.java:237)
	at org.eclipse.jetty.io.AbstractConnection$ReadCallback.succeeded(AbstractConnection.java:240)
	at org.eclipse.jetty.io.FillInterest.fillable(FillInterest.java:93)
	at org.eclipse.jetty.io.SelectChannelEndPoint$2.run(SelectChannelEndPoint.java:53)
	at org.eclipse.jetty.util.thread.strategy.ExecuteProduceRun.produceAndRun(ExecuteProduceRun.java:191)
	at org.eclipse.jetty.util.thread.strategy.ExecuteProduceRun.run(ExecuteProduceRun.java:126)
	at org.eclipse.jetty.util.thread.QueuedThreadPool.runJob(QueuedThreadPool.java:641)
	at org.eclipse.jetty.util.thread.QueuedThreadPool$3.run(QueuedThreadPool.java:559)
	at java.lang.Thread.run(Thread.java:745)
2016-03-11 14:33:44 INFO  com.ngj.resource.ResourceLoadUtils - service started at dev
2016-03-11 14:33:44 INFO  com.ngj.datasource.NgjDatasource - start datasource connect to jdbc:mysql://localhost:3306/ngj?autoReconnect=true
2016-03-11 14:33:45 INFO  c.alibaba.druid.pool.DruidDataSource - {dataSource-1} inited
2016-03-11 14:33:46 INFO  com.ngj.datasource.RedisClient - redis started connected to localhost:6379
2016-03-11 14:33:47 INFO  com.ngj.rest.jaxrs.JerseyResource - register service : company
2016-03-11 14:33:47 INFO  com.ngj.rest.jaxrs.JerseyResource - register service : user
2016-03-11 14:42:50 INFO  com.ngj.resource.ResourceLoadUtils - service started at dev
2016-03-11 14:42:50 INFO  com.ngj.datasource.NgjDatasource - start datasource connect to jdbc:mysql://localhost:3306/ngj?autoReconnect=true
2016-03-11 14:42:51 INFO  c.alibaba.druid.pool.DruidDataSource - {dataSource-1} inited
2016-03-11 14:42:51 INFO  com.ngj.datasource.RedisClient - redis started connected to localhost:6379
2016-03-11 14:42:53 INFO  com.ngj.rest.jaxrs.JerseyResource - register service : company
2016-03-11 14:42:53 INFO  com.ngj.rest.jaxrs.JerseyResource - register service : user
2016-03-11 14:43:13 ERROR com.ngj.rest.jaxrs.UncaughtException - rest service error
java.lang.SecurityException: Prohibited package name: java.lang
	at java.lang.ClassLoader.preDefineClass(ClassLoader.java:659)
	at java.lang.ClassLoader.defineClass(ClassLoader.java:758)
	at java.security.SecureClassLoader.defineClass(SecureClassLoader.java:142)
	at java.net.URLClassLoader.defineClass(URLClassLoader.java:467)
	at java.net.URLClassLoader.access$100(URLClassLoader.java:73)
	at java.net.URLClassLoader$1.run(URLClassLoader.java:368)
	at java.net.URLClassLoader$1.run(URLClassLoader.java:362)
	at java.security.AccessController.doPrivileged(Native Method)
	at java.net.URLClassLoader.findClass(URLClassLoader.java:361)
	at org.eclipse.jetty.webapp.WebAppClassLoader.findClass(WebAppClassLoader.java:510)
	at org.eclipse.jetty.webapp.WebAppClassLoader.loadClass(WebAppClassLoader.java:441)
	at org.eclipse.jetty.webapp.WebAppClassLoader.loadClass(WebAppClassLoader.java:403)
	at com.ngj.rest.aspect.ControllerAspect.doControllerAspect(ControllerAspect.java:35)
	at sun.reflect.NativeMethodAccessorImpl.invoke0(Native Method)
	at sun.reflect.NativeMethodAccessorImpl.invoke(NativeMethodAccessorImpl.java:62)
	at sun.reflect.DelegatingMethodAccessorImpl.invoke(DelegatingMethodAccessorImpl.java:43)
	at java.lang.reflect.Method.invoke(Method.java:497)
	at org.springframework.aop.aspectj.AbstractAspectJAdvice.invokeAdviceMethodWithGivenArgs(AbstractAspectJAdvice.java:620)
	at org.springframework.aop.aspectj.AbstractAspectJAdvice.invokeAdviceMethod(AbstractAspectJAdvice.java:609)
	at org.springframework.aop.aspectj.AspectJAroundAdvice.invoke(AspectJAroundAdvice.java:68)
	at org.springframework.aop.framework.ReflectiveMethodInvocation.proceed(ReflectiveMethodInvocation.java:179)
	at org.springframework.aop.interceptor.ExposeInvocationInterceptor.invoke(ExposeInvocationInterceptor.java:92)
	at org.springframework.aop.framework.ReflectiveMethodInvocation.proceed(ReflectiveMethodInvocation.java:179)
	at org.springframework.aop.framework.CglibAopProxy$DynamicAdvisedInterceptor.intercept(CglibAopProxy.java:655)
	at com.ngj.rest.endpoint.UserEndpoint$$EnhancerBySpringCGLIB$$f9c5f4de.getUsers(<generated>)
	at sun.reflect.NativeMethodAccessorImpl.invoke0(Native Method)
	at sun.reflect.NativeMethodAccessorImpl.invoke(NativeMethodAccessorImpl.java:62)
	at sun.reflect.DelegatingMethodAccessorImpl.invoke(DelegatingMethodAccessorImpl.java:43)
	at java.lang.reflect.Method.invoke(Method.java:497)
	at org.glassfish.jersey.server.model.internal.ResourceMethodInvocationHandlerFactory$1.invoke(ResourceMethodInvocationHandlerFactory.java:81)
	at org.glassfish.jersey.server.model.internal.AbstractJavaResourceMethodDispatcher$1.run(AbstractJavaResourceMethodDispatcher.java:164)
	at org.glassfish.jersey.server.model.internal.AbstractJavaResourceMethodDispatcher.invoke(AbstractJavaResourceMethodDispatcher.java:181)
	at org.glassfish.jersey.server.model.internal.JavaResourceMethodDispatcherProvider$TypeOutInvoker.doDispatch(JavaResourceMethodDispatcherProvider.java:203)
	at org.glassfish.jersey.server.model.internal.AbstractJavaResourceMethodDispatcher.dispatch(AbstractJavaResourceMethodDispatcher.java:101)
	at org.glassfish.jersey.server.model.ResourceMethodInvoker.invoke(ResourceMethodInvoker.java:389)
	at org.glassfish.jersey.server.model.ResourceMethodInvoker.apply(ResourceMethodInvoker.java:347)
	at org.glassfish.jersey.server.model.ResourceMethodInvoker.apply(ResourceMethodInvoker.java:102)
	at org.glassfish.jersey.server.ServerRuntime$2.run(ServerRuntime.java:305)
	at org.glassfish.jersey.internal.Errors$1.call(Errors.java:271)
	at org.glassfish.jersey.internal.Errors$1.call(Errors.java:267)
	at org.glassfish.jersey.internal.Errors.process(Errors.java:315)
	at org.glassfish.jersey.internal.Errors.process(Errors.java:297)
	at org.glassfish.jersey.internal.Errors.process(Errors.java:267)
	at org.glassfish.jersey.process.internal.RequestScope.runInScope(RequestScope.java:317)
	at org.glassfish.jersey.server.ServerRuntime.process(ServerRuntime.java:288)
	at org.glassfish.jersey.server.ApplicationHandler.handle(ApplicationHandler.java:1110)
	at org.glassfish.jersey.servlet.WebComponent.service(WebComponent.java:401)
	at org.glassfish.jersey.servlet.ServletContainer.service(ServletContainer.java:386)
	at org.glassfish.jersey.servlet.ServletContainer.service(ServletContainer.java:335)
	at org.glassfish.jersey.servlet.ServletContainer.service(ServletContainer.java:222)
	at org.eclipse.jetty.servlet.ServletHolder.handle(ServletHolder.java:806)
	at org.eclipse.jetty.servlet.ServletHandler$CachedChain.doFilter(ServletHandler.java:1669)
	at com.ngj.security.ExceptionFilter.doFilter(ExceptionFilter.java:20)
	at org.eclipse.jetty.servlet.ServletHandler$CachedChain.doFilter(ServletHandler.java:1652)
	at org.springframework.security.web.FilterChainProxy$VirtualFilterChain.doFilter(FilterChainProxy.java:316)
	at org.springframework.security.web.access.intercept.FilterSecurityInterceptor.invoke(FilterSecurityInterceptor.java:126)
	at org.springframework.security.web.access.intercept.FilterSecurityInterceptor.doFilter(FilterSecurityInterceptor.java:90)
	at org.springframework.security.web.FilterChainProxy$VirtualFilterChain.doFilter(FilterChainProxy.java:330)
	at org.springframework.security.web.access.ExceptionTranslationFilter.doFilter(ExceptionTranslationFilter.java:114)
	at org.springframework.security.web.FilterChainProxy$VirtualFilterChain.doFilter(FilterChainProxy.java:330)
	at org.springframework.security.web.authentication.AnonymousAuthenticationFilter.doFilter(AnonymousAuthenticationFilter.java:111)
	at org.springframework.security.web.FilterChainProxy$VirtualFilterChain.doFilter(FilterChainProxy.java:330)
	at org.springframework.security.web.servletapi.SecurityContextHolderAwareRequestFilter.doFilter(SecurityContextHolderAwareRequestFilter.java:169)
	at org.springframework.security.web.FilterChainProxy$VirtualFilterChain.doFilter(FilterChainProxy.java:330)
	at com.ngj.security.NgjSecurityFilter.doFilter(NgjSecurityFilter.java:83)
	at org.springframework.security.web.FilterChainProxy$VirtualFilterChain.doFilter(FilterChainProxy.java:330)
	at org.springframework.security.web.header.HeaderWriterFilter.doFilterInternal(HeaderWriterFilter.java:64)
	at org.springframework.web.filter.OncePerRequestFilter.doFilter(OncePerRequestFilter.java:107)
	at org.springframework.security.web.FilterChainProxy$VirtualFilterChain.doFilter(FilterChainProxy.java:330)
	at org.springframework.security.web.context.request.async.WebAsyncManagerIntegrationFilter.doFilterInternal(WebAsyncManagerIntegrationFilter.java:53)
	at org.springframework.web.filter.OncePerRequestFilter.doFilter(OncePerRequestFilter.java:107)
	at org.springframework.security.web.FilterChainProxy$VirtualFilterChain.doFilter(FilterChainProxy.java:330)
	at org.springframework.security.web.context.SecurityContextPersistenceFilter.doFilter(SecurityContextPersistenceFilter.java:91)
	at org.springframework.security.web.FilterChainProxy$VirtualFilterChain.doFilter(FilterChainProxy.java:330)
	at org.springframework.security.web.FilterChainProxy.doFilterInternal(FilterChainProxy.java:213)
	at org.springframework.security.web.FilterChainProxy.doFilter(FilterChainProxy.java:176)
	at org.springframework.web.filter.DelegatingFilterProxy.invokeDelegate(DelegatingFilterProxy.java:346)
	at org.springframework.web.filter.DelegatingFilterProxy.doFilter(DelegatingFilterProxy.java:262)
	at org.eclipse.jetty.servlet.ServletHandler$CachedChain.doFilter(ServletHandler.java:1652)
	at org.springframework.web.filter.CharacterEncodingFilter.doFilterInternal(CharacterEncodingFilter.java:121)
	at org.springframework.web.filter.OncePerRequestFilter.doFilter(OncePerRequestFilter.java:107)
	at org.eclipse.jetty.servlet.ServletHandler$CachedChain.doFilter(ServletHandler.java:1652)
	at org.eclipse.jetty.servlet.ServletHandler.doHandle(ServletHandler.java:585)
	at org.eclipse.jetty.server.handler.ScopedHandler.handle(ScopedHandler.java:143)
	at org.eclipse.jetty.security.SecurityHandler.handle(SecurityHandler.java:550)
	at org.eclipse.jetty.server.session.SessionHandler.doHandle(SessionHandler.java:223)
	at org.eclipse.jetty.server.handler.ContextHandler.doHandle(ContextHandler.java:1128)
	at org.eclipse.jetty.servlet.ServletHandler.doScope(ServletHandler.java:515)
	at org.eclipse.jetty.server.session.SessionHandler.doScope(SessionHandler.java:185)
	at org.eclipse.jetty.server.handler.ContextHandler.doScope(ContextHandler.java:1062)
	at org.eclipse.jetty.server.handler.ScopedHandler.handle(ScopedHandler.java:141)
	at org.eclipse.jetty.server.handler.ContextHandlerCollection.handle(ContextHandlerCollection.java:215)
	at org.eclipse.jetty.server.handler.HandlerCollection.handle(HandlerCollection.java:110)
	at org.eclipse.jetty.server.handler.HandlerWrapper.handle(HandlerWrapper.java:113)
	at org.eclipse.jetty.server.Server.handle(Server.java:507)
	at org.eclipse.jetty.server.HttpChannel.handle(HttpChannel.java:284)
	at org.eclipse.jetty.server.HttpConnection.onFillable(HttpConnection.java:237)
	at org.eclipse.jetty.io.AbstractConnection$ReadCallback.succeeded(AbstractConnection.java:240)
	at org.eclipse.jetty.io.FillInterest.fillable(FillInterest.java:93)
	at org.eclipse.jetty.io.SelectChannelEndPoint$2.run(SelectChannelEndPoint.java:53)
	at org.eclipse.jetty.util.thread.strategy.ExecuteProduceRun.produceAndRun(ExecuteProduceRun.java:191)
	at org.eclipse.jetty.util.thread.strategy.ExecuteProduceRun.run(ExecuteProduceRun.java:126)
	at org.eclipse.jetty.util.thread.QueuedThreadPool.runJob(QueuedThreadPool.java:641)
	at org.eclipse.jetty.util.thread.QueuedThreadPool$3.run(QueuedThreadPool.java:559)
	at java.lang.Thread.run(Thread.java:745)
2016-03-11 14:46:36 INFO  com.ngj.resource.ResourceLoadUtils - service started at dev
2016-03-11 14:46:36 INFO  com.ngj.datasource.NgjDatasource - start datasource connect to jdbc:mysql://localhost:3306/ngj?autoReconnect=true
2016-03-11 14:46:36 INFO  c.alibaba.druid.pool.DruidDataSource - {dataSource-1} inited
2016-03-11 14:46:37 INFO  com.ngj.datasource.RedisClient - redis started connected to localhost:6379
2016-03-11 14:46:39 INFO  com.ngj.rest.jaxrs.JerseyResource - register service : company
2016-03-11 14:46:39 INFO  com.ngj.rest.jaxrs.JerseyResource - register service : user
2016-03-11 14:46:55 INFO  statistic - 1||com.ngj.rest.endpoint.UserEndpoint||getUsers||[0,200,null]||252
2016-03-11 14:47:59 INFO  com.ngj.resource.ResourceLoadUtils - service started at dev
2016-03-11 14:48:00 INFO  com.ngj.datasource.NgjDatasource - start datasource connect to jdbc:mysql://localhost:3306/ngj?autoReconnect=true
2016-03-11 14:48:00 INFO  c.alibaba.druid.pool.DruidDataSource - {dataSource-1} inited
2016-03-11 14:48:01 INFO  com.ngj.datasource.RedisClient - redis started connected to localhost:6379
2016-03-11 14:48:02 INFO  com.ngj.rest.jaxrs.JerseyResource - register service : company
2016-03-11 14:48:02 INFO  com.ngj.rest.jaxrs.JerseyResource - register service : user
2016-03-11 14:53:51 INFO  com.ngj.resource.ResourceLoadUtils - service started at dev
2016-03-11 14:53:51 INFO  com.ngj.datasource.NgjDatasource - start datasource connect to jdbc:mysql://localhost:3306/ngj?autoReconnect=true
2016-03-11 14:53:52 INFO  c.alibaba.druid.pool.DruidDataSource - {dataSource-1} inited
2016-03-11 14:53:52 INFO  com.ngj.datasource.RedisClient - redis started connected to localhost:6379
2016-03-11 14:53:54 INFO  com.ngj.rest.jaxrs.JerseyResource - register service : company
2016-03-11 14:53:54 INFO  com.ngj.rest.jaxrs.JerseyResource - register service : user
2016-03-11 15:21:37 INFO  com.ngj.resource.ResourceLoadUtils - service started at dev
2016-03-11 15:21:37 INFO  com.ngj.datasource.NgjDatasource - start datasource connect to jdbc:mysql://localhost:3306/ngj?autoReconnect=true
2016-03-11 15:21:37 INFO  c.alibaba.druid.pool.DruidDataSource - {dataSource-1} inited
2016-03-11 15:21:38 INFO  com.ngj.datasource.RedisClient - redis started connected to localhost:6379
2016-03-11 15:21:40 INFO  com.ngj.rest.jaxrs.JerseyResource - register service : company
2016-03-11 15:21:40 INFO  com.ngj.rest.jaxrs.JerseyResource - register service : user
2016-03-11 15:34:36 INFO  com.ngj.resource.ResourceLoadUtils - service started at dev
2016-03-11 15:34:36 INFO  com.ngj.datasource.NgjDatasource - start datasource connect to jdbc:mysql://localhost:3306/ngj?autoReconnect=true
2016-03-11 15:34:37 INFO  c.alibaba.druid.pool.DruidDataSource - {dataSource-1} inited
2016-03-11 15:34:38 INFO  com.ngj.datasource.RedisClient - redis started connected to localhost:6379
2016-03-11 15:34:39 INFO  com.ngj.rest.jaxrs.JerseyResource - register service : company
2016-03-11 15:34:39 INFO  com.ngj.rest.jaxrs.JerseyResource - register service : user
2016-03-11 15:39:56 INFO  com.ngj.resource.ResourceLoadUtils - service started at dev
2016-03-11 15:39:56 INFO  com.ngj.datasource.NgjDatasource - start datasource connect to jdbc:mysql://localhost:3306/ngj?autoReconnect=true
2016-03-11 15:39:56 INFO  c.alibaba.druid.pool.DruidDataSource - {dataSource-1} inited
2016-03-11 15:39:57 INFO  com.ngj.datasource.RedisClient - redis started connected to localhost:6379
2016-03-11 15:39:58 INFO  com.ngj.rest.jaxrs.JerseyResource - register service : company
2016-03-11 15:39:58 INFO  com.ngj.rest.jaxrs.JerseyResource - register service : user
2016-03-11 15:40:08 INFO  statistic - 1||com.ngj.rest.endpoint.UserEndpoint||getUsers||[0,200,null]||156
2016-03-11 17:00:56 INFO  com.ngj.resource.ResourceLoadUtils - service started at dev
2016-03-11 17:00:56 INFO  com.ngj.datasource.NgjDatasource - start datasource connect to jdbc:mysql://localhost:3306/ngj?autoReconnect=true
2016-03-11 17:00:57 INFO  c.alibaba.druid.pool.DruidDataSource - {dataSource-1} inited
2016-03-11 17:00:57 INFO  com.ngj.datasource.RedisClient - redis started connected to localhost:6379
2016-03-11 17:00:58 INFO  com.ngj.rest.jaxrs.JerseyResource - register service : company
2016-03-11 17:00:58 INFO  com.ngj.rest.jaxrs.JerseyResource - register service : user
2016-03-11 17:02:12 INFO  com.ngj.resource.ResourceLoadUtils - service started at dev
2016-03-11 17:02:12 INFO  com.ngj.datasource.NgjDatasource - start datasource connect to jdbc:mysql://localhost:3306/ngj?autoReconnect=true
2016-03-11 17:02:13 INFO  c.alibaba.druid.pool.DruidDataSource - {dataSource-1} inited
2016-03-11 17:02:13 INFO  com.ngj.datasource.RedisClient - redis started connected to localhost:6379
2016-03-11 17:02:14 INFO  com.ngj.rest.jaxrs.JerseyResource - register service : company
2016-03-11 17:02:14 INFO  com.ngj.rest.jaxrs.JerseyResource - register service : user
2016-03-11 17:02:49 INFO  com.ngj.resource.ResourceLoadUtils - service started at dev
2016-03-11 17:02:49 INFO  com.ngj.datasource.NgjDatasource - start datasource connect to jdbc:mysql://localhost:3306/ngj?autoReconnect=true
2016-03-11 17:02:50 INFO  c.alibaba.druid.pool.DruidDataSource - {dataSource-1} inited
2016-03-11 17:02:51 INFO  com.ngj.datasource.RedisClient - redis started connected to localhost:6379
2016-03-11 17:02:52 INFO  com.ngj.rest.jaxrs.JerseyResource - register service : company
2016-03-11 17:02:52 INFO  com.ngj.rest.jaxrs.JerseyResource - register service : user
2016-03-11 17:34:38 INFO  org.reflections.Reflections - Reflections took 38 ms to scan 1 urls, producing 16 keys and 26 values 
2016-03-11 17:39:27 INFO  com.ngj.resource.ResourceLoadUtils - service started at dev
2016-03-11 17:39:27 INFO  com.ngj.datasource.NgjDatasource - start datasource connect to jdbc:mysql://localhost:3306/ngj?autoReconnect=true
2016-03-11 17:39:28 INFO  c.alibaba.druid.pool.DruidDataSource - {dataSource-1} inited
2016-03-11 17:39:29 INFO  com.ngj.datasource.RedisClient - redis started connected to localhost:6379
2016-03-11 17:39:30 INFO  com.ngj.rest.jaxrs.JerseyResource - register service : company
2016-03-11 17:39:30 INFO  com.ngj.rest.jaxrs.JerseyResource - register service : user
2016-03-11 17:41:25 INFO  statistic - 1||com.ngj.rest.endpoint.UserEndpoint||getUsers||[0,200,2]||165
2016-03-11 17:50:18 INFO  com.ngj.resource.ResourceLoadUtils - service started at dev
2016-03-11 17:50:18 INFO  com.ngj.datasource.NgjDatasource - start datasource connect to jdbc:mysql://localhost:3306/ngj?autoReconnect=true
2016-03-11 17:50:19 INFO  c.alibaba.druid.pool.DruidDataSource - {dataSource-1} inited
2016-03-11 17:50:20 INFO  com.ngj.datasource.RedisClient - redis started connected to localhost:6379
2016-03-11 17:50:20 INFO  com.ngj.rest.jaxrs.JerseyResource - register service : company
2016-03-11 17:50:20 INFO  com.ngj.rest.jaxrs.JerseyResource - register service : user
2016-03-11 17:50:28 INFO  statistic - 1||com.ngj.rest.endpoint.UserEndpoint||getUsers||[0,200,2]||88
2016-03-11 17:53:44 INFO  statistic - 1||com.ngj.rest.endpoint.UserEndpoint||getUsers||[0,200,2]||4
2016-03-11 17:53:55 ERROR com.ngj.rest.jaxrs.UncaughtException - rest service error
org.springframework.jdbc.BadSqlGrammarException: 
### Error querying database.  Cause: com.mysql.jdbc.exceptions.jdbc4.MySQLSyntaxErrorException: Unknown column 'start' in 'where clause'
### The error may exist in com/ngj/user/mapper/CompanyMapper.java (best guess)
### The error may involve com.ngj.user.mapper.CompanyMapper.listCompany-Inline
### The error occurred while setting parameters
### SQL: select id,name,ctime,utime,maxUser,deadLine,status,domain from company  where id > start limit 0,?
### Cause: com.mysql.jdbc.exceptions.jdbc4.MySQLSyntaxErrorException: Unknown column 'start' in 'where clause'
; bad SQL grammar []; nested exception is com.mysql.jdbc.exceptions.jdbc4.MySQLSyntaxErrorException: Unknown column 'start' in 'where clause'
	at org.springframework.jdbc.support.SQLErrorCodeSQLExceptionTranslator.doTranslate(SQLErrorCodeSQLExceptionTranslator.java:231)
	at org.springframework.jdbc.support.AbstractFallbackSQLExceptionTranslator.translate(AbstractFallbackSQLExceptionTranslator.java:73)
	at org.mybatis.spring.MyBatisExceptionTranslator.translateExceptionIfPossible(MyBatisExceptionTranslator.java:73)
	at org.mybatis.spring.SqlSessionTemplate$SqlSessionInterceptor.invoke(SqlSessionTemplate.java:368)
	at com.sun.proxy.$Proxy28.selectList(Unknown Source)
	at org.mybatis.spring.SqlSessionTemplate.selectList(SqlSessionTemplate.java:198)
	at org.apache.ibatis.binding.MapperMethod.executeForMany(MapperMethod.java:122)
	at org.apache.ibatis.binding.MapperMethod.execute(MapperMethod.java:64)
	at org.apache.ibatis.binding.MapperProxy.invoke(MapperProxy.java:53)
	at com.sun.proxy.$Proxy35.listCompany(Unknown Source)
	at com.ngj.user.impl.CompanyServiceImpl.listCompany(CompanyServiceImpl.java:37)
	at com.ngj.rest.endpoint.CompanyEndpoint.listCompany(CompanyEndpoint.java:60)
	at com.ngj.rest.endpoint.CompanyEndpoint$$FastClassBySpringCGLIB$$1fbde709.invoke(<generated>)
	at org.springframework.cglib.proxy.MethodProxy.invoke(MethodProxy.java:204)
	at org.springframework.aop.framework.CglibAopProxy$CglibMethodInvocation.invokeJoinpoint(CglibAopProxy.java:720)
	at org.springframework.aop.framework.ReflectiveMethodInvocation.proceed(ReflectiveMethodInvocation.java:157)
	at org.springframework.aop.aspectj.MethodInvocationProceedingJoinPoint.proceed(MethodInvocationProceedingJoinPoint.java:97)
	at com.ngj.rest.aspect.ControllerAspect.doControllerAspect(ControllerAspect.java:103)
	at sun.reflect.NativeMethodAccessorImpl.invoke0(Native Method)
	at sun.reflect.NativeMethodAccessorImpl.invoke(NativeMethodAccessorImpl.java:62)
	at sun.reflect.DelegatingMethodAccessorImpl.invoke(DelegatingMethodAccessorImpl.java:43)
	at java.lang.reflect.Method.invoke(Method.java:497)
	at org.springframework.aop.aspectj.AbstractAspectJAdvice.invokeAdviceMethodWithGivenArgs(AbstractAspectJAdvice.java:620)
	at org.springframework.aop.aspectj.AbstractAspectJAdvice.invokeAdviceMethod(AbstractAspectJAdvice.java:609)
	at org.springframework.aop.aspectj.AspectJAroundAdvice.invoke(AspectJAroundAdvice.java:68)
	at org.springframework.aop.framework.ReflectiveMethodInvocation.proceed(ReflectiveMethodInvocation.java:179)
	at org.springframework.aop.interceptor.ExposeInvocationInterceptor.invoke(ExposeInvocationInterceptor.java:92)
	at org.springframework.aop.framework.ReflectiveMethodInvocation.proceed(ReflectiveMethodInvocation.java:179)
	at org.springframework.aop.framework.CglibAopProxy$DynamicAdvisedInterceptor.intercept(CglibAopProxy.java:655)
	at com.ngj.rest.endpoint.CompanyEndpoint$$EnhancerBySpringCGLIB$$35defcc4.listCompany(<generated>)
	at sun.reflect.NativeMethodAccessorImpl.invoke0(Native Method)
	at sun.reflect.NativeMethodAccessorImpl.invoke(NativeMethodAccessorImpl.java:62)
	at sun.reflect.DelegatingMethodAccessorImpl.invoke(DelegatingMethodAccessorImpl.java:43)
	at java.lang.reflect.Method.invoke(Method.java:497)
	at org.glassfish.jersey.server.model.internal.ResourceMethodInvocationHandlerFactory$1.invoke(ResourceMethodInvocationHandlerFactory.java:81)
	at org.glassfish.jersey.server.model.internal.AbstractJavaResourceMethodDispatcher$1.run(AbstractJavaResourceMethodDispatcher.java:164)
	at org.glassfish.jersey.server.model.internal.AbstractJavaResourceMethodDispatcher.invoke(AbstractJavaResourceMethodDispatcher.java:181)
	at org.glassfish.jersey.server.model.internal.JavaResourceMethodDispatcherProvider$TypeOutInvoker.doDispatch(JavaResourceMethodDispatcherProvider.java:203)
	at org.glassfish.jersey.server.model.internal.AbstractJavaResourceMethodDispatcher.dispatch(AbstractJavaResourceMethodDispatcher.java:101)
	at org.glassfish.jersey.server.model.ResourceMethodInvoker.invoke(ResourceMethodInvoker.java:389)
	at org.glassfish.jersey.server.model.ResourceMethodInvoker.apply(ResourceMethodInvoker.java:347)
	at org.glassfish.jersey.server.model.ResourceMethodInvoker.apply(ResourceMethodInvoker.java:102)
	at org.glassfish.jersey.server.ServerRuntime$2.run(ServerRuntime.java:305)
	at org.glassfish.jersey.internal.Errors$1.call(Errors.java:271)
	at org.glassfish.jersey.internal.Errors$1.call(Errors.java:267)
	at org.glassfish.jersey.internal.Errors.process(Errors.java:315)
	at org.glassfish.jersey.internal.Errors.process(Errors.java:297)
	at org.glassfish.jersey.internal.Errors.process(Errors.java:267)
	at org.glassfish.jersey.process.internal.RequestScope.runInScope(RequestScope.java:317)
	at org.glassfish.jersey.server.ServerRuntime.process(ServerRuntime.java:288)
	at org.glassfish.jersey.server.ApplicationHandler.handle(ApplicationHandler.java:1110)
	at org.glassfish.jersey.servlet.WebComponent.service(WebComponent.java:401)
	at org.glassfish.jersey.servlet.ServletContainer.service(ServletContainer.java:386)
	at org.glassfish.jersey.servlet.ServletContainer.service(ServletContainer.java:335)
	at org.glassfish.jersey.servlet.ServletContainer.service(ServletContainer.java:222)
	at org.eclipse.jetty.servlet.ServletHolder.handle(ServletHolder.java:806)
	at org.eclipse.jetty.servlet.ServletHandler$CachedChain.doFilter(ServletHandler.java:1669)
	at com.ngj.security.ExceptionFilter.doFilter(ExceptionFilter.java:30)
	at org.eclipse.jetty.servlet.ServletHandler$CachedChain.doFilter(ServletHandler.java:1652)
	at org.springframework.web.filter.CharacterEncodingFilter.doFilterInternal(CharacterEncodingFilter.java:121)
	at org.springframework.web.filter.OncePerRequestFilter.doFilter(OncePerRequestFilter.java:107)
	at org.eclipse.jetty.servlet.ServletHandler$CachedChain.doFilter(ServletHandler.java:1652)
	at org.eclipse.jetty.servlet.ServletHandler.doHandle(ServletHandler.java:585)
	at org.eclipse.jetty.server.handler.ScopedHandler.handle(ScopedHandler.java:143)
	at org.eclipse.jetty.security.SecurityHandler.handle(SecurityHandler.java:550)
	at org.eclipse.jetty.server.session.SessionHandler.doHandle(SessionHandler.java:223)
	at org.eclipse.jetty.server.handler.ContextHandler.doHandle(ContextHandler.java:1128)
	at org.eclipse.jetty.servlet.ServletHandler.doScope(ServletHandler.java:515)
	at org.eclipse.jetty.server.session.SessionHandler.doScope(SessionHandler.java:185)
	at org.eclipse.jetty.server.handler.ContextHandler.doScope(ContextHandler.java:1062)
	at org.eclipse.jetty.server.handler.ScopedHandler.handle(ScopedHandler.java:141)
	at org.eclipse.jetty.server.handler.ContextHandlerCollection.handle(ContextHandlerCollection.java:215)
	at org.eclipse.jetty.server.handler.HandlerCollection.handle(HandlerCollection.java:110)
	at org.eclipse.jetty.server.handler.HandlerWrapper.handle(HandlerWrapper.java:113)
	at org.eclipse.jetty.server.Server.handle(Server.java:507)
	at org.eclipse.jetty.server.HttpChannel.handle(HttpChannel.java:284)
	at org.eclipse.jetty.server.HttpConnection.onFillable(HttpConnection.java:237)
	at org.eclipse.jetty.io.AbstractConnection$ReadCallback.succeeded(AbstractConnection.java:240)
	at org.eclipse.jetty.io.FillInterest.fillable(FillInterest.java:93)
	at org.eclipse.jetty.io.SelectChannelEndPoint$2.run(SelectChannelEndPoint.java:53)
	at org.eclipse.jetty.util.thread.strategy.ExecuteProduceRun.produceAndRun(ExecuteProduceRun.java:191)
	at org.eclipse.jetty.util.thread.strategy.ExecuteProduceRun.run(ExecuteProduceRun.java:126)
	at org.eclipse.jetty.util.thread.QueuedThreadPool.runJob(QueuedThreadPool.java:641)
	at org.eclipse.jetty.util.thread.QueuedThreadPool$3.run(QueuedThreadPool.java:559)
	at java.lang.Thread.run(Thread.java:745)
Caused by: com.mysql.jdbc.exceptions.jdbc4.MySQLSyntaxErrorException: Unknown column 'start' in 'where clause'
	at sun.reflect.NativeConstructorAccessorImpl.newInstance0(Native Method)
	at sun.reflect.NativeConstructorAccessorImpl.newInstance(NativeConstructorAccessorImpl.java:62)
	at sun.reflect.DelegatingConstructorAccessorImpl.newInstance(DelegatingConstructorAccessorImpl.java:45)
	at java.lang.reflect.Constructor.newInstance(Constructor.java:422)
	at com.mysql.jdbc.Util.handleNewInstance(Util.java:411)
	at com.mysql.jdbc.Util.getInstance(Util.java:386)
	at com.mysql.jdbc.SQLError.createSQLException(SQLError.java:1052)
	at com.mysql.jdbc.MysqlIO.checkErrorPacket(MysqlIO.java:3609)
	at com.mysql.jdbc.MysqlIO.checkErrorPacket(MysqlIO.java:3541)
	at com.mysql.jdbc.MysqlIO.sendCommand(MysqlIO.java:2002)
	at com.mysql.jdbc.MysqlIO.sqlQueryDirect(MysqlIO.java:2163)
	at com.mysql.jdbc.ConnectionImpl.execSQL(ConnectionImpl.java:2624)
	at com.mysql.jdbc.PreparedStatement.executeInternal(PreparedStatement.java:2127)
	at com.mysql.jdbc.PreparedStatement.execute(PreparedStatement.java:1362)
	at com.alibaba.druid.filter.FilterChainImpl.preparedStatement_execute(FilterChainImpl.java:2931)
	at com.alibaba.druid.filter.FilterEventAdapter.preparedStatement_execute(FilterEventAdapter.java:440)
	at com.alibaba.druid.filter.FilterChainImpl.preparedStatement_execute(FilterChainImpl.java:2929)
	at com.alibaba.druid.proxy.jdbc.PreparedStatementProxyImpl.execute(PreparedStatementProxyImpl.java:131)
	at com.alibaba.druid.pool.DruidPooledPreparedStatement.execute(DruidPooledPreparedStatement.java:493)
	at org.apache.ibatis.executor.statement.PreparedStatementHandler.query(PreparedStatementHandler.java:62)
	at org.apache.ibatis.executor.statement.RoutingStatementHandler.query(RoutingStatementHandler.java:78)
	at org.apache.ibatis.executor.SimpleExecutor.doQuery(SimpleExecutor.java:62)
	at org.apache.ibatis.executor.BaseExecutor.queryFromDatabase(BaseExecutor.java:303)
	at org.apache.ibatis.executor.BaseExecutor.query(BaseExecutor.java:154)
	at org.apache.ibatis.executor.CachingExecutor.query(CachingExecutor.java:102)
	at org.apache.ibatis.executor.CachingExecutor.query(CachingExecutor.java:82)
	at org.apache.ibatis.session.defaults.DefaultSqlSession.selectList(DefaultSqlSession.java:120)
	at org.apache.ibatis.session.defaults.DefaultSqlSession.selectList(DefaultSqlSession.java:113)
	at sun.reflect.NativeMethodAccessorImpl.invoke0(Native Method)
	at sun.reflect.NativeMethodAccessorImpl.invoke(NativeMethodAccessorImpl.java:62)
	at sun.reflect.DelegatingMethodAccessorImpl.invoke(DelegatingMethodAccessorImpl.java:43)
	at java.lang.reflect.Method.invoke(Method.java:497)
	at org.mybatis.spring.SqlSessionTemplate$SqlSessionInterceptor.invoke(SqlSessionTemplate.java:358)
	... 81 common frames omitted
2016-03-11 17:55:18 INFO  com.ngj.resource.ResourceLoadUtils - service started at dev
2016-03-11 17:55:18 INFO  com.ngj.datasource.NgjDatasource - start datasource connect to jdbc:mysql://localhost:3306/ngj?autoReconnect=true
2016-03-11 17:55:19 INFO  c.alibaba.druid.pool.DruidDataSource - {dataSource-1} inited
2016-03-11 17:55:19 INFO  com.ngj.datasource.RedisClient - redis started connected to localhost:6379
2016-03-11 17:55:20 INFO  com.ngj.rest.jaxrs.JerseyResource - register service : company
2016-03-11 17:55:20 INFO  com.ngj.rest.jaxrs.JerseyResource - register service : user
2016-03-11 17:55:27 INFO  statistic - 1||com.ngj.rest.endpoint.CompanyEndpoint||listCompany||[0,200]||81
2016-03-11 18:07:26 INFO  com.ngj.resource.ResourceLoadUtils - service started at dev
2016-03-11 18:07:26 INFO  com.ngj.datasource.NgjDatasource - start datasource connect to jdbc:mysql://localhost:3306/ngj?autoReconnect=true
2016-03-11 18:07:27 INFO  c.alibaba.druid.pool.DruidDataSource - {dataSource-1} inited
2016-03-11 18:07:28 INFO  com.ngj.datasource.RedisClient - redis started connected to localhost:6379
2016-03-11 18:07:28 INFO  com.ngj.rest.jaxrs.JerseyResource - register service : company
2016-03-11 18:07:28 INFO  com.ngj.rest.jaxrs.JerseyResource - register service : user
2016-03-11 18:08:06 INFO  c.alibaba.druid.pool.DruidDataSource - {dataSource-1} closed
2016-03-11 18:08:16 INFO  com.ngj.resource.ResourceLoadUtils - service started at dev
2016-03-11 18:08:16 INFO  com.ngj.datasource.NgjDatasource - start datasource connect to jdbc:mysql://localhost:3306/ngj?autoReconnect=true
2016-03-11 18:08:17 INFO  com.ngj.resource.ResourceLoadUtils - service started at dev
2016-03-11 18:08:17 INFO  com.ngj.datasource.NgjDatasource - start datasource connect to jdbc:mysql://localhost:3306/ngj?autoReconnect=true
2016-03-11 18:08:18 INFO  c.alibaba.druid.pool.DruidDataSource - {dataSource-1} inited
2016-03-11 18:08:18 INFO  c.alibaba.druid.pool.DruidDataSource - {dataSource-1} inited
2016-03-11 18:08:18 INFO  com.ngj.datasource.RedisClient - redis started connected to localhost:6379
2016-03-11 18:08:19 INFO  com.ngj.datasource.RedisClient - redis started connected to localhost:6379
2016-03-11 18:08:19 INFO  com.ngj.rest.jaxrs.JerseyResource - register service : company
2016-03-11 18:08:19 INFO  com.ngj.rest.jaxrs.JerseyResource - register service : user
2016-03-11 18:08:20 INFO  com.ngj.rest.jaxrs.JerseyResource - register service : company
2016-03-11 18:08:20 INFO  com.ngj.rest.jaxrs.JerseyResource - register service : user
2016-03-11 18:08:41 INFO  com.ngj.resource.ResourceLoadUtils - service started at dev
2016-03-11 18:08:41 INFO  com.ngj.datasource.NgjDatasource - start datasource connect to jdbc:mysql://localhost:3306/ngj?autoReconnect=true
2016-03-11 18:08:42 INFO  c.alibaba.druid.pool.DruidDataSource - {dataSource-1} inited
2016-03-11 18:08:42 INFO  com.ngj.datasource.RedisClient - redis started connected to localhost:6379
2016-03-11 18:08:43 INFO  com.ngj.rest.jaxrs.JerseyResource - register service : company
2016-03-11 18:08:43 INFO  com.ngj.rest.jaxrs.JerseyResource - register service : user
2016-03-11 18:08:57 INFO  statistic - 8||com.ngj.rest.endpoint.UserEndpoint||getUsers||[0,200,2]||5
2016-03-11 18:13:56 INFO  c.alibaba.druid.pool.DruidDataSource - {dataSource-1} closed
2016-03-11 18:14:01 INFO  com.ngj.resource.ResourceLoadUtils - service started at dev
2016-03-11 18:14:01 INFO  com.ngj.datasource.NgjDatasource - start datasource connect to jdbc:mysql://localhost:3306/ngj?autoReconnect=true
2016-03-11 18:14:02 INFO  c.alibaba.druid.pool.DruidDataSource - {dataSource-1} inited
2016-03-11 18:14:02 INFO  com.ngj.datasource.RedisClient - redis started connected to localhost:6379
2016-03-11 18:14:03 INFO  com.ngj.rest.jaxrs.JerseyResource - register service : company
2016-03-11 18:14:03 INFO  com.ngj.rest.jaxrs.JerseyResource - register service : user
2016-03-11 18:14:29 INFO  c.alibaba.druid.pool.DruidDataSource - {dataSource-1} closed
2016-03-11 18:14:34 INFO  com.ngj.resource.ResourceLoadUtils - service started at dev
2016-03-11 18:14:34 INFO  com.ngj.datasource.NgjDatasource - start datasource connect to jdbc:mysql://localhost:3306/ngj?autoReconnect=true
2016-03-11 18:14:35 INFO  c.alibaba.druid.pool.DruidDataSource - {dataSource-1} inited
2016-03-11 18:14:36 INFO  com.ngj.datasource.RedisClient - redis started connected to localhost:6379
2016-03-11 18:14:38 INFO  com.ngj.rest.jaxrs.JerseyResource - register service : company
2016-03-11 18:14:38 INFO  com.ngj.rest.jaxrs.JerseyResource - register service : user
2016-03-11 18:14:48 INFO  com.ngj.resource.ResourceLoadUtils - service started at dev
2016-03-11 18:14:48 INFO  com.ngj.datasource.NgjDatasource - start datasource connect to jdbc:mysql://localhost:3306/ngj?autoReconnect=true
2016-03-11 18:14:48 INFO  c.alibaba.druid.pool.DruidDataSource - {dataSource-1} inited
2016-03-11 18:14:49 INFO  com.ngj.datasource.RedisClient - redis started connected to localhost:6379
2016-03-11 18:14:50 INFO  com.ngj.rest.jaxrs.JerseyResource - register service : company
2016-03-11 18:14:50 INFO  com.ngj.rest.jaxrs.JerseyResource - register service : user
2016-03-11 18:15:10 INFO  com.ngj.resource.ResourceLoadUtils - service started at dev
2016-03-11 18:15:10 INFO  com.ngj.datasource.NgjDatasource - start datasource connect to jdbc:mysql://localhost:3306/ngj?autoReconnect=true
2016-03-11 18:15:11 INFO  c.alibaba.druid.pool.DruidDataSource - {dataSource-1} inited
2016-03-11 18:15:11 INFO  com.ngj.datasource.RedisClient - redis started connected to localhost:6379
2016-03-11 18:15:12 INFO  com.ngj.rest.jaxrs.JerseyResource - register service : company
2016-03-11 18:15:12 INFO  com.ngj.rest.jaxrs.JerseyResource - register service : user
2016-03-11 18:15:20 INFO  statistic - 8||com.ngj.rest.endpoint.UserEndpoint||getUsers||[0,200,2]||92
2016-03-11 18:15:44 INFO  statistic - 1||com.ngj.rest.endpoint.UserEndpoint||getUsers||[0,200,2]||5
2016-03-11 18:15:53 INFO  statistic - 1||com.ngj.rest.endpoint.CompanyEndpoint||listCompany||[0,200]||18
2016-03-11 18:19:51 INFO  com.ngj.resource.ResourceLoadUtils - service started at dev
2016-03-11 18:19:51 INFO  com.ngj.datasource.NgjDatasource - start datasource connect to jdbc:mysql://localhost:3306/ngj?autoReconnect=true
2016-03-11 18:19:52 INFO  c.alibaba.druid.pool.DruidDataSource - {dataSource-1} inited
2016-03-11 18:19:52 INFO  com.ngj.datasource.RedisClient - redis started connected to localhost:6379
2016-03-11 18:19:53 INFO  com.ngj.rest.jaxrs.JerseyResource - register service : company
2016-03-11 18:19:53 INFO  com.ngj.rest.jaxrs.JerseyResource - register service : user
2016-03-11 18:22:26 INFO  c.alibaba.druid.pool.DruidDataSource - {dataSource-1} closed
2016-03-11 18:22:36 INFO  com.ngj.resource.ResourceLoadUtils - service started at dev
2016-03-11 18:22:36 INFO  com.ngj.datasource.NgjDatasource - start datasource connect to jdbc:mysql://localhost:3306/ngj?autoReconnect=true
2016-03-11 18:22:36 INFO  c.alibaba.druid.pool.DruidDataSource - {dataSource-1} inited
2016-03-11 18:22:37 INFO  com.ngj.datasource.RedisClient - redis started connected to localhost:6379
2016-03-11 18:22:39 INFO  com.ngj.rest.jaxrs.JerseyResource - register service : company
2016-03-11 18:22:39 INFO  com.ngj.rest.jaxrs.JerseyResource - register service : user
2016-03-11 18:22:39 INFO  com.ngj.resource.ResourceLoadUtils - service started at dev
2016-03-11 18:22:39 INFO  com.ngj.datasource.NgjDatasource - start datasource connect to jdbc:mysql://localhost:3306/ngj?autoReconnect=true
2016-03-11 18:22:40 INFO  c.alibaba.druid.pool.DruidDataSource - {dataSource-1} closed
2016-03-11 18:22:40 INFO  c.alibaba.druid.pool.DruidDataSource - {dataSource-1} inited
2016-03-11 18:22:41 INFO  com.ngj.datasource.RedisClient - redis started connected to localhost:6379
2016-03-11 18:22:44 INFO  com.ngj.rest.jaxrs.JerseyResource - register service : company
2016-03-11 18:22:44 INFO  com.ngj.rest.jaxrs.JerseyResource - register service : user
2016-03-11 18:22:47 INFO  com.ngj.resource.ResourceLoadUtils - service started at dev
2016-03-11 18:22:47 INFO  com.ngj.datasource.NgjDatasource - start datasource connect to jdbc:mysql://localhost:3306/ngj?autoReconnect=true
2016-03-11 18:22:48 INFO  c.alibaba.druid.pool.DruidDataSource - {dataSource-1} inited
2016-03-11 18:22:48 INFO  com.ngj.datasource.RedisClient - redis started connected to localhost:6379
2016-03-11 18:22:49 INFO  com.ngj.rest.jaxrs.JerseyResource - register service : company
2016-03-11 18:22:49 INFO  com.ngj.rest.jaxrs.JerseyResource - register service : user
2016-03-11 18:23:26 INFO  com.ngj.resource.ResourceLoadUtils - service started at dev
2016-03-11 18:23:26 INFO  com.ngj.datasource.NgjDatasource - start datasource connect to jdbc:mysql://localhost:3306/ngj?autoReconnect=true
2016-03-11 18:23:27 INFO  c.alibaba.druid.pool.DruidDataSource - {dataSource-1} inited
2016-03-11 18:23:28 INFO  com.ngj.datasource.RedisClient - redis started connected to localhost:6379
2016-03-11 18:23:28 INFO  com.ngj.rest.jaxrs.JerseyResource - register service : company
2016-03-11 18:23:28 INFO  com.ngj.rest.jaxrs.JerseyResource - register service : user
2016-03-11 18:39:31 INFO  c.alibaba.druid.pool.DruidDataSource - {dataSource-1} closed
2016-03-11 18:44:10 INFO  com.ngj.resource.ResourceLoadUtils - service started at dev
2016-03-11 18:44:10 INFO  com.ngj.datasource.NgjDatasource - start datasource connect to jdbc:mysql://localhost:3306/ngj?autoReconnect=true
2016-03-11 18:44:11 INFO  c.alibaba.druid.pool.DruidDataSource - {dataSource-1} inited
2016-03-11 18:44:12 INFO  com.ngj.datasource.RedisClient - redis started connected to localhost:6379
2016-03-11 18:44:12 INFO  com.ngj.rest.jaxrs.JerseyResource - register service : company
2016-03-11 18:44:12 INFO  com.ngj.rest.jaxrs.JerseyResource - register service : user
