
2016-03-11 10:13:27 INFO  com.ngj.resource.ResourceLoadUtils - service started at dev
2016-03-11 10:13:27 INFO  com.ngj.datasource.NgjDatasource - start datasource connect to jdbc:mysql://localhost:3306/ngj?autoReconnect=true
2016-03-11 10:13:28 INFO  c.alibaba.druid.pool.DruidDataSource - {dataSource-1} inited
2016-03-11 10:13:28 INFO  com.ngj.datasource.RedisClient - redis started connected to localhost:6379
2016-03-11 10:13:29 INFO  com.ngj.rest.jaxrs.JerseyResource - register service : company
2016-03-11 10:13:29 INFO  com.ngj.rest.jaxrs.JerseyResource - register service : user
2016-03-11 10:13:44 INFO  statistic - 1||com.ngj.rest.endpoint.UserEndpoint||getUsers||[0,200]||96
2016-03-11 10:44:29 INFO  com.ngj.resource.ResourceLoadUtils - service started at dev
2016-03-11 10:44:29 INFO  com.ngj.datasource.NgjDatasource - start datasource connect to jdbc:mysql://localhost:3306/ngj?autoReconnect=true
2016-03-11 10:44:30 INFO  c.alibaba.druid.pool.DruidDataSource - {dataSource-1} inited
2016-03-11 10:44:30 INFO  com.ngj.datasource.RedisClient - redis started connected to localhost:6379
2016-03-11 10:44:31 INFO  com.ngj.rest.jaxrs.JerseyResource - register service : company
2016-03-11 10:44:31 INFO  com.ngj.rest.jaxrs.JerseyResource - register service : user
2016-03-11 10:44:47 INFO  statistic - 1||com.ngj.rest.endpoint.UserEndpoint||getUsers||[0,200]||108
2016-03-11 10:45:10 INFO  statistic - 1||com.ngj.rest.endpoint.UserEndpoint||getUsers||[0,200]||4
2016-03-11 10:45:11 INFO  statistic - 1||com.ngj.rest.endpoint.UserEndpoint||getUsers||[0,200]||9
2016-03-11 10:45:13 INFO  statistic - 1||com.ngj.rest.endpoint.UserEndpoint||getUsers||[0,200]||3
2016-03-11 10:45:38 INFO  com.ngj.resource.ResourceLoadUtils - service started at dev
2016-03-11 10:45:38 INFO  com.ngj.datasource.NgjDatasource - start datasource connect to jdbc:mysql://localhost:3306/ngj?autoReconnect=true
2016-03-11 10:45:39 INFO  c.alibaba.druid.pool.DruidDataSource - {dataSource-1} inited
2016-03-11 10:45:39 INFO  com.ngj.datasource.RedisClient - redis started connected to localhost:6379
2016-03-11 10:45:40 INFO  com.ngj.rest.jaxrs.JerseyResource - register service : company
2016-03-11 10:45:40 INFO  com.ngj.rest.jaxrs.JerseyResource - register service : user
2016-03-11 10:46:26 INFO  com.ngj.resource.ResourceLoadUtils - service started at dev
2016-03-11 10:46:26 INFO  com.ngj.datasource.NgjDatasource - start datasource connect to jdbc:mysql://localhost:3306/ngj?autoReconnect=true
2016-03-11 10:46:27 INFO  c.alibaba.druid.pool.DruidDataSource - {dataSource-1} inited
2016-03-11 10:46:28 INFO  com.ngj.datasource.RedisClient - redis started connected to localhost:6379
2016-03-11 10:46:29 INFO  com.ngj.rest.jaxrs.JerseyResource - register service : company
2016-03-11 10:46:29 INFO  com.ngj.rest.jaxrs.JerseyResource - register service : user
2016-03-11 10:56:05 INFO  statistic - 1||com.ngj.rest.endpoint.UserEndpoint||getUsers||[0,200]||130
2016-03-11 10:56:06 INFO  statistic - 1||com.ngj.rest.endpoint.UserEndpoint||getUsers||[0,200]||7
2016-03-11 10:56:08 INFO  statistic - 1||com.ngj.rest.endpoint.UserEndpoint||getUsers||[0,200]||6
2016-03-11 10:56:09 INFO  statistic - 1||com.ngj.rest.endpoint.UserEndpoint||getUsers||[0,200]||6
2016-03-11 10:57:35 INFO  statistic - 1||com.ngj.rest.endpoint.UserEndpoint||getUsers||[0,200]||150
2016-03-11 11:24:34 INFO  statistic - 1||com.ngj.rest.endpoint.UserEndpoint||getUsers||[0,200,null]||103
2016-03-11 11:25:16 INFO  statistic - 1||com.ngj.rest.endpoint.UserEndpoint||getUsers||[0,200,null]||194
2016-03-11 11:47:53 INFO  statistic - 1||com.ngj.rest.endpoint.UserEndpoint||getUsers||[0,200,null]||2970
2016-03-11 11:49:35 INFO  statistic - 1||com.ngj.rest.endpoint.UserEndpoint||getUsers||[0,200,null]||2915
2016-03-11 11:58:15 INFO  statistic - 1||com.ngj.rest.endpoint.UserEndpoint||getUsers||[0,200,null]||4654
2016-03-11 12:03:04 INFO  statistic - 1||com.ngj.rest.endpoint.UserEndpoint||getUsers||[0,200,null]||6581
2016-03-11 12:25:37 INFO  statistic - 1||com.ngj.rest.endpoint.UserEndpoint||getUsers||[0,200,null]||18
2016-03-11 12:36:04 INFO  statistic - 1||com.ngj.rest.endpoint.UserEndpoint||getUsers||[0,200,null]||8
2016-03-11 12:36:29 INFO  statistic - 1||com.ngj.rest.endpoint.UserEndpoint||getUsers||[0,200,null]||5
2016-03-11 14:46:55 INFO  statistic - 1||com.ngj.rest.endpoint.UserEndpoint||getUsers||[0,200,null]||252
2016-03-11 15:40:08 INFO  statistic - 1||com.ngj.rest.endpoint.UserEndpoint||getUsers||[0,200,null]||156
2016-03-11 17:41:25 INFO  statistic - 1||com.ngj.rest.endpoint.UserEndpoint||getUsers||[0,200,2]||165
2016-03-11 17:50:28 INFO  statistic - 1||com.ngj.rest.endpoint.UserEndpoint||getUsers||[0,200,2]||88
2016-03-11 17:53:44 INFO  statistic - 1||com.ngj.rest.endpoint.UserEndpoint||getUsers||[0,200,2]||4
2016-03-11 17:55:27 INFO  statistic - 1||com.ngj.rest.endpoint.CompanyEndpoint||listCompany||[0,200]||81
2016-03-11 18:08:57 INFO  statistic - 8||com.ngj.rest.endpoint.UserEndpoint||getUsers||[0,200,2]||5
2016-03-11 18:15:20 INFO  statistic - 8||com.ngj.rest.endpoint.UserEndpoint||getUsers||[0,200,2]||92
2016-03-11 18:15:44 INFO  statistic - 1||com.ngj.rest.endpoint.UserEndpoint||getUsers||[0,200,2]||5
2016-03-11 18:15:53 INFO  statistic - 1||com.ngj.rest.endpoint.CompanyEndpoint||listCompany||[0,200]||18
