2016-06-04 00:05:04 INFO  statistic - 35||com.ngj.rest.endpoint.DataEndpoint||getData||[3,25,35]||9
2016-06-04 00:05:04 INFO  statistic - 35||com.ngj.rest.endpoint.DataEndpoint||getData||[null,25,35]||0
2016-06-04 00:05:04 INFO  statistic - 35||com.ngj.rest.endpoint.UserEndpoint||getMenuByUser||[35]||52
2016-06-04 00:05:08 INFO  statistic - 35||com.ngj.rest.endpoint.DataEndpoint||getData||[3,25,35]||5
2016-06-04 00:05:08 INFO  statistic - 35||com.ngj.rest.endpoint.DataEndpoint||getData||[3,25,35]||2
2016-06-04 00:52:30 INFO  statistic - 35||com.ngj.rest.endpoint.DataEndpoint||getData||[3,25,35]||338
2016-06-04 00:52:30 INFO  statistic - 35||com.ngj.rest.endpoint.DataEndpoint||getData||[null,25,35]||0
2016-06-04 00:53:35 INFO  statistic - 35||com.ngj.rest.endpoint.CompanyEndpoint||listCompany||[]||10
2016-06-04 00:53:35 INFO  statistic - 35||com.ngj.rest.endpoint.DataEndpoint||getData||[3,25,35]||21
2016-06-04 00:53:35 INFO  statistic - 35||com.ngj.rest.endpoint.UserEndpoint||getMenuByUser||[35]||89
2016-06-04 00:53:36 INFO  statistic - 35||com.ngj.rest.endpoint.DataEndpoint||getData||[null,25,35]||0
2016-06-04 01:40:58 INFO  statistic - 35||com.ngj.rest.endpoint.DataEndpoint||getData||[3,25,35]||112
2016-06-04 01:40:58 INFO  statistic - 35||com.ngj.rest.endpoint.DataEndpoint||getData||[3,25,35]||2
2016-06-04 01:41:30 INFO  statistic - 35||com.ngj.rest.endpoint.DataEndpoint||getData||[3,25,35]||3
2016-06-04 01:41:30 INFO  statistic - 35||com.ngj.rest.endpoint.DataEndpoint||getData||[4,25,35]||123
2016-06-04 01:41:57 INFO  statistic - 35||com.ngj.rest.endpoint.DataEndpoint||getData||[3,25,35]||7
2016-06-04 01:41:57 INFO  statistic - 35||com.ngj.rest.endpoint.CompanyEndpoint||listCompany||[]||7
2016-06-04 01:41:57 INFO  statistic - 35||com.ngj.rest.endpoint.UserEndpoint||getMenuByUser||[35]||42
2016-06-04 01:41:57 INFO  statistic - 35||com.ngj.rest.endpoint.DataEndpoint||getData||[4,25,35]||2
2016-06-04 01:46:31 INFO  statistic - 35||com.ngj.rest.endpoint.DataEndpoint||getData||[3,25,35]||5
2016-06-04 01:46:31 INFO  statistic - 35||com.ngj.rest.endpoint.DataEndpoint||getData||[3,25,35]||3
2016-06-04 15:21:31 INFO  statistic - 35||com.ngj.rest.endpoint.DataEndpoint||getData||[3,25,35]||60
2016-06-04 15:21:31 INFO  statistic - 35||com.ngj.rest.endpoint.CompanyEndpoint||listCompany||[]||55
2016-06-04 15:21:31 INFO  statistic - 35||com.ngj.rest.endpoint.UserEndpoint||getMenuByUser||[35]||111
2016-06-04 15:21:31 INFO  statistic - 35||com.ngj.rest.endpoint.DataEndpoint||getData||[null,25,35]||0
2016-06-04 15:22:20 INFO  statistic - 35||com.ngj.rest.endpoint.DataEndpoint||getData||[3,25,35]||3
2016-06-04 15:22:20 INFO  statistic - 35||com.ngj.rest.endpoint.DataEndpoint||getData||[3,25,35]||2
2016-06-04 15:22:21 INFO  statistic - 35||com.ngj.rest.endpoint.DataEndpoint||getData||[3,25,35]||2
2016-06-04 15:22:21 INFO  statistic - 35||com.ngj.rest.endpoint.DataEndpoint||getData||[5,25,35]||37
2016-06-04 15:22:21 INFO  statistic - 35||com.ngj.rest.endpoint.DataEndpoint||getData||[3,25,35]||4
2016-06-04 15:22:21 INFO  statistic - 35||com.ngj.rest.endpoint.DataEndpoint||getData||[7,25,35]||3
2016-06-04 15:22:23 INFO  statistic - 35||com.ngj.rest.endpoint.DataEndpoint||getData||[3,25,35]||3
2016-06-04 15:22:23 INFO  statistic - 35||com.ngj.rest.endpoint.DataEndpoint||getData||[11,25,35]||62
2016-06-04 15:22:24 INFO  statistic - 35||com.ngj.rest.endpoint.DataEndpoint||getData||[3,25,35]||3
2016-06-04 15:22:24 INFO  statistic - 35||com.ngj.rest.endpoint.DataEndpoint||getData||[12,25,35]||2
2016-06-04 15:22:25 INFO  statistic - 35||com.ngj.rest.endpoint.DataEndpoint||getData||[3,25,35]||3
2016-06-04 15:22:25 INFO  statistic - 35||com.ngj.rest.endpoint.DataEndpoint||getData||[15,25,35]||4
2016-06-04 15:22:26 INFO  statistic - 35||com.ngj.rest.endpoint.DataEndpoint||getData||[3,25,35]||2
2016-06-04 15:22:26 INFO  statistic - 35||com.ngj.rest.endpoint.DataEndpoint||getData||[17,25,35]||5
2016-06-04 15:22:27 INFO  statistic - 35||com.ngj.rest.endpoint.DataEndpoint||getData||[3,25,35]||8
2016-06-04 15:22:27 INFO  statistic - 35||com.ngj.rest.endpoint.DataEndpoint||getData||[15,25,35]||2
2016-06-04 15:22:29 INFO  statistic - 35||com.ngj.rest.endpoint.DataEndpoint||getData||[3,25,35]||5
2016-06-04 15:22:29 INFO  statistic - 35||com.ngj.rest.endpoint.DataEndpoint||getData||[17,25,35]||2
2016-06-04 15:22:30 INFO  statistic - 35||com.ngj.rest.endpoint.DataEndpoint||getData||[3,25,35]||3
2016-06-04 15:22:30 INFO  statistic - 35||com.ngj.rest.endpoint.DataEndpoint||getData||[16,25,35]||3
2016-06-04 15:22:32 INFO  statistic - 35||com.ngj.rest.endpoint.DataEndpoint||getData||[3,25,35]||4
2016-06-04 15:22:32 INFO  statistic - 35||com.ngj.rest.endpoint.DataEndpoint||getData||[17,25,35]||3
2016-06-04 15:22:35 INFO  statistic - 35||com.ngj.rest.endpoint.RoleEndpoint||getRole||[35]||49
2016-06-04 15:22:35 INFO  statistic - 35||com.ngj.rest.endpoint.RoleEndpoint||get||[31]||1
2016-06-04 15:22:37 INFO  statistic - 35||com.ngj.rest.endpoint.UserEndpoint||getUsers||[null,null,25]||7
2016-06-04 15:22:37 INFO  statistic - 35||com.ngj.rest.endpoint.UserEndpoint||getUserByGroup||[31]||6
